#
# A fatal error has been detected by the Java Runtime Environment:
#
#  Internal Error (./open/src/hotspot/share/interpreter/oopMapCache.cpp:111), pid=17000, tid=11276
#  Error: ShouldNotReachHere()
#
# JRE version: Java(TM) SE Runtime Environment (14.0.2+12) (build 14.0.2+12-46)
# Java VM: Java HotSpot(TM) 64-Bit Server VM (14.0.2+12-46, mixed mode, sharing, tiered, compressed oops, g1 gc, windows-amd64)
# No core dump will be written. Minidumps are not enabled by default on client versions of Windows
#
# If you would like to submit a bug report, please visit:
#   https://bugreport.java.com/bugreport/crash.jsp
#

---------------  S U M M A R Y ------------

Command Line: -agentlib:jdwp=transport=dt_socket,suspend=y,address=localhost:52218 -javaagent:E:\Softwares\eclipse-IDE\eclipse\configuration\org.eclipse.osgi\222\0\.cp\lib\javaagent-shaded.jar -Dfile.encoding=UTF-8 com.RINEX_parser.MainApp

Host: Intel(R) Core(TM) i5-6200U CPU @ 2.30GHz, 4 cores, 7G,  Windows 10 , 64 bit Build 18362 (10.0.18362.1)
Time: Fri Jul  2 13:53:38 2021 India Standard Time elapsed time: 89 seconds (0d 0h 1m 29s)

---------------  T H R E A D  ---------------

Current thread (0x00000295573f1800):  JavaThread "JDWP Transport Listener: dt_socket" daemon [_thread_in_vm, id=11276, stack(0x000000e7cfd00000,0x000000e7cfe00000)] _threads_hazard_ptr=0x0000029557e4c190

Stack: [0x000000e7cfd00000,0x000000e7cfe00000]
Native frames: (J=compiled Java code, j=interpreted, Vv=VM code, C=native code)
V  [jvm.dll+0x5f8a9a]
V  [jvm.dll+0x74247a]
V  [jvm.dll+0x743c2f]
V  [jvm.dll+0x744227]
V  [jvm.dll+0x20d20c]
V  [jvm.dll+0x20d173]
V  [jvm.dll+0x5e7b7f]
V  [jvm.dll+0x5e78dd]
V  [jvm.dll+0x5af8e3]
V  [jvm.dll+0x739aef]
V  [jvm.dll+0x4bee61]
V  [jvm.dll+0x74908b]
V  [jvm.dll+0x4a534b]
V  [jvm.dll+0x46f2cb]
C  [jdwp.dll+0x7d07]


---------------  P R O C E S S  ---------------

Threads class SMR info:
_java_thread_list=0x0000029557e4c190, length=14, elements={
0x00000295360bf800, 0x0000029556829000, 0x000002955682a800, 0x0000029556841000,
0x0000029556844000, 0x0000029556846000, 0x000002955684b800, 0x000002955715a800,
0x000002955715f000, 0x000002955680e800, 0x00000295573f1800, 0x00000295572ca000,
0x0000029557339000, 0x0000029557938800
}

Java Threads: ( => current thread )
  0x00000295360bf800 JavaThread "main" [_thread_blocked, id=18624, stack(0x000000e7ced00000,0x000000e7cee00000)]
  0x0000029556829000 JavaThread "Reference Handler" daemon [_thread_blocked, id=17324, stack(0x000000e7cf400000,0x000000e7cf500000)]
  0x000002955682a800 JavaThread "Finalizer" daemon [_thread_blocked, id=7084, stack(0x000000e7cf500000,0x000000e7cf600000)]
  0x0000029556841000 JavaThread "Signal Dispatcher" daemon [_thread_blocked, id=12352, stack(0x000000e7cf600000,0x000000e7cf700000)]
  0x0000029556844000 JavaThread "Attach Listener" daemon [_thread_blocked, id=18264, stack(0x000000e7cf700000,0x000000e7cf800000)]
  0x0000029556846000 JavaThread "Service Thread" daemon [_thread_blocked, id=2472, stack(0x000000e7cf800000,0x000000e7cf900000)]
  0x000002955684b800 JavaThread "C2 CompilerThread0" daemon [_thread_blocked, id=4792, stack(0x000000e7cf900000,0x000000e7cfa00000)]
  0x000002955715a800 JavaThread "C1 CompilerThread0" daemon [_thread_blocked, id=6600, stack(0x000000e7cfa00000,0x000000e7cfb00000)]
  0x000002955715f000 JavaThread "Sweeper thread" daemon [_thread_blocked, id=11096, stack(0x000000e7cfb00000,0x000000e7cfc00000)]
  0x000002955680e800 JavaThread "Common-Cleaner" daemon [_thread_blocked, id=14620, stack(0x000000e7cfc00000,0x000000e7cfd00000)]
=>0x00000295573f1800 JavaThread "JDWP Transport Listener: dt_socket" daemon [_thread_in_vm, id=11276, stack(0x000000e7cfd00000,0x000000e7cfe00000)] _threads_hazard_ptr=0x0000029557e4c190
  0x00000295572ca000 JavaThread "JDWP Event Helper Thread" daemon [_thread_blocked, id=17008, stack(0x000000e7cfe00000,0x000000e7cff00000)]
  0x0000029557339000 JavaThread "JDWP Command Reader" daemon [_thread_in_native, id=14852, stack(0x000000e7cff00000,0x000000e7d0000000)]
  0x0000029557938800 JavaThread "Notification Thread" daemon [_thread_blocked, id=4832, stack(0x000000e7d0100000,0x000000e7d0200000)]

Other Threads:
  0x0000029556826800 VMThread "VM Thread" [stack: 0x000000e7cf300000,0x000000e7cf400000] [id=8668]
  0x0000029557966000 WatcherThread [stack: 0x000000e7d0200000,0x000000e7d0300000] [id=14996]
  0x0000029536104000 GCTaskThread "GC Thread#0" [stack: 0x000000e7cee00000,0x000000e7cef00000] [id=19120]
  0x0000029557abf000 GCTaskThread "GC Thread#1" [stack: 0x000000e7d0300000,0x000000e7d0400000] [id=18376]
  0x0000029557d19800 GCTaskThread "GC Thread#2" [stack: 0x000000e7d0400000,0x000000e7d0500000] [id=11756]
  0x0000029536115800 ConcurrentGCThread "G1 Main Marker" [stack: 0x000000e7cef00000,0x000000e7cf000000] [id=1508]
  0x0000029536117000 ConcurrentGCThread "G1 Conc#0" [stack: 0x000000e7cf000000,0x000000e7cf100000] [id=17080]
  0x000002955669a800 ConcurrentGCThread "G1 Refine#0" [stack: 0x000000e7cf100000,0x000000e7cf200000] [id=19572]
  0x000002955669b800 ConcurrentGCThread "G1 Young RemSet Sampling" [stack: 0x000000e7cf200000,0x000000e7cf300000] [id=17844]

Threads with active compile tasks:

VM state:not at safepoint (normal execution)

VM Mutex/Monitor currently owned by a thread: None

Heap address: 0x0000000081a00000, size: 2022 MB, Compressed Oops mode: 32-bit
Narrow klass base: 0x0000000800000000, Narrow klass shift: 3
Compressed class space size: 1073741824 Address: 0x0000000800b30000

Heap:
 garbage-first heap   total 119808K, used 79146K [0x0000000081a00000, 0x0000000100000000)
  region size 1024K, 51 young (52224K), 5 survivors (5120K)
 Metaspace       used 4834K, capacity 5587K, committed 5760K, reserved 1056768K
  class space    used 409K, capacity 518K, committed 640K, reserved 1048576K
Heap Regions: E=young(eden), S=young(survivor), O=old, HS=humongous(starts), HC=humongous(continues), CS=collection set, F=free, OA=open archive, CA=closed archive, TAMS=top-at-mark-start (previous, next)
|   0|0x0000000081a00000, 0x0000000081b00000, 0x0000000081b00000|100%| O|  |TAMS 0x0000000081a00000, 0x0000000081a00000| Untracked 
|   1|0x0000000081b00000, 0x0000000081c00000, 0x0000000081c00000|100%| O|  |TAMS 0x0000000081b00000, 0x0000000081b00000| Untracked 
|   2|0x0000000081c00000, 0x0000000081d00000, 0x0000000081d00000|100%| O|  |TAMS 0x0000000081c00000, 0x0000000081c00000| Untracked 
|   3|0x0000000081d00000, 0x0000000081da4e00, 0x0000000081e00000| 64%| O|  |TAMS 0x0000000081d00000, 0x0000000081d00000| Untracked 
|   4|0x0000000081e00000, 0x0000000081e00000, 0x0000000081f00000|  0%| F|  |TAMS 0x0000000081e00000, 0x0000000081e00000| Untracked 
|   5|0x0000000081f00000, 0x0000000081f00000, 0x0000000082000000|  0%| F|  |TAMS 0x0000000081f00000, 0x0000000081f00000| Untracked 
|   6|0x0000000082000000, 0x0000000082000000, 0x0000000082100000|  0%| F|  |TAMS 0x0000000082000000, 0x0000000082000000| Untracked 
|   7|0x0000000082100000, 0x0000000082100000, 0x0000000082200000|  0%| F|  |TAMS 0x0000000082100000, 0x0000000082100000| Untracked 
|   8|0x0000000082200000, 0x0000000082200000, 0x0000000082300000|  0%| F|  |TAMS 0x0000000082200000, 0x0000000082200000| Untracked 
|   9|0x0000000082300000, 0x0000000082300000, 0x0000000082400000|  0%| F|  |TAMS 0x0000000082300000, 0x0000000082300000| Untracked 
|  10|0x0000000082400000, 0x0000000082400000, 0x0000000082500000|  0%| F|  |TAMS 0x0000000082400000, 0x0000000082400000| Untracked 
|  11|0x0000000082500000, 0x0000000082500000, 0x0000000082600000|  0%| F|  |TAMS 0x0000000082500000, 0x0000000082500000| Untracked 
|  12|0x0000000082600000, 0x0000000082600000, 0x0000000082700000|  0%| F|  |TAMS 0x0000000082600000, 0x0000000082600000| Untracked 
|  13|0x0000000082700000, 0x0000000082700000, 0x0000000082800000|  0%| F|  |TAMS 0x0000000082700000, 0x0000000082700000| Untracked 
|  14|0x0000000082800000, 0x0000000082800000, 0x0000000082900000|  0%| F|  |TAMS 0x0000000082800000, 0x0000000082800000| Untracked 
|  15|0x0000000082900000, 0x0000000082900000, 0x0000000082a00000|  0%| F|  |TAMS 0x0000000082900000, 0x0000000082900000| Untracked 
|  16|0x0000000082a00000, 0x0000000082a00000, 0x0000000082b00000|  0%| F|  |TAMS 0x0000000082a00000, 0x0000000082a00000| Untracked 
|  17|0x0000000082b00000, 0x0000000082b00000, 0x0000000082c00000|  0%| F|  |TAMS 0x0000000082b00000, 0x0000000082b00000| Untracked 
|  18|0x0000000082c00000, 0x0000000082d00000, 0x0000000082d00000|100%| O|  |TAMS 0x0000000082c00000, 0x0000000082c00000| Untracked 
|  19|0x0000000082d00000, 0x0000000082e00000, 0x0000000082e00000|100%| O|  |TAMS 0x0000000082d00000, 0x0000000082d00000| Untracked 
|  20|0x0000000082e00000, 0x0000000082f00000, 0x0000000082f00000|100%| O|  |TAMS 0x0000000082e00000, 0x0000000082e00000| Untracked 
|  21|0x0000000082f00000, 0x0000000083000000, 0x0000000083000000|100%| O|  |TAMS 0x0000000082f00000, 0x0000000082f00000| Untracked 
|  22|0x0000000083000000, 0x0000000083100000, 0x0000000083100000|100%| O|  |TAMS 0x0000000083000000, 0x0000000083000000| Untracked 
|  23|0x0000000083100000, 0x0000000083200000, 0x0000000083200000|100%| O|  |TAMS 0x0000000083100000, 0x0000000083100000| Untracked 
|  24|0x0000000083200000, 0x0000000083200000, 0x0000000083300000|  0%| F|  |TAMS 0x0000000083200000, 0x0000000083200000| Untracked 
|  25|0x0000000083300000, 0x0000000083300000, 0x0000000083400000|  0%| F|  |TAMS 0x0000000083300000, 0x0000000083300000| Untracked 
|  26|0x0000000083400000, 0x0000000083400000, 0x0000000083500000|  0%| F|  |TAMS 0x0000000083400000, 0x0000000083400000| Untracked 
|  27|0x0000000083500000, 0x0000000083500000, 0x0000000083600000|  0%| F|  |TAMS 0x0000000083500000, 0x0000000083500000| Untracked 
|  28|0x0000000083600000, 0x0000000083600000, 0x0000000083700000|  0%| F|  |TAMS 0x0000000083600000, 0x0000000083600000| Untracked 
|  29|0x0000000083700000, 0x0000000083800000, 0x0000000083800000|100%| S|CS|TAMS 0x0000000083700000, 0x0000000083700000| Complete 
|  30|0x0000000083800000, 0x0000000083900000, 0x0000000083900000|100%| S|CS|TAMS 0x0000000083800000, 0x0000000083800000| Complete 
|  31|0x0000000083900000, 0x0000000083a00000, 0x0000000083a00000|100%|HS|  |TAMS 0x0000000083a00000, 0x0000000083900000| Complete 
|  32|0x0000000083a00000, 0x0000000083b00000, 0x0000000083b00000|100%|HC|  |TAMS 0x0000000083b00000, 0x0000000083a00000| Complete 
|  33|0x0000000083b00000, 0x0000000083c00000, 0x0000000083c00000|100%|HC|  |TAMS 0x0000000083c00000, 0x0000000083b00000| Complete 
|  34|0x0000000083c00000, 0x0000000083d00000, 0x0000000083d00000|100%|HC|  |TAMS 0x0000000083d00000, 0x0000000083c00000| Complete 
|  35|0x0000000083d00000, 0x0000000083e00000, 0x0000000083e00000|100%|HC|  |TAMS 0x0000000083e00000, 0x0000000083d00000| Complete 
|  36|0x0000000083e00000, 0x0000000083f00000, 0x0000000083f00000|100%|HC|  |TAMS 0x0000000083f00000, 0x0000000083e00000| Complete 
|  37|0x0000000083f00000, 0x0000000084000000, 0x0000000084000000|100%|HC|  |TAMS 0x0000000084000000, 0x0000000083f00000| Complete 
|  38|0x0000000084000000, 0x0000000084100000, 0x0000000084100000|100%|HC|  |TAMS 0x0000000084100000, 0x0000000084000000| Complete 
|  39|0x0000000084100000, 0x0000000084200000, 0x0000000084200000|100%|HC|  |TAMS 0x0000000084200000, 0x0000000084100000| Complete 
|  40|0x0000000084200000, 0x0000000084300000, 0x0000000084300000|100%|HC|  |TAMS 0x0000000084300000, 0x0000000084200000| Complete 
|  41|0x0000000084300000, 0x0000000084400000, 0x0000000084400000|100%|HC|  |TAMS 0x0000000084400000, 0x0000000084300000| Complete 
|  42|0x0000000084400000, 0x0000000084500000, 0x0000000084500000|100%|HC|  |TAMS 0x0000000084500000, 0x0000000084400000| Complete 
|  43|0x0000000084500000, 0x0000000084600000, 0x0000000084600000|100%|HC|  |TAMS 0x0000000084600000, 0x0000000084500000| Complete 
|  44|0x0000000084600000, 0x0000000084700000, 0x0000000084700000|100%|HC|  |TAMS 0x0000000084700000, 0x0000000084600000| Complete 
|  45|0x0000000084700000, 0x0000000084800000, 0x0000000084800000|100%|HC|  |TAMS 0x0000000084800000, 0x0000000084700000| Complete 
|  46|0x0000000084800000, 0x0000000084900000, 0x0000000084900000|100%|HC|  |TAMS 0x0000000084900000, 0x0000000084800000| Complete 
|  47|0x0000000084900000, 0x0000000084a00000, 0x0000000084a00000|100%|HC|  |TAMS 0x0000000084a00000, 0x0000000084900000| Complete 
|  48|0x0000000084a00000, 0x0000000084b00000, 0x0000000084b00000|100%| S|CS|TAMS 0x0000000084a00000, 0x0000000084a00000| Complete 
|  49|0x0000000084b00000, 0x0000000084c00000, 0x0000000084c00000|100%| S|CS|TAMS 0x0000000084b00000, 0x0000000084b00000| Complete 
|  50|0x0000000084c00000, 0x0000000084c00000, 0x0000000084d00000|  0%| F|  |TAMS 0x0000000084c00000, 0x0000000084c00000| Untracked 
|  51|0x0000000084d00000, 0x0000000084e00000, 0x0000000084e00000|100%| S|CS|TAMS 0x0000000084d00000, 0x0000000084d00000| Complete 
|  52|0x0000000084e00000, 0x0000000084e00000, 0x0000000084f00000|  0%| F|  |TAMS 0x0000000084e00000, 0x0000000084e00000| Untracked 
|  53|0x0000000084f00000, 0x0000000084f00000, 0x0000000085000000|  0%| F|  |TAMS 0x0000000084f00000, 0x0000000084f00000| Untracked 
|  54|0x0000000085000000, 0x0000000085000000, 0x0000000085100000|  0%| F|  |TAMS 0x0000000085000000, 0x0000000085000000| Untracked 
|  55|0x0000000085100000, 0x0000000085100000, 0x0000000085200000|  0%| F|  |TAMS 0x0000000085100000, 0x0000000085100000| Untracked 
|  56|0x0000000085200000, 0x0000000085200000, 0x0000000085300000|  0%| F|  |TAMS 0x0000000085200000, 0x0000000085200000| Untracked 
|  57|0x0000000085300000, 0x00000000853a5a00, 0x0000000085400000| 64%| O|  |TAMS 0x0000000085300000, 0x0000000085300000| Untracked 
|  58|0x0000000085400000, 0x0000000085400000, 0x0000000085500000|  0%| F|  |TAMS 0x0000000085400000, 0x0000000085400000| Untracked 
|  59|0x0000000085500000, 0x0000000085500000, 0x0000000085600000|  0%| F|  |TAMS 0x0000000085500000, 0x0000000085500000| Untracked 
|  60|0x0000000085600000, 0x0000000085600000, 0x0000000085700000|  0%| F|  |TAMS 0x0000000085600000, 0x0000000085600000| Untracked 
|  61|0x0000000085700000, 0x0000000085700000, 0x0000000085800000|  0%| F|  |TAMS 0x0000000085700000, 0x0000000085700000| Untracked 
|  62|0x0000000085800000, 0x0000000085800000, 0x0000000085900000|  0%| F|  |TAMS 0x0000000085800000, 0x0000000085800000| Untracked 
|  63|0x0000000085900000, 0x0000000085900000, 0x0000000085a00000|  0%| F|  |TAMS 0x0000000085900000, 0x0000000085900000| Untracked 
|  64|0x0000000085a00000, 0x0000000085a00000, 0x0000000085b00000|  0%| F|  |TAMS 0x0000000085a00000, 0x0000000085a00000| Untracked 
|  65|0x0000000085b00000, 0x0000000085b00000, 0x0000000085c00000|  0%| F|  |TAMS 0x0000000085b00000, 0x0000000085b00000| Untracked 
|  66|0x0000000085c00000, 0x0000000085c00000, 0x0000000085d00000|  0%| F|  |TAMS 0x0000000085c00000, 0x0000000085c00000| Untracked 
|  67|0x0000000085d00000, 0x0000000085d00000, 0x0000000085e00000|  0%| F|  |TAMS 0x0000000085d00000, 0x0000000085d00000| Untracked 
|  68|0x0000000085e00000, 0x0000000085e00000, 0x0000000085f00000|  0%| F|  |TAMS 0x0000000085e00000, 0x0000000085e00000| Untracked 
|  69|0x0000000085f00000, 0x0000000085f00000, 0x0000000086000000|  0%| F|  |TAMS 0x0000000085f00000, 0x0000000085f00000| Untracked 
|  70|0x0000000086000000, 0x0000000086000000, 0x0000000086100000|  0%| F|  |TAMS 0x0000000086000000, 0x0000000086000000| Untracked 
|  71|0x0000000086100000, 0x0000000086200000, 0x0000000086200000|100%| E|  |TAMS 0x0000000086100000, 0x0000000086100000| Complete 
|  72|0x0000000086200000, 0x0000000086300000, 0x0000000086300000|100%| E|CS|TAMS 0x0000000086200000, 0x0000000086200000| Complete 
|  73|0x0000000086300000, 0x0000000086400000, 0x0000000086400000|100%| E|CS|TAMS 0x0000000086300000, 0x0000000086300000| Complete 
|  74|0x0000000086400000, 0x0000000086500000, 0x0000000086500000|100%| E|CS|TAMS 0x0000000086400000, 0x0000000086400000| Complete 
|  75|0x0000000086500000, 0x0000000086600000, 0x0000000086600000|100%| E|CS|TAMS 0x0000000086500000, 0x0000000086500000| Complete 
|  76|0x0000000086600000, 0x0000000086700000, 0x0000000086700000|100%| E|CS|TAMS 0x0000000086600000, 0x0000000086600000| Complete 
|  77|0x0000000086700000, 0x0000000086800000, 0x0000000086800000|100%| E|CS|TAMS 0x0000000086700000, 0x0000000086700000| Complete 
|  78|0x0000000086800000, 0x0000000086900000, 0x0000000086900000|100%| E|CS|TAMS 0x0000000086800000, 0x0000000086800000| Complete 
|  79|0x0000000086900000, 0x0000000086a00000, 0x0000000086a00000|100%| E|CS|TAMS 0x0000000086900000, 0x0000000086900000| Complete 
|  80|0x0000000086a00000, 0x0000000086b00000, 0x0000000086b00000|100%| E|CS|TAMS 0x0000000086a00000, 0x0000000086a00000| Complete 
|  81|0x0000000086b00000, 0x0000000086c00000, 0x0000000086c00000|100%| E|CS|TAMS 0x0000000086b00000, 0x0000000086b00000| Complete 
|  82|0x0000000086c00000, 0x0000000086d00000, 0x0000000086d00000|100%| E|CS|TAMS 0x0000000086c00000, 0x0000000086c00000| Complete 
|  83|0x0000000086d00000, 0x0000000086e00000, 0x0000000086e00000|100%| E|CS|TAMS 0x0000000086d00000, 0x0000000086d00000| Complete 
|  84|0x0000000086e00000, 0x0000000086f00000, 0x0000000086f00000|100%| E|CS|TAMS 0x0000000086e00000, 0x0000000086e00000| Complete 
|  85|0x0000000086f00000, 0x0000000087000000, 0x0000000087000000|100%| E|CS|TAMS 0x0000000086f00000, 0x0000000086f00000| Complete 
|  86|0x0000000087000000, 0x0000000087100000, 0x0000000087100000|100%| E|CS|TAMS 0x0000000087000000, 0x0000000087000000| Complete 
|  87|0x0000000087100000, 0x0000000087200000, 0x0000000087200000|100%| E|CS|TAMS 0x0000000087100000, 0x0000000087100000| Complete 
|  88|0x0000000087200000, 0x0000000087300000, 0x0000000087300000|100%| E|CS|TAMS 0x0000000087200000, 0x0000000087200000| Complete 
|  89|0x0000000087300000, 0x0000000087400000, 0x0000000087400000|100%| E|CS|TAMS 0x0000000087300000, 0x0000000087300000| Complete 
|  90|0x0000000087400000, 0x0000000087500000, 0x0000000087500000|100%| E|CS|TAMS 0x0000000087400000, 0x0000000087400000| Complete 
|  91|0x0000000087500000, 0x0000000087600000, 0x0000000087600000|100%| E|CS|TAMS 0x0000000087500000, 0x0000000087500000| Complete 
|  92|0x0000000087600000, 0x0000000087700000, 0x0000000087700000|100%| E|CS|TAMS 0x0000000087600000, 0x0000000087600000| Complete 
|  93|0x0000000087700000, 0x0000000087800000, 0x0000000087800000|100%| E|CS|TAMS 0x0000000087700000, 0x0000000087700000| Complete 
|  94|0x0000000087800000, 0x0000000087900000, 0x0000000087900000|100%| E|CS|TAMS 0x0000000087800000, 0x0000000087800000| Complete 
|  95|0x0000000087900000, 0x0000000087a00000, 0x0000000087a00000|100%| E|CS|TAMS 0x0000000087900000, 0x0000000087900000| Complete 
|  96|0x0000000087a00000, 0x0000000087b00000, 0x0000000087b00000|100%| E|CS|TAMS 0x0000000087a00000, 0x0000000087a00000| Complete 
|  97|0x0000000087b00000, 0x0000000087c00000, 0x0000000087c00000|100%| E|CS|TAMS 0x0000000087b00000, 0x0000000087b00000| Complete 
|  98|0x0000000087c00000, 0x0000000087d00000, 0x0000000087d00000|100%| E|CS|TAMS 0x0000000087c00000, 0x0000000087c00000| Complete 
|  99|0x0000000087d00000, 0x0000000087e00000, 0x0000000087e00000|100%| E|CS|TAMS 0x0000000087d00000, 0x0000000087d00000| Complete 
| 100|0x0000000087e00000, 0x0000000087f00000, 0x0000000087f00000|100%| E|CS|TAMS 0x0000000087e00000, 0x0000000087e00000| Complete 
| 101|0x0000000087f00000, 0x0000000088000000, 0x0000000088000000|100%| E|CS|TAMS 0x0000000087f00000, 0x0000000087f00000| Complete 
| 102|0x0000000088000000, 0x0000000088100000, 0x0000000088100000|100%| E|CS|TAMS 0x0000000088000000, 0x0000000088000000| Complete 
| 103|0x0000000088100000, 0x0000000088200000, 0x0000000088200000|100%| E|CS|TAMS 0x0000000088100000, 0x0000000088100000| Complete 
| 104|0x0000000088200000, 0x0000000088300000, 0x0000000088300000|100%| E|CS|TAMS 0x0000000088200000, 0x0000000088200000| Complete 
| 105|0x0000000088300000, 0x0000000088400000, 0x0000000088400000|100%| E|CS|TAMS 0x0000000088300000, 0x0000000088300000| Complete 
| 106|0x0000000088400000, 0x0000000088500000, 0x0000000088500000|100%| E|CS|TAMS 0x0000000088400000, 0x0000000088400000| Complete 
| 107|0x0000000088500000, 0x0000000088600000, 0x0000000088600000|100%| E|CS|TAMS 0x0000000088500000, 0x0000000088500000| Complete 
| 108|0x0000000088600000, 0x0000000088700000, 0x0000000088700000|100%| E|CS|TAMS 0x0000000088600000, 0x0000000088600000| Complete 
| 109|0x0000000088700000, 0x0000000088800000, 0x0000000088800000|100%| E|CS|TAMS 0x0000000088700000, 0x0000000088700000| Complete 
| 110|0x0000000088800000, 0x0000000088900000, 0x0000000088900000|100%| E|CS|TAMS 0x0000000088800000, 0x0000000088800000| Complete 
| 111|0x0000000088900000, 0x0000000088a00000, 0x0000000088a00000|100%| E|CS|TAMS 0x0000000088900000, 0x0000000088900000| Complete 
| 112|0x0000000088a00000, 0x0000000088b00000, 0x0000000088b00000|100%| E|CS|TAMS 0x0000000088a00000, 0x0000000088a00000| Complete 
| 113|0x0000000088b00000, 0x0000000088c00000, 0x0000000088c00000|100%| E|CS|TAMS 0x0000000088b00000, 0x0000000088b00000| Complete 
| 114|0x0000000088c00000, 0x0000000088d00000, 0x0000000088d00000|100%| E|CS|TAMS 0x0000000088c00000, 0x0000000088c00000| Complete 
| 115|0x0000000088d00000, 0x0000000088e00000, 0x0000000088e00000|100%| E|CS|TAMS 0x0000000088d00000, 0x0000000088d00000| Complete 
| 127|0x0000000089900000, 0x0000000089a00000, 0x0000000089a00000|100%| E|CS|TAMS 0x0000000089900000, 0x0000000089900000| Complete 

Card table byte_map: [0x000002954fa70000,0x000002954fe70000] _byte_map_base: 0x000002954f663000

Marking Bits (Prev, Next): (CMBitMap*) 0x0000029536104838, (CMBitMap*) 0x00000295361047f8
 Prev Bits: [0x0000029552210000, 0x00000295541a8000)
 Next Bits: [0x0000029550270000, 0x0000029552208000)

Polling page: 0x0000029536190000

Metaspace:

Usage:
  Non-class:      4.95 MB capacity,     4.32 MB ( 87%) used,   635.04 KB ( 13%) free+waste,     8.38 KB ( <1%) overhead. 
      Class:    518.00 KB capacity,   409.38 KB ( 79%) used,   104.43 KB ( 20%) free+waste,     4.19 KB ( <1%) overhead. 
       Both:      5.46 MB capacity,     4.72 MB ( 87%) used,   739.47 KB ( 13%) free+waste,    12.56 KB ( <1%) overhead. 

Virtual space:
  Non-class space:        8.00 MB reserved,       5.00 MB ( 63%) committed 
      Class space:        1.00 GB reserved,     640.00 KB ( <1%) committed 
             Both:        1.01 GB reserved,       5.63 MB ( <1%) committed 

Chunk freelists:
   Non-Class:  51.00 KB
       Class:  26.00 KB
        Both:  77.00 KB

MaxMetaspaceSize: 17179869184.00 GB
CompressedClassSpaceSize: 1.00 GB

CodeHeap 'non-profiled nmethods': size=120000Kb used=956Kb max_used=956Kb free=119043Kb
 bounds [0x0000029547b20000, 0x0000029547d90000, 0x000002954f050000]
CodeHeap 'profiled nmethods': size=120000Kb used=3157Kb max_used=3157Kb free=116842Kb
 bounds [0x00000295405f0000, 0x0000029540910000, 0x0000029547b20000]
CodeHeap 'non-nmethods': size=5760Kb used=1255Kb max_used=1395Kb free=4504Kb
 bounds [0x0000029540050000, 0x00000295402c0000, 0x00000295405f0000]
 total_blobs=1665 nmethods=1242 adapters=336
 compilation: enabled
              stopped_count=0, restarted_count=0
 full_count=0

Compilation events (20 events):
Event: 2.072 Thread 0x000002955715a800 1188       3       org.eclipse.jdt.launching.internal.org.objectweb.asm.MethodWriter::hasFrames (13 bytes)
Event: 2.072 Thread 0x000002955715a800 nmethod 1188 0x0000029540901110 code [0x00000295409012a0, 0x0000029540901418]
Event: 2.119 Thread 0x0000029557925000 nmethod 1223 0x0000029547bd6f10 code [0x0000029547bd7520, 0x0000029547bd9f30]
Event: 2.120 Thread 0x0000029557925000 1242 % !   4       java.io.BufferedReader::readLine @ 131 (304 bytes)
Event: 2.155 Thread 0x0000029557925000 nmethod 1242% 0x0000029547bdba90 code [0x0000029547bdbd80, 0x0000029547bdd3a0]
Event: 2.155 Thread 0x0000029557925000 1247 %     4       com.opencsv.CSVParser::parseLine @ 132 (464 bytes)
Event: 2.198 Thread 0x0000029557925000 nmethod 1247% 0x0000029547bddc90 code [0x0000029547bde160, 0x0000029547bdfb88]
Event: 2.198 Thread 0x0000029557925000 1203       4       com.opencsv.CSVParser$StringFragmentCopier::isEmptyInput (20 bytes)
Event: 2.199 Thread 0x0000029557925000 nmethod 1203 0x0000029547be0a10 code [0x0000029547be0bc0, 0x0000029547be0d38]
Event: 2.199 Thread 0x0000029557925000 1204       4       com.opencsv.CSVParser$StringFragmentCopier::takeInput (19 bytes)
Event: 2.202 Thread 0x0000029557925000 nmethod 1204 0x0000029547be0e10 code [0x0000029547be1000, 0x0000029547be12a8]
Event: 2.202 Thread 0x0000029557925000 1205       4       com.opencsv.CSVParser$StringFragmentCopier::appendPrev (80 bytes)
Event: 2.203 Thread 0x0000029557925000 nmethod 1205 0x0000029547be1490 code [0x0000029547be1620, 0x0000029547be16f8]
Event: 4.276 Thread 0x000002955684b800 nmethod 1110% 0x0000029547be1790 code [0x0000029547be3360, 0x0000029547c02ba0]
Event: 89.466 Thread 0x000002955684b800 1248       4       org.eclipse.jdt.launching.internal.org.objectweb.asm.Symbol::<init> (38 bytes)
Event: 89.467 Thread 0x000002955715a800 1250       3       org.eclipse.jdt.launching.internal.org.objectweb.asm.ClassReader::readConst (276 bytes)
Event: 89.471 Thread 0x000002955684b800 nmethod 1248 0x0000029547c0e410 code [0x0000029547c0e580, 0x0000029547c0e8b8]
Event: 89.471 Thread 0x000002955684b800 1249       4       org.eclipse.jdt.launching.internal.org.objectweb.asm.SymbolTable::add (39 bytes)
Event: 89.473 Thread 0x000002955715a800 nmethod 1250 0x0000029540901490 code [0x00000295409019a0, 0x0000029540904598]
Event: 89.480 Thread 0x000002955684b800 nmethod 1249 0x0000029547c0e990 code [0x0000029547c0eba0, 0x0000029547c0f038]

GC Heap History (20 events):
Event: 0.820 GC heap before
{Heap before GC invocations=0 (full 0):
 garbage-first heap   total 131072K, used 68608K [0x0000000081a00000, 0x0000000100000000)
  region size 1024K, 12 young (12288K), 0 survivors (0K)
 Metaspace       used 3851K, capacity 5079K, committed 5120K, reserved 1056768K
  class space    used 371K, capacity 478K, committed 512K, reserved 1048576K
}
Event: 0.825 GC heap after
{Heap after GC invocations=1 (full 0):
 garbage-first heap   total 131072K, used 20118K [0x0000000081a00000, 0x0000000100000000)
  region size 1024K, 2 young (2048K), 2 survivors (2048K)
 Metaspace       used 3851K, capacity 5079K, committed 5120K, reserved 1056768K
  class space    used 371K, capacity 478K, committed 512K, reserved 1048576K
}
Event: 1.041 GC heap before
{Heap before GC invocations=2 (full 0):
 garbage-first heap   total 99328K, used 50838K [0x0000000081a00000, 0x0000000100000000)
  region size 1024K, 14 young (14336K), 2 survivors (2048K)
 Metaspace       used 4196K, capacity 5106K, committed 5376K, reserved 1056768K
  class space    used 383K, capacity 486K, committed 512K, reserved 1048576K
}
Event: 1.046 GC heap after
{Heap after GC invocations=3 (full 0):
 garbage-first heap   total 99328K, used 25465K [0x0000000081a00000, 0x0000000100000000)
  region size 1024K, 2 young (2048K), 2 survivors (2048K)
 Metaspace       used 4196K, capacity 5106K, committed 5376K, reserved 1056768K
  class space    used 383K, capacity 486K, committed 512K, reserved 1048576K
}
Event: 1.141 GC heap before
{Heap before GC invocations=3 (full 0):
 garbage-first heap   total 99328K, used 44921K [0x0000000081a00000, 0x0000000100000000)
  region size 1024K, 21 young (21504K), 2 survivors (2048K)
 Metaspace       used 4235K, capacity 5106K, committed 5376K, reserved 1056768K
  class space    used 383K, capacity 486K, committed 512K, reserved 1048576K
}
Event: 1.143 GC heap after
{Heap after GC invocations=4 (full 0):
 garbage-first heap   total 99328K, used 26462K [0x0000000081a00000, 0x0000000100000000)
  region size 1024K, 1 young (1024K), 1 survivors (1024K)
 Metaspace       used 4235K, capacity 5106K, committed 5376K, reserved 1056768K
  class space    used 383K, capacity 486K, committed 512K, reserved 1048576K
}
Event: 1.322 GC heap before
{Heap before GC invocations=4 (full 0):
 garbage-first heap   total 99328K, used 75614K [0x0000000081a00000, 0x0000000100000000)
  region size 1024K, 49 young (50176K), 1 survivors (1024K)
 Metaspace       used 4309K, capacity 5171K, committed 5376K, reserved 1056768K
  class space    used 383K, capacity 486K, committed 512K, reserved 1048576K
}
Event: 1.324 GC heap after
{Heap after GC invocations=5 (full 0):
 garbage-first heap   total 99328K, used 27150K [0x0000000081a00000, 0x0000000100000000)
  region size 1024K, 2 young (2048K), 2 survivors (2048K)
 Metaspace       used 4309K, capacity 5171K, committed 5376K, reserved 1056768K
  class space    used 383K, capacity 486K, committed 512K, reserved 1048576K
}
Event: 1.477 GC heap before
{Heap before GC invocations=5 (full 0):
 garbage-first heap   total 99328K, used 78350K [0x0000000081a00000, 0x0000000100000000)
  region size 1024K, 52 young (53248K), 2 survivors (2048K)
 Metaspace       used 4336K, capacity 5171K, committed 5376K, reserved 1056768K
  class space    used 383K, capacity 486K, committed 512K, reserved 1048576K
}
Event: 1.480 GC heap after
{Heap after GC invocations=6 (full 0):
 garbage-first heap   total 99328K, used 27963K [0x0000000081a00000, 0x0000000100000000)
  region size 1024K, 2 young (2048K), 2 survivors (2048K)
 Metaspace       used 4336K, capacity 5171K, committed 5376K, reserved 1056768K
  class space    used 383K, capacity 486K, committed 512K, reserved 1048576K
}
Event: 1.567 GC heap before
{Heap before GC invocations=6 (full 0):
 garbage-first heap   total 99328K, used 80187K [0x0000000081a00000, 0x0000000100000000)
  region size 1024K, 53 young (54272K), 2 survivors (2048K)
 Metaspace       used 4361K, capacity 5171K, committed 5376K, reserved 1056768K
  class space    used 383K, capacity 486K, committed 512K, reserved 1048576K
}
Event: 1.571 GC heap after
{Heap after GC invocations=7 (full 0):
 garbage-first heap   total 99328K, used 28843K [0x0000000081a00000, 0x0000000100000000)
  region size 1024K, 3 young (3072K), 3 survivors (3072K)
 Metaspace       used 4361K, capacity 5171K, committed 5376K, reserved 1056768K
  class space    used 383K, capacity 486K, committed 512K, reserved 1048576K
}
Event: 1.643 GC heap before
{Heap before GC invocations=7 (full 0):
 garbage-first heap   total 99328K, used 81067K [0x0000000081a00000, 0x0000000100000000)
  region size 1024K, 54 young (55296K), 3 survivors (3072K)
 Metaspace       used 4361K, capacity 5171K, committed 5376K, reserved 1056768K
  class space    used 383K, capacity 486K, committed 512K, reserved 1048576K
}
Event: 1.648 GC heap after
{Heap after GC invocations=8 (full 0):
 garbage-first heap   total 119808K, used 30011K [0x0000000081a00000, 0x0000000100000000)
  region size 1024K, 4 young (4096K), 4 survivors (4096K)
 Metaspace       used 4361K, capacity 5171K, committed 5376K, reserved 1056768K
  class space    used 383K, capacity 486K, committed 512K, reserved 1048576K
}
Event: 1.748 GC heap before
{Heap before GC invocations=8 (full 0):
 garbage-first heap   total 119808K, used 97595K [0x0000000081a00000, 0x0000000100000000)
  region size 1024K, 70 young (71680K), 4 survivors (4096K)
 Metaspace       used 4361K, capacity 5171K, committed 5376K, reserved 1056768K
  class space    used 383K, capacity 486K, committed 512K, reserved 1048576K
}
Event: 1.753 GC heap after
{Heap after GC invocations=9 (full 0):
 garbage-first heap   total 119808K, used 31035K [0x0000000081a00000, 0x0000000100000000)
  region size 1024K, 5 young (5120K), 5 survivors (5120K)
 Metaspace       used 4361K, capacity 5171K, committed 5376K, reserved 1056768K
  class space    used 383K, capacity 486K, committed 512K, reserved 1048576K
}
Event: 1.840 GC heap before
{Heap before GC invocations=9 (full 0):
 garbage-first heap   total 119808K, used 97595K [0x0000000081a00000, 0x0000000100000000)
  region size 1024K, 70 young (71680K), 5 survivors (5120K)
 Metaspace       used 4361K, capacity 5171K, committed 5376K, reserved 1056768K
  class space    used 383K, capacity 486K, committed 512K, reserved 1048576K
}
Event: 1.847 GC heap after
{Heap after GC invocations=10 (full 0):
 garbage-first heap   total 119808K, used 32263K [0x0000000081a00000, 0x0000000100000000)
  region size 1024K, 6 young (6144K), 6 survivors (6144K)
 Metaspace       used 4361K, capacity 5171K, committed 5376K, reserved 1056768K
  class space    used 383K, capacity 486K, committed 512K, reserved 1048576K
}
Event: 1.937 GC heap before
{Heap before GC invocations=10 (full 0):
 garbage-first heap   total 119808K, used 97799K [0x0000000081a00000, 0x0000000100000000)
  region size 1024K, 70 young (71680K), 6 survivors (6144K)
 Metaspace       used 4361K, capacity 5171K, committed 5376K, reserved 1056768K
  class space    used 383K, capacity 486K, committed 512K, reserved 1048576K
}
Event: 1.943 GC heap after
{Heap after GC invocations=11 (full 0):
 garbage-first heap   total 119808K, used 33066K [0x0000000081a00000, 0x0000000100000000)
  region size 1024K, 5 young (5120K), 5 survivors (5120K)
 Metaspace       used 4361K, capacity 5171K, committed 5376K, reserved 1056768K
  class space    used 383K, capacity 486K, committed 512K, reserved 1048576K
}

Deoptimization events (20 events):
Event: 1.883 Thread 0x00000295360bf800 DEOPT PACKING pc=0x00000295408a5185 sp=0x000000e7cedfe1e0
Event: 1.883 Thread 0x00000295360bf800 DEOPT UNPACKING pc=0x000002954009964e sp=0x000000e7cedfd670 mode 0
Event: 1.888 Thread 0x00000295360bf800 DEOPT PACKING pc=0x0000029540835f48 sp=0x000000e7cedfe4c0
Event: 1.889 Thread 0x00000295360bf800 DEOPT UNPACKING pc=0x000002954009964e sp=0x000000e7cedfe228 mode 0
Event: 1.904 Thread 0x00000295360bf800 DEOPT PACKING pc=0x0000029540835f48 sp=0x000000e7cedfe4c0
Event: 1.904 Thread 0x00000295360bf800 DEOPT UNPACKING pc=0x000002954009964e sp=0x000000e7cedfe228 mode 0
Event: 1.917 Thread 0x00000295360bf800 DEOPT PACKING pc=0x000002954083630d sp=0x000000e7cedfe4c0
Event: 1.917 Thread 0x00000295360bf800 DEOPT UNPACKING pc=0x000002954009964e sp=0x000000e7cedfe230 mode 0
Event: 1.933 Thread 0x00000295360bf800 DEOPT PACKING pc=0x0000029540835f48 sp=0x000000e7cedfe4c0
Event: 1.933 Thread 0x00000295360bf800 DEOPT UNPACKING pc=0x000002954009964e sp=0x000000e7cedfe228 mode 0
Event: 1.962 Thread 0x00000295360bf800 DEOPT PACKING pc=0x0000029540835f48 sp=0x000000e7cedfe4c0
Event: 1.962 Thread 0x00000295360bf800 DEOPT UNPACKING pc=0x000002954009964e sp=0x000000e7cedfe228 mode 0
Event: 1.974 Thread 0x00000295360bf800 DEOPT PACKING pc=0x0000029540835f48 sp=0x000000e7cedfe4c0
Event: 1.974 Thread 0x00000295360bf800 DEOPT UNPACKING pc=0x000002954009964e sp=0x000000e7cedfe228 mode 0
Event: 1.985 Thread 0x00000295360bf800 DEOPT PACKING pc=0x0000029540835f48 sp=0x000000e7cedfe4c0
Event: 1.985 Thread 0x00000295360bf800 DEOPT UNPACKING pc=0x000002954009964e sp=0x000000e7cedfe228 mode 0
Event: 2.024 Thread 0x00000295360bf800 Uncommon trap: trap_request=0xffffff45 fr.pc=0x0000029547b8551c relative=0x00000000000015dc
Event: 2.024 Thread 0x00000295360bf800 Uncommon trap: reason=unstable_if action=reinterpret pc=0x0000029547b8551c method=jdk.internal.math.FloatingDecimal.readJavaFormatString(Ljava/lang/String;)Ljdk/internal/math/FloatingDecimal$ASCIIToBinaryConverter; @ 445 c2
Event: 2.024 Thread 0x00000295360bf800 DEOPT PACKING pc=0x0000029547b8551c sp=0x000000e7cedfed30
Event: 2.024 Thread 0x00000295360bf800 DEOPT UNPACKING pc=0x000002954009912f sp=0x000000e7cedfecb0 mode 2

Classes unloaded (0 events):
No events

Classes redefined (1 events):
Event: 89.505 Thread 0x0000029556826800 redefined class name=com.RINEX_parser.GoogleDecimeter, count=1

Internal exceptions (3 events):
Event: 0.624 Thread 0x00000295360bf800 Exception <a 'java/lang/NoSuchMethodError'{0x0000000089005218}: 'int java.lang.invoke.DirectMethodHandle$Holder.invokeSpecialIFC(java.lang.Object, java.lang.Object, int)'> (0x0000000089005218) 
thrown [./open/src/hotspot/share/interpreter/linkResolver.cpp, line 766]
Event: 0.668 Thread 0x00000295360bf800 Exception <a 'java/lang/NoSuchMethodError'{0x0000000088f568c0}: 'double java.lang.invoke.DirectMethodHandle$Holder.invokeStatic(java.lang.Object, java.lang.Object)'> (0x0000000088f568c0) 
thrown [./open/src/hotspot/share/interpreter/linkResolver.cpp, line 766]
Event: 89.696 Thread 0x00000295573f1800 Exception <a 'java/lang/LinkageError'{0x00000000861ad410}> (0x00000000861ad410) 
thrown [./open/src/hotspot/share/oops/generateOopMap.cpp, line 2140]

Events (20 events):
Event: 89.522 Executing VM operation: GetFrameCount
Event: 89.522 Executing VM operation: GetFrameCount done
Event: 89.523 Executing VM operation: GetFrameCount
Event: 89.523 Executing VM operation: GetFrameCount done
Event: 89.523 Executing VM operation: GetStackTrace
Event: 89.523 Executing VM operation: GetStackTrace done
Event: 89.524 Executing VM operation: GetFrameCount
Event: 89.524 Executing VM operation: GetFrameCount done
Event: 89.524 Executing VM operation: GetOwnedMonitorInfo
Event: 89.524 Executing VM operation: GetOwnedMonitorInfo done
Event: 89.525 Executing VM operation: GetCurrentContendedMonitor
Event: 89.525 Executing VM operation: GetCurrentContendedMonitor done
Event: 89.528 Executing VM operation: GetOwnedMonitorInfo
Event: 89.528 Executing VM operation: GetOwnedMonitorInfo done
Event: 89.528 Executing VM operation: GetCurrentContendedMonitor
Event: 89.528 Executing VM operation: GetCurrentContendedMonitor done
Event: 89.529 Executing VM operation: GetCurrentContendedMonitor
Event: 89.529 Executing VM operation: GetCurrentContendedMonitor done
Event: 89.529 Executing VM operation: GetOwnedMonitorInfo
Event: 89.529 Executing VM operation: GetOwnedMonitorInfo done


Dynamic libraries:
0x00007ff78de70000 - 0x00007ff78de7f000 	C:\Program Files\Java\jdk-14.0.2\bin\javaw.exe
0x00007ffb51500000 - 0x00007ffb516f0000 	C:\Windows\SYSTEM32\ntdll.dll
0x00007ffb504b0000 - 0x00007ffb50562000 	C:\Windows\System32\KERNEL32.DLL
0x00007ffb4e610000 - 0x00007ffb4e8b2000 	C:\Windows\System32\KERNELBASE.dll
0x00007ffb4ea30000 - 0x00007ffb4eb2a000 	C:\Windows\System32\ucrtbase.dll
0x00007ffb47d90000 - 0x00007ffb47da5000 	C:\Program Files\Java\jdk-14.0.2\bin\VCRUNTIME140.dll
0x00007ffb46bc0000 - 0x00007ffb46bd8000 	C:\Program Files\Java\jdk-14.0.2\bin\jli.dll
0x00007ffb50110000 - 0x00007ffb501b3000 	C:\Windows\System32\ADVAPI32.dll
0x00007ffb501c0000 - 0x00007ffb5025e000 	C:\Windows\System32\msvcrt.dll
0x00007ffb50340000 - 0x00007ffb503d7000 	C:\Windows\System32\sechost.dll
0x00007ffb4f900000 - 0x00007ffb4fa20000 	C:\Windows\System32\RPCRT4.dll
0x00007ffb50d60000 - 0x00007ffb50ef3000 	C:\Windows\System32\USER32.dll
0x00007ffb4ea00000 - 0x00007ffb4ea21000 	C:\Windows\System32\win32u.dll
0x00007ffb40fd0000 - 0x00007ffb41255000 	C:\Windows\WinSxS\amd64_microsoft.windows.common-controls_6595b64144ccf1df_6.0.18362.30_none_a1435978519dce7f\COMCTL32.dll
0x00007ffb4f5c0000 - 0x00007ffb4f5e6000 	C:\Windows\System32\GDI32.dll
0x00007ffb51180000 - 0x00007ffb514b6000 	C:\Windows\System32\combase.dll
0x00007ffb4f420000 - 0x00007ffb4f5b4000 	C:\Windows\System32\gdi32full.dll
0x00007ffb4e520000 - 0x00007ffb4e5be000 	C:\Windows\System32\msvcp_win.dll
0x00007ffb4e490000 - 0x00007ffb4e511000 	C:\Windows\System32\bcryptPrimitives.dll
0x00007ffb43740000 - 0x00007ffb4374a000 	C:\Windows\SYSTEM32\VERSION.dll
0x00007ffb4f860000 - 0x00007ffb4f88e000 	C:\Windows\System32\IMM32.DLL
0x00007ffb277d0000 - 0x00007ffb2786b000 	C:\Program Files\Java\jdk-14.0.2\bin\msvcp140.dll
0x00007ffb12d50000 - 0x00007ffb1386e000 	C:\Program Files\Java\jdk-14.0.2\bin\server\jvm.dll
0x00007ffb50260000 - 0x00007ffb50268000 	C:\Windows\System32\PSAPI.DLL
0x00007ffb3f8a0000 - 0x00007ffb3f8a9000 	C:\Windows\SYSTEM32\WSOCK32.dll
0x00007ffb4c0d0000 - 0x00007ffb4c0f4000 	C:\Windows\SYSTEM32\WINMM.dll
0x00007ffb50440000 - 0x00007ffb504af000 	C:\Windows\System32\WS2_32.dll
0x00007ffb4c0a0000 - 0x00007ffb4c0cd000 	C:\Windows\SYSTEM32\WINMMBASE.dll
0x00007ffb4e5c0000 - 0x00007ffb4e60a000 	C:\Windows\System32\cfgmgr32.dll
0x00007ffb4e3e0000 - 0x00007ffb4e3f1000 	C:\Windows\System32\kernel.appcore.dll
0x00007ffb47420000 - 0x00007ffb4742a000 	C:\Program Files\Java\jdk-14.0.2\bin\jimage.dll
0x00007ffb4cbb0000 - 0x00007ffb4cda4000 	C:\Windows\SYSTEM32\DBGHELP.DLL
0x00007ffb3ced0000 - 0x00007ffb3cefa000 	C:\Windows\SYSTEM32\dbgcore.DLL
0x00007ffb368f0000 - 0x00007ffb36928000 	C:\Program Files\Java\jdk-14.0.2\bin\jdwp.dll
0x00007ffb2fbc0000 - 0x00007ffb2fbe5000 	C:\Program Files\Java\jdk-14.0.2\bin\java.dll
0x00007ffb47dc0000 - 0x00007ffb47dce000 	C:\Program Files\Java\jdk-14.0.2\bin\instrument.dll
0x00007ffb3fd00000 - 0x00007ffb3fd16000 	C:\Program Files\Java\jdk-14.0.2\bin\zip.dll
0x00007ffb4fa30000 - 0x00007ffb50110000 	C:\Windows\System32\SHELL32.dll
0x00007ffb50cb0000 - 0x00007ffb50d59000 	C:\Windows\System32\shcore.dll
0x00007ffb4eb50000 - 0x00007ffb4f2cb000 	C:\Windows\System32\windows.storage.dll
0x00007ffb4e400000 - 0x00007ffb4e41f000 	C:\Windows\System32\profapi.dll
0x00007ffb4e420000 - 0x00007ffb4e46a000 	C:\Windows\System32\powrprof.dll
0x00007ffb4e3d0000 - 0x00007ffb4e3e0000 	C:\Windows\System32\UMPDC.dll
0x00007ffb50bc0000 - 0x00007ffb50c12000 	C:\Windows\System32\shlwapi.dll
0x00007ffb4eb30000 - 0x00007ffb4eb47000 	C:\Windows\System32\cryptsp.dll
0x00007ffb47d80000 - 0x00007ffb47d8b000 	C:\Program Files\Java\jdk-14.0.2\bin\dt_socket.dll
0x00007ffb4d9a0000 - 0x00007ffb4d9da000 	C:\Windows\SYSTEM32\IPHLPAPI.DLL
0x00007ffb4dc40000 - 0x00007ffb4dca7000 	C:\Windows\system32\mswsock.dll
0x00007ffb4d9f0000 - 0x00007ffb4daba000 	C:\Windows\SYSTEM32\DNSAPI.dll
0x00007ffb50c20000 - 0x00007ffb50c28000 	C:\Windows\System32\NSI.dll
0x0000000075600000 - 0x0000000075626000 	C:\Program Files\Bonjour\mdnsNSP.dll
0x00007ffb41a40000 - 0x00007ffb41a4a000 	C:\Windows\System32\rasadhlp.dll
0x00007ffb43030000 - 0x00007ffb430a7000 	C:\Windows\System32\fwpuclnt.dll
0x00007ffb4e920000 - 0x00007ffb4e946000 	C:\Windows\System32\bcrypt.dll
0x00007ffb393c0000 - 0x00007ffb393d9000 	C:\Program Files\Java\jdk-14.0.2\bin\net.dll
0x00007ffb47080000 - 0x00007ffb4716f000 	C:\Windows\SYSTEM32\WINHTTP.dll
0x00007ffb2fba0000 - 0x00007ffb2fbb2000 	C:\Program Files\Java\jdk-14.0.2\bin\nio.dll
0x00007ffb48870000 - 0x00007ffb48880000 	C:\Program Files\Java\jdk-14.0.2\bin\verify.dll

dbghelp: loaded successfully - version: 4.0.5 - missing functions: none
symbol engine: initialized successfully - sym options: 0x614 - pdb path: .;C:\Program Files\Java\jdk-14.0.2\bin;C:\Windows\SYSTEM32;C:\Windows\WinSxS\amd64_microsoft.windows.common-controls_6595b64144ccf1df_6.0.18362.30_none_a1435978519dce7f;C:\Program Files\Java\jdk-14.0.2\bin\server;C:\Program Files\Bonjour

VM Arguments:
jvm_args: -agentlib:jdwp=transport=dt_socket,suspend=y,address=localhost:52218 -javaagent:E:\Softwares\eclipse-IDE\eclipse\configuration\org.eclipse.osgi\222\0\.cp\lib\javaagent-shaded.jar -Dfile.encoding=UTF-8 
java_command: com.RINEX_parser.MainApp
java_class_path (initial): E:\projects\eclipse_projects\rinex_parse\target\classes;C:\Users\Naman\.m2\repository\org\ejml\ejml-simple\0.39\ejml-simple-0.39.jar;C:\Users\Naman\.m2\repository\com\google\code\findbugs\jsr305\3.0.2\jsr305-3.0.2.jar;C:\Users\Naman\.m2\repository\org\ejml\ejml-core\0.39\ejml-core-0.39.jar;C:\Users\Naman\.m2\repository\org\ejml\ejml-fdense\0.39\ejml-fdense-0.39.jar;C:\Users\Naman\.m2\repository\org\ejml\ejml-ddense\0.39\ejml-ddense-0.39.jar;C:\Users\Naman\.m2\repository\org\ejml\ejml-cdense\0.39\ejml-cdense-0.39.jar;C:\Users\Naman\.m2\repository\org\ejml\ejml-zdense\0.39\ejml-zdense-0.39.jar;C:\Users\Naman\.m2\repository\org\ejml\ejml-dsparse\0.39\ejml-dsparse-0.39.jar;C:\Users\Naman\.m2\repository\org\ejml\ejml-fsparse\0.39\ejml-fsparse-0.39.jar;C:\Users\Naman\.m2\repository\org\jfree\jfreechart\1.5.1\jfreechart-1.5.1.jar;C:\Users\Naman\.m2\repository\jfree\jcommon\1.0.16\jcommon-1.0.16.jar;C:\Users\Naman\.m2\repository\org\orekit\orekit\10.3\orekit-10.3.jar;C:\Users\Naman\.m2\repository\org\hipparchus\hipparchus-core\1.8\hipparchus-core-1.8.jar;C:\Users\Naman\.m2\repository\org\hipparchus\hipparchus-geometry\1.8\hipparchus-geometry-1.8.jar;C:\Users\Naman\.m2\repository\org\hipparchus\hipparchus-ode\1.8\hipparchus-ode-1.8.jar;C:\Users\Naman\.m2\repository\org\hipparchus\hipparchus-fitting\1.8\hipparchus-fitting-1.8.jar;C:\Users\Naman\.m2\repository\org\hipparchus\hipparchus-optim\1.8\hipparchus-optim-1.8.jar;C:\Users\Naman\.m2\repository\org\hipparchus\hipparchus-filtering\1.8\hipparchus-filtering-1.8.jar;C:\Users\Naman\.m2\repository\org\hipparchus\hipparchus-stat\1.8\hipparchus-stat-1.8.jar;C:\Users\Naman\.m2\repository\com\opencsv\opencsv\5.4\opencsv-5.4.jar;C:\Users\Naman\.m2\repository\org\apache\commons\commons-lang3\3.11\commons-lang3-3.11.jar;C:\Users\Naman\.m2\repository\org\apache\commons\commons-text\1.9\commons-text-1.9.jar;C:\Users\Naman\.m2\repository\commons-beanutils\commons-beanutils\1.9.4\commons-beanutils-1.9.4.jar;C:
Launcher Type: SUN_STANDARD

[Global flags]
     intx CICompilerCount                          = 3                                         {product} {ergonomic}
     uint ConcGCThreads                            = 1                                         {product} {ergonomic}
     uint G1ConcRefinementThreads                  = 4                                         {product} {ergonomic}
   size_t G1HeapRegionSize                         = 1048576                                   {product} {ergonomic}
    uintx GCDrainStackTargetSize                   = 64                                        {product} {ergonomic}
   size_t InitialHeapSize                          = 134217728                                 {product} {ergonomic}
   size_t MarkStackSize                            = 4194304                                   {product} {ergonomic}
   size_t MaxHeapSize                              = 2120220672                                {product} {ergonomic}
   size_t MaxNewSize                               = 1271922688                                {product} {ergonomic}
   size_t MinHeapDeltaBytes                        = 1048576                                   {product} {ergonomic}
   size_t MinHeapSize                              = 8388608                                   {product} {ergonomic}
    uintx NonNMethodCodeHeapSize                   = 5832780                                {pd product} {ergonomic}
    uintx NonProfiledCodeHeapSize                  = 122912730                              {pd product} {ergonomic}
    uintx ProfiledCodeHeapSize                     = 122912730                              {pd product} {ergonomic}
    uintx ReservedCodeCacheSize                    = 251658240                              {pd product} {ergonomic}
     bool SegmentedCodeCache                       = true                                      {product} {ergonomic}
   size_t SoftMaxHeapSize                          = 2120220672                             {manageable} {ergonomic}
     bool UseCompressedClassPointers               = true                                 {lp64_product} {ergonomic}
     bool UseCompressedOops                        = true                                 {lp64_product} {ergonomic}
     bool UseG1GC                                  = true                                      {product} {ergonomic}
     bool UseLargePagesIndividualAllocation        = false                                  {pd product} {ergonomic}

Logging:
Log output configuration:
 #0: stdout all=warning uptime,level,tags
 #1: stderr all=off uptime,level,tags

Environment Variables:
JAVA_HOME=C:\Program Files\Java\jdk-14.0.2
PATH=C:/Program Files/Java/jdk-14.0.2/bin/server;C:/Program Files/Java/jdk-14.0.2/bin;C:\Program Files\Java\jdk-14.0.2\bin;C:\Windows\system32;C:\Windows;C:\Windows\System32\Wbem;C:\Windows\System32\WindowsPowerShell\v1.0\;C:\Windows\System32\OpenSSH\;E:\Softwares\Git\cmd;E:\Softwares\RNXCMP_4.0.8_Windows_mingw_64bit\bin;E:\Softwares\Matlab\v910\runtime\win64;E:\Softwares\Matlab\v910\bin\win64;C:\Users\Naman\AppData\Local\Microsoft\WindowsApps;;C:\Users\Naman\Desktop;
USERNAME=Naman
OS=Windows_NT
PROCESSOR_IDENTIFIER=Intel64 Family 6 Model 78 Stepping 3, GenuineIntel



---------------  S Y S T E M  ---------------

OS: Windows 10 , 64 bit Build 18362 (10.0.18362.1)
OS uptime: 4 days 4:29 hours

CPU:total 4 (initial active 4) (2 cores per cpu, 2 threads per core) family 6 model 78 stepping 3, cmov, cx8, fxsr, mmx, sse, sse2, sse3, ssse3, sse4.1, sse4.2, popcnt, avx, avx2, aes, clmul, erms, 3dnowpref, lzcnt, ht, tsc, tscinvbit, bmi1, bmi2, adx, fma

Memory: 4k page, system-wide physical 8082M (2100M free)
TotalPageFile size 15250M (AvailPageFile size 5973M)
current process WorkingSet (physical memory assigned to process): 165M, peak: 291M
current process commit charge ("private bytes"): 201M, peak: 332M

vm_info: Java HotSpot(TM) 64-Bit Server VM (14.0.2+12-46) for windows-amd64 JRE (14.0.2+12-46), built on Jul  9 2020 00:35:52 by "mach5one" with MS VC++ 15.9 (VS2017)

END.
