#
# A fatal error has been detected by the Java Runtime Environment:
#
#  Internal Error (./open/src/hotspot/share/interpreter/oopMapCache.cpp:111), pid=22400, tid=13556
#  Error: ShouldNotReachHere()
#
# JRE version: Java(TM) SE Runtime Environment (14.0.2+12) (build 14.0.2+12-46)
# Java VM: Java HotSpot(TM) 64-Bit Server VM (14.0.2+12-46, mixed mode, sharing, tiered, compressed oops, g1 gc, windows-amd64)
# No core dump will be written. Minidumps are not enabled by default on client versions of Windows
#
# If you would like to submit a bug report, please visit:
#   https://bugreport.java.com/bugreport/crash.jsp
#

---------------  S U M M A R Y ------------

Command Line: -agentlib:jdwp=transport=dt_socket,suspend=y,address=localhost:61531 -javaagent:E:\Softwares\eclipse-IDE\eclipse\configuration\org.eclipse.osgi\222\0\.cp\lib\javaagent-shaded.jar -Dfile.encoding=UTF-8 com.RINEX_parser.MainApp

Host: Intel(R) Core(TM) i5-6200U CPU @ 2.30GHz, 4 cores, 7G,  Windows 10 , 64 bit Build 18362 (10.0.18362.1)
Time: Sun Apr 18 17:21:37 2021 India Standard Time elapsed time: 78 seconds (0d 0h 1m 18s)

---------------  T H R E A D  ---------------

Current thread (0x00000285aa4c6800):  JavaThread "JDWP Transport Listener: dt_socket" daemon [_thread_in_vm, id=13556, stack(0x000000fc2bb00000,0x000000fc2bc00000)] _threads_hazard_ptr=0x00000285aa5bfe50

Stack: [0x000000fc2bb00000,0x000000fc2bc00000]
Native frames: (J=compiled Java code, j=interpreted, Vv=VM code, C=native code)
V  [jvm.dll+0x5f8a9a]
V  [jvm.dll+0x74247a]
V  [jvm.dll+0x743c2f]
V  [jvm.dll+0x744227]
V  [jvm.dll+0x20d20c]
V  [jvm.dll+0x20d173]
V  [jvm.dll+0x5e7b7f]
V  [jvm.dll+0x5e78dd]
V  [jvm.dll+0x5af8e3]
V  [jvm.dll+0x739aef]
V  [jvm.dll+0x4bee61]
V  [jvm.dll+0x74908b]
V  [jvm.dll+0x4a534b]
V  [jvm.dll+0x46f2cb]
C  [jdwp.dll+0x7d07]


---------------  P R O C E S S  ---------------

Threads class SMR info:
_java_thread_list=0x00000285aa5bfe50, length=14, elements={
0x00000285892e0800, 0x00000285a9a06000, 0x00000285a9a07000, 0x00000285a9a1c800,
0x00000285a9a1f000, 0x00000285a9a21000, 0x00000285a9a2a000, 0x00000285a9a35000,
0x00000285a9a40000, 0x00000285a99eb800, 0x00000285aa4c6800, 0x00000285aa4c9800,
0x00000285aa493800, 0x00000285aa6c2000
}

Java Threads: ( => current thread )
  0x00000285892e0800 JavaThread "main" [_thread_blocked, id=5916, stack(0x000000fc2ab00000,0x000000fc2ac00000)]
  0x00000285a9a06000 JavaThread "Reference Handler" daemon [_thread_blocked, id=5296, stack(0x000000fc2b200000,0x000000fc2b300000)]
  0x00000285a9a07000 JavaThread "Finalizer" daemon [_thread_blocked, id=49020, stack(0x000000fc2b300000,0x000000fc2b400000)]
  0x00000285a9a1c800 JavaThread "Signal Dispatcher" daemon [_thread_blocked, id=36416, stack(0x000000fc2b400000,0x000000fc2b500000)]
  0x00000285a9a1f000 JavaThread "Attach Listener" daemon [_thread_blocked, id=13856, stack(0x000000fc2b500000,0x000000fc2b600000)]
  0x00000285a9a21000 JavaThread "Service Thread" daemon [_thread_blocked, id=27916, stack(0x000000fc2b600000,0x000000fc2b700000)]
  0x00000285a9a2a000 JavaThread "C2 CompilerThread0" daemon [_thread_blocked, id=15256, stack(0x000000fc2b700000,0x000000fc2b800000)]
  0x00000285a9a35000 JavaThread "C1 CompilerThread0" daemon [_thread_blocked, id=38280, stack(0x000000fc2b800000,0x000000fc2b900000)]
  0x00000285a9a40000 JavaThread "Sweeper thread" daemon [_thread_blocked, id=50096, stack(0x000000fc2b900000,0x000000fc2ba00000)]
  0x00000285a99eb800 JavaThread "Common-Cleaner" daemon [_thread_blocked, id=28804, stack(0x000000fc2ba00000,0x000000fc2bb00000)]
=>0x00000285aa4c6800 JavaThread "JDWP Transport Listener: dt_socket" daemon [_thread_in_vm, id=13556, stack(0x000000fc2bb00000,0x000000fc2bc00000)] _threads_hazard_ptr=0x00000285aa5bfe50
  0x00000285aa4c9800 JavaThread "JDWP Event Helper Thread" daemon [_thread_blocked, id=43508, stack(0x000000fc2bc00000,0x000000fc2bd00000)]
  0x00000285aa493800 JavaThread "JDWP Command Reader" daemon [_thread_in_native, id=19332, stack(0x000000fc2bd00000,0x000000fc2be00000)]
  0x00000285aa6c2000 JavaThread "Notification Thread" daemon [_thread_blocked, id=3212, stack(0x000000fc2be00000,0x000000fc2bf00000)]

Other Threads:
  0x00000285a9a03000 VMThread "VM Thread" [stack: 0x000000fc2b100000,0x000000fc2b200000] [id=22676]
  0x00000285aa6cc000 WatcherThread [stack: 0x000000fc2bf00000,0x000000fc2c000000] [id=24996]
  0x0000028589325800 GCTaskThread "GC Thread#0" [stack: 0x000000fc2ac00000,0x000000fc2ad00000] [id=16104]
  0x00000285aa6a5800 GCTaskThread "GC Thread#1" [stack: 0x000000fc2c100000,0x000000fc2c200000] [id=53484]
  0x00000285aacac000 GCTaskThread "GC Thread#2" [stack: 0x000000fc2c200000,0x000000fc2c300000] [id=13884]
  0x0000028589337000 ConcurrentGCThread "G1 Main Marker" [stack: 0x000000fc2ad00000,0x000000fc2ae00000] [id=41364]
  0x0000028589338800 ConcurrentGCThread "G1 Conc#0" [stack: 0x000000fc2ae00000,0x000000fc2af00000] [id=45476]
  0x00000285a9876800 ConcurrentGCThread "G1 Refine#0" [stack: 0x000000fc2af00000,0x000000fc2b000000] [id=52512]
  0x00000285aa5c5000 ConcurrentGCThread "G1 Refine#1" [stack: 0x000000fc2c300000,0x000000fc2c400000] [id=45728]
  0x00000285893ae000 ConcurrentGCThread "G1 Young RemSet Sampling" [stack: 0x000000fc2b000000,0x000000fc2b100000] [id=41176]

Threads with active compile tasks:

VM state:not at safepoint (normal execution)

VM Mutex/Monitor currently owned by a thread: None

Heap address: 0x0000000081a00000, size: 2022 MB, Compressed Oops mode: 32-bit
Narrow klass base: 0x0000000800000000, Narrow klass shift: 3
Compressed class space size: 1073741824 Address: 0x0000000800b30000

Heap:
 garbage-first heap   total 86016K, used 61089K [0x0000000081a00000, 0x0000000100000000)
  region size 1024K, 36 young (36864K), 11 survivors (11264K)
 Metaspace       used 6632K, capacity 6876K, committed 7168K, reserved 1056768K
  class space    used 602K, capacity 671K, committed 768K, reserved 1048576K
Heap Regions: E=young(eden), S=young(survivor), O=old, HS=humongous(starts), HC=humongous(continues), CS=collection set, F=free, OA=open archive, CA=closed archive, TAMS=top-at-mark-start (previous, next)
|   0|0x0000000081a00000, 0x0000000081b00000, 0x0000000081b00000|100%| O|  |TAMS 0x0000000081b00000, 0x0000000081a00000| Untracked 
|   1|0x0000000081b00000, 0x0000000081c00000, 0x0000000081c00000|100%| O|  |TAMS 0x0000000081c00000, 0x0000000081b00000| Untracked 
|   2|0x0000000081c00000, 0x0000000081d00000, 0x0000000081d00000|100%| O|  |TAMS 0x0000000081c24600, 0x0000000081c00000| Untracked 
|   3|0x0000000081d00000, 0x0000000081e00000, 0x0000000081e00000|100%|HS|  |TAMS 0x0000000081d00000, 0x0000000081d00000| Complete 
|   4|0x0000000081e00000, 0x0000000081f00000, 0x0000000081f00000|100%|HS|  |TAMS 0x0000000081e00000, 0x0000000081e00000| Complete 
|   5|0x0000000081f00000, 0x0000000082000000, 0x0000000082000000|100%|HS|  |TAMS 0x0000000081f00000, 0x0000000081f00000| Complete 
|   6|0x0000000082000000, 0x0000000082100000, 0x0000000082100000|100%|HC|  |TAMS 0x0000000082000000, 0x0000000082000000| Complete 
|   7|0x0000000082100000, 0x0000000082200000, 0x0000000082200000|100%|HS|  |TAMS 0x0000000082100000, 0x0000000082100000| Complete 
|   8|0x0000000082200000, 0x0000000082300000, 0x0000000082300000|100%|HS|  |TAMS 0x0000000082200000, 0x0000000082200000| Complete 
|   9|0x0000000082300000, 0x0000000082400000, 0x0000000082400000|100%|HC|  |TAMS 0x0000000082300000, 0x0000000082300000| Complete 
|  10|0x0000000082400000, 0x0000000082500000, 0x0000000082500000|100%|HC|  |TAMS 0x0000000082400000, 0x0000000082400000| Complete 
|  11|0x0000000082500000, 0x0000000082600000, 0x0000000082600000|100%|HS|  |TAMS 0x0000000082500000, 0x0000000082500000| Complete 
|  12|0x0000000082600000, 0x0000000082700000, 0x0000000082700000|100%|HC|  |TAMS 0x0000000082600000, 0x0000000082600000| Complete 
|  13|0x0000000082700000, 0x0000000082800000, 0x0000000082800000|100%|HS|  |TAMS 0x0000000082700000, 0x0000000082700000| Complete 
|  14|0x0000000082800000, 0x0000000082900000, 0x0000000082900000|100%|HS|  |TAMS 0x0000000082800000, 0x0000000082800000| Complete 
|  15|0x0000000082900000, 0x0000000082a00000, 0x0000000082a00000|100%|HS|  |TAMS 0x0000000082900000, 0x0000000082900000| Complete 
|  16|0x0000000082a00000, 0x0000000082a00000, 0x0000000082b00000|  0%| F|  |TAMS 0x0000000082a00000, 0x0000000082a00000| Untracked 
|  17|0x0000000082b00000, 0x0000000082b00000, 0x0000000082c00000|  0%| F|  |TAMS 0x0000000082b00000, 0x0000000082b00000| Untracked 
|  18|0x0000000082c00000, 0x0000000082c00000, 0x0000000082d00000|  0%| F|  |TAMS 0x0000000082c00000, 0x0000000082c00000| Untracked 
|  19|0x0000000082d00000, 0x0000000082d00000, 0x0000000082e00000|  0%| F|  |TAMS 0x0000000082d00000, 0x0000000082d00000| Untracked 
|  20|0x0000000082e00000, 0x0000000082e00000, 0x0000000082f00000|  0%| F|  |TAMS 0x0000000082e00000, 0x0000000082e00000| Untracked 
|  21|0x0000000082f00000, 0x0000000082f00000, 0x0000000083000000|  0%| F|  |TAMS 0x0000000082f00000, 0x0000000082f00000| Untracked 
|  22|0x0000000083000000, 0x0000000083000000, 0x0000000083100000|  0%| F|  |TAMS 0x0000000083000000, 0x0000000083000000| Untracked 
|  23|0x0000000083100000, 0x0000000083100000, 0x0000000083200000|  0%| F|  |TAMS 0x0000000083100000, 0x0000000083100000| Untracked 
|  24|0x0000000083200000, 0x0000000083200000, 0x0000000083300000|  0%| F|  |TAMS 0x0000000083200000, 0x0000000083200000| Untracked 
|  25|0x0000000083300000, 0x0000000083300000, 0x0000000083400000|  0%| F|  |TAMS 0x0000000083300000, 0x0000000083300000| Untracked 
|  26|0x0000000083400000, 0x0000000083400000, 0x0000000083500000|  0%| F|  |TAMS 0x0000000083400000, 0x0000000083400000| Untracked 
|  27|0x0000000083500000, 0x0000000083500000, 0x0000000083600000|  0%| F|  |TAMS 0x0000000083500000, 0x0000000083500000| Untracked 
|  28|0x0000000083600000, 0x0000000083600000, 0x0000000083700000|  0%| F|  |TAMS 0x0000000083600000, 0x0000000083600000| Untracked 
|  29|0x0000000083700000, 0x0000000083700000, 0x0000000083800000|  0%| F|  |TAMS 0x0000000083700000, 0x0000000083700000| Untracked 
|  30|0x0000000083800000, 0x0000000083800000, 0x0000000083900000|  0%| F|  |TAMS 0x0000000083800000, 0x0000000083800000| Untracked 
|  31|0x0000000083900000, 0x0000000083900000, 0x0000000083a00000|  0%| F|  |TAMS 0x0000000083900000, 0x0000000083900000| Untracked 
|  32|0x0000000083a00000, 0x0000000083a00000, 0x0000000083b00000|  0%| F|  |TAMS 0x0000000083a00000, 0x0000000083a00000| Untracked 
|  33|0x0000000083b00000, 0x0000000083b00000, 0x0000000083c00000|  0%| F|  |TAMS 0x0000000083b00000, 0x0000000083b00000| Untracked 
|  34|0x0000000083c00000, 0x0000000083c00000, 0x0000000083d00000|  0%| F|  |TAMS 0x0000000083c00000, 0x0000000083c00000| Untracked 
|  35|0x0000000083d00000, 0x0000000083d00000, 0x0000000083e00000|  0%| F|  |TAMS 0x0000000083d00000, 0x0000000083d00000| Untracked 
|  36|0x0000000083e00000, 0x0000000083e00000, 0x0000000083f00000|  0%| F|  |TAMS 0x0000000083e00000, 0x0000000083e00000| Untracked 
|  37|0x0000000083f00000, 0x0000000083f00000, 0x0000000084000000|  0%| F|  |TAMS 0x0000000083f00000, 0x0000000083f00000| Untracked 
|  38|0x0000000084000000, 0x0000000084000000, 0x0000000084100000|  0%| F|  |TAMS 0x0000000084000000, 0x0000000084000000| Untracked 
|  39|0x0000000084100000, 0x0000000084200000, 0x0000000084200000|100%| E|  |TAMS 0x0000000084100000, 0x0000000084100000| Complete 
|  40|0x0000000084200000, 0x0000000084300000, 0x0000000084300000|100%| E|CS|TAMS 0x0000000084200000, 0x0000000084200000| Complete 
|  41|0x0000000084300000, 0x0000000084400000, 0x0000000084400000|100%| E|CS|TAMS 0x0000000084300000, 0x0000000084300000| Complete 
|  42|0x0000000084400000, 0x0000000084500000, 0x0000000084500000|100%| E|CS|TAMS 0x0000000084400000, 0x0000000084400000| Complete 
|  43|0x0000000084500000, 0x0000000084600000, 0x0000000084600000|100%| E|CS|TAMS 0x0000000084500000, 0x0000000084500000| Complete 
|  44|0x0000000084600000, 0x0000000084700000, 0x0000000084700000|100%| E|CS|TAMS 0x0000000084600000, 0x0000000084600000| Complete 
|  45|0x0000000084700000, 0x0000000084800000, 0x0000000084800000|100%| E|CS|TAMS 0x0000000084700000, 0x0000000084700000| Complete 
|  46|0x0000000084800000, 0x0000000084900000, 0x0000000084900000|100%| E|CS|TAMS 0x0000000084800000, 0x0000000084800000| Complete 
|  47|0x0000000084900000, 0x0000000084a00000, 0x0000000084a00000|100%| E|CS|TAMS 0x0000000084900000, 0x0000000084900000| Complete 
|  48|0x0000000084a00000, 0x0000000084b00000, 0x0000000084b00000|100%| E|CS|TAMS 0x0000000084a00000, 0x0000000084a00000| Complete 
|  49|0x0000000084b00000, 0x0000000084c00000, 0x0000000084c00000|100%| E|CS|TAMS 0x0000000084b00000, 0x0000000084b00000| Complete 
|  50|0x0000000084c00000, 0x0000000084d00000, 0x0000000084d00000|100%| E|CS|TAMS 0x0000000084c00000, 0x0000000084c00000| Complete 
|  51|0x0000000084d00000, 0x0000000084e00000, 0x0000000084e00000|100%| E|CS|TAMS 0x0000000084d00000, 0x0000000084d00000| Complete 
|  52|0x0000000084e00000, 0x0000000084f00000, 0x0000000084f00000|100%| E|CS|TAMS 0x0000000084e00000, 0x0000000084e00000| Complete 
|  53|0x0000000084f00000, 0x0000000085000000, 0x0000000085000000|100%| E|CS|TAMS 0x0000000084f00000, 0x0000000084f00000| Complete 
|  54|0x0000000085000000, 0x0000000085100000, 0x0000000085100000|100%| E|CS|TAMS 0x0000000085000000, 0x0000000085000000| Complete 
|  55|0x0000000085100000, 0x0000000085200000, 0x0000000085200000|100%| E|CS|TAMS 0x0000000085100000, 0x0000000085100000| Complete 
|  56|0x0000000085200000, 0x0000000085300000, 0x0000000085300000|100%| E|CS|TAMS 0x0000000085200000, 0x0000000085200000| Complete 
|  57|0x0000000085300000, 0x0000000085400000, 0x0000000085400000|100%| E|CS|TAMS 0x0000000085300000, 0x0000000085300000| Complete 
|  58|0x0000000085400000, 0x0000000085500000, 0x0000000085500000|100%| E|CS|TAMS 0x0000000085400000, 0x0000000085400000| Complete 
|  59|0x0000000085500000, 0x0000000085600000, 0x0000000085600000|100%| E|CS|TAMS 0x0000000085500000, 0x0000000085500000| Complete 
|  60|0x0000000085600000, 0x0000000085700000, 0x0000000085700000|100%| E|CS|TAMS 0x0000000085600000, 0x0000000085600000| Complete 
|  61|0x0000000085700000, 0x0000000085800000, 0x0000000085800000|100%| E|CS|TAMS 0x0000000085700000, 0x0000000085700000| Complete 
|  62|0x0000000085800000, 0x0000000085900000, 0x0000000085900000|100%| E|CS|TAMS 0x0000000085800000, 0x0000000085800000| Complete 
|  63|0x0000000085900000, 0x0000000085a00000, 0x0000000085a00000|100%|HS|  |TAMS 0x0000000085a00000, 0x0000000085900000| Complete 
|  64|0x0000000085a00000, 0x0000000085b00000, 0x0000000085b00000|100%|HC|  |TAMS 0x0000000085b00000, 0x0000000085a00000| Complete 
|  65|0x0000000085b00000, 0x0000000085c00000, 0x0000000085c00000|100%| O|  |TAMS 0x0000000085b00000, 0x0000000085b00000| Untracked 
|  66|0x0000000085c00000, 0x0000000085d00000, 0x0000000085d00000|100%| O|  |TAMS 0x0000000085c00000, 0x0000000085c00000| Untracked 
|  67|0x0000000085d00000, 0x0000000085e00000, 0x0000000085e00000|100%| O|  |TAMS 0x0000000085d00000, 0x0000000085d00000| Untracked 
|  68|0x0000000085e00000, 0x0000000085f00000, 0x0000000085f00000|100%| O|  |TAMS 0x0000000085e00000, 0x0000000085e00000| Untracked 
|  69|0x0000000085f00000, 0x0000000086000000, 0x0000000086000000|100%| O|  |TAMS 0x0000000085f00000, 0x0000000085f00000| Untracked 
|  70|0x0000000086000000, 0x0000000086100000, 0x0000000086100000|100%| O|  |TAMS 0x0000000086000000, 0x0000000086000000| Untracked 
|  71|0x0000000086100000, 0x00000000861a8600, 0x0000000086200000| 65%| O|  |TAMS 0x0000000086100000, 0x0000000086100000| Untracked 
|  87|0x0000000087100000, 0x0000000087200000, 0x0000000087200000|100%| S|CS|TAMS 0x0000000087100000, 0x0000000087100000| Complete 
|  88|0x0000000087200000, 0x0000000087300000, 0x0000000087300000|100%| S|CS|TAMS 0x0000000087200000, 0x0000000087200000| Complete 
|  89|0x0000000087300000, 0x0000000087400000, 0x0000000087400000|100%| S|CS|TAMS 0x0000000087300000, 0x0000000087300000| Complete 
|  90|0x0000000087400000, 0x0000000087500000, 0x0000000087500000|100%| S|CS|TAMS 0x0000000087400000, 0x0000000087400000| Complete 
|  91|0x0000000087500000, 0x0000000087600000, 0x0000000087600000|100%| S|CS|TAMS 0x0000000087500000, 0x0000000087500000| Complete 
|  92|0x0000000087600000, 0x0000000087700000, 0x0000000087700000|100%| S|CS|TAMS 0x0000000087600000, 0x0000000087600000| Complete 
|  93|0x0000000087700000, 0x0000000087800000, 0x0000000087800000|100%| S|CS|TAMS 0x0000000087700000, 0x0000000087700000| Complete 
|  94|0x0000000087800000, 0x0000000087900000, 0x0000000087900000|100%| S|CS|TAMS 0x0000000087800000, 0x0000000087800000| Complete 
|  95|0x0000000087900000, 0x0000000087a00000, 0x0000000087a00000|100%| S|CS|TAMS 0x0000000087900000, 0x0000000087900000| Complete 
|  96|0x0000000087a00000, 0x0000000087b00000, 0x0000000087b00000|100%| S|CS|TAMS 0x0000000087a00000, 0x0000000087a00000| Complete 
|  97|0x0000000087b00000, 0x0000000087c00000, 0x0000000087c00000|100%| S|CS|TAMS 0x0000000087b00000, 0x0000000087b00000| Complete 
| 144|0x000000008aa00000, 0x000000008ab00000, 0x000000008ab00000|100%| E|CS|TAMS 0x000000008aa00000, 0x000000008aa00000| Complete 

Card table byte_map: [0x00000285a2c90000,0x00000285a3090000] _byte_map_base: 0x00000285a2883000

Marking Bits (Prev, Next): (CMBitMap*) 0x0000028589326008, (CMBitMap*) 0x0000028589325fc8
 Prev Bits: [0x00000285a5430000, 0x00000285a73c8000)
 Next Bits: [0x00000285a3490000, 0x00000285a5428000)

Polling page: 0x0000028589080000

Metaspace:

Usage:
  Non-class:      6.06 MB capacity,     5.89 MB ( 97%) used,   161.93 KB (  3%) free+waste,    12.44 KB ( <1%) overhead. 
      Class:    671.00 KB capacity,   602.21 KB ( 90%) used,    62.79 KB (  9%) free+waste,     6.00 KB ( <1%) overhead. 
       Both:      6.71 MB capacity,     6.48 MB ( 96%) used,   224.72 KB (  3%) free+waste,    18.44 KB ( <1%) overhead. 

Virtual space:
  Non-class space:        8.00 MB reserved,       6.25 MB ( 78%) committed 
      Class space:        1.00 GB reserved,     768.00 KB ( <1%) committed 
             Both:        1.01 GB reserved,       7.00 MB ( <1%) committed 

Chunk freelists:
   Non-Class:  3.00 KB
       Class:  0 bytes
        Both:  3.00 KB

MaxMetaspaceSize: 17179869184.00 GB
CompressedClassSpaceSize: 1.00 GB

CodeHeap 'non-profiled nmethods': size=120000Kb used=1480Kb max_used=1480Kb free=118519Kb
 bounds [0x000002859ad40000, 0x000002859afb0000, 0x00000285a2270000]
CodeHeap 'profiled nmethods': size=120000Kb used=4420Kb max_used=4420Kb free=115579Kb
 bounds [0x0000028593810000, 0x0000028593c70000, 0x000002859ad40000]
CodeHeap 'non-nmethods': size=5760Kb used=1288Kb max_used=1362Kb free=4472Kb
 bounds [0x0000028593270000, 0x00000285934e0000, 0x0000028593810000]
 total_blobs=2308 nmethods=1843 adapters=378
 compilation: enabled
              stopped_count=0, restarted_count=0
 full_count=0

Compilation events (20 events):
Event: 7.456 Thread 0x00000285aade0800 nmethod 1823 0x000002859ae91710 code [0x000002859ae91b60, 0x000002859ae93138]
Event: 7.456 Thread 0x00000285aade0800 1797 %     4       java.util.regex.Pattern$BnM::match @ 20 (161 bytes)
Event: 7.486 Thread 0x00000285aade0800 nmethod 1797% 0x000002859ae93c90 code [0x000002859ae940a0, 0x000002859ae95948]
Event: 7.486 Thread 0x00000285aade0800 1819       4       java.util.regex.Matcher::find (69 bytes)
Event: 7.487 Thread 0x00000285aade0800 nmethod 1819 0x000002859ae96290 code [0x000002859ae96420, 0x000002859ae96528]
Event: 7.487 Thread 0x00000285aade0800 1806       4       java.util.regex.Pattern$$Lambda$23/0x0000000800ba8040::is (5 bytes)
Event: 7.488 Thread 0x00000285aade0800 nmethod 1806 0x000002859ae96610 code [0x000002859ae967a0, 0x000002859ae96898]
Event: 7.488 Thread 0x00000285aade0800 1771       4       java.lang.String::trim (35 bytes)
Event: 7.499 Thread 0x00000285aade0800 nmethod 1771 0x000002859ae96990 code [0x000002859ae96b80, 0x000002859ae971f8]
Event: 7.499 Thread 0x00000285aade0800 1772       4       java.util.regex.Matcher::<init> (95 bytes)
Event: 7.530 Thread 0x00000285aade0800 nmethod 1772 0x000002859ae97490 code [0x000002859ae97740, 0x000002859ae986d8]
Event: 7.530 Thread 0x00000285aade0800 1810       4       java.util.regex.Pattern$Behind::match (137 bytes)
Event: 7.538 Thread 0x00000285aade0800 nmethod 1810 0x000002859ae98a90 code [0x000002859ae98d20, 0x000002859ae99578]
Event: 7.538 Thread 0x00000285aade0800 1807       4       java.util.regex.Pattern$LineEnding::match (148 bytes)
Event: 7.548 Thread 0x00000285aade0800 nmethod 1807 0x000002859ae99a10 code [0x000002859ae99d80, 0x000002859ae9a8d8]
Event: 7.548 Thread 0x00000285aade0800 1811       4       java.util.regex.Pattern$CharProperty::match (71 bytes)
Event: 7.562 Thread 0x00000285aade0800 nmethod 1811 0x000002859ae9af10 code [0x000002859ae9b2a0, 0x000002859ae9bf18]
Event: 7.562 Thread 0x00000285aade0800 1813       4       java.util.regex.Pattern$LastMatch::match (21 bytes)
Event: 7.563 Thread 0x00000285aade0800 nmethod 1813 0x000002859ae9c690 code [0x000002859ae9c860, 0x000002859ae9ca68]
Event: 7.760 Thread 0x00000285a9a2a000 nmethod 1741 0x000002859ae9cb90 code [0x000002859ae9de20, 0x000002859aeacf38]

GC Heap History (20 events):
Event: 4.283 GC heap before
{Heap before GC invocations=23 (full 0):
 garbage-first heap   total 131072K, used 78995K [0x0000000081a00000, 0x0000000100000000)
  region size 1024K, 76 young (77824K), 1 survivors (1024K)
 Metaspace       used 3930K, capacity 5451K, committed 5760K, reserved 1056768K
  class space    used 347K, capacity 517K, committed 640K, reserved 1048576K
}
Event: 4.284 GC heap after
{Heap after GC invocations=24 (full 0):
 garbage-first heap   total 131072K, used 2195K [0x0000000081a00000, 0x0000000100000000)
  region size 1024K, 1 young (1024K), 1 survivors (1024K)
 Metaspace       used 3930K, capacity 5451K, committed 5760K, reserved 1056768K
  class space    used 347K, capacity 517K, committed 640K, reserved 1048576K
}
Event: 4.425 GC heap before
{Heap before GC invocations=24 (full 0):
 garbage-first heap   total 131072K, used 78995K [0x0000000081a00000, 0x0000000100000000)
  region size 1024K, 76 young (77824K), 1 survivors (1024K)
 Metaspace       used 3930K, capacity 5451K, committed 5760K, reserved 1056768K
  class space    used 347K, capacity 517K, committed 640K, reserved 1048576K
}
Event: 4.426 GC heap after
{Heap after GC invocations=25 (full 0):
 garbage-first heap   total 131072K, used 2199K [0x0000000081a00000, 0x0000000100000000)
  region size 1024K, 1 young (1024K), 1 survivors (1024K)
 Metaspace       used 3930K, capacity 5451K, committed 5760K, reserved 1056768K
  class space    used 347K, capacity 517K, committed 640K, reserved 1048576K
}
Event: 4.569 GC heap before
{Heap before GC invocations=25 (full 0):
 garbage-first heap   total 131072K, used 78999K [0x0000000081a00000, 0x0000000100000000)
  region size 1024K, 76 young (77824K), 1 survivors (1024K)
 Metaspace       used 3930K, capacity 5451K, committed 5760K, reserved 1056768K
  class space    used 347K, capacity 517K, committed 640K, reserved 1048576K
}
Event: 4.570 GC heap after
{Heap after GC invocations=26 (full 0):
 garbage-first heap   total 131072K, used 2199K [0x0000000081a00000, 0x0000000100000000)
  region size 1024K, 1 young (1024K), 1 survivors (1024K)
 Metaspace       used 3930K, capacity 5451K, committed 5760K, reserved 1056768K
  class space    used 347K, capacity 517K, committed 640K, reserved 1048576K
}
Event: 4.712 GC heap before
{Heap before GC invocations=26 (full 0):
 garbage-first heap   total 131072K, used 78999K [0x0000000081a00000, 0x0000000100000000)
  region size 1024K, 76 young (77824K), 1 survivors (1024K)
 Metaspace       used 3930K, capacity 5451K, committed 5760K, reserved 1056768K
  class space    used 347K, capacity 517K, committed 640K, reserved 1048576K
}
Event: 4.713 GC heap after
{Heap after GC invocations=27 (full 0):
 garbage-first heap   total 131072K, used 2199K [0x0000000081a00000, 0x0000000100000000)
  region size 1024K, 1 young (1024K), 1 survivors (1024K)
 Metaspace       used 3930K, capacity 5451K, committed 5760K, reserved 1056768K
  class space    used 347K, capacity 517K, committed 640K, reserved 1048576K
}
Event: 4.855 GC heap before
{Heap before GC invocations=27 (full 0):
 garbage-first heap   total 131072K, used 78999K [0x0000000081a00000, 0x0000000100000000)
  region size 1024K, 76 young (77824K), 1 survivors (1024K)
 Metaspace       used 3930K, capacity 5451K, committed 5760K, reserved 1056768K
  class space    used 347K, capacity 517K, committed 640K, reserved 1048576K
}
Event: 4.856 GC heap after
{Heap after GC invocations=28 (full 0):
 garbage-first heap   total 131072K, used 2199K [0x0000000081a00000, 0x0000000100000000)
  region size 1024K, 1 young (1024K), 1 survivors (1024K)
 Metaspace       used 3930K, capacity 5451K, committed 5760K, reserved 1056768K
  class space    used 347K, capacity 517K, committed 640K, reserved 1048576K
}
Event: 5.024 GC heap before
{Heap before GC invocations=28 (full 0):
 garbage-first heap   total 131072K, used 78999K [0x0000000081a00000, 0x0000000100000000)
  region size 1024K, 76 young (77824K), 1 survivors (1024K)
 Metaspace       used 3930K, capacity 5451K, committed 5760K, reserved 1056768K
  class space    used 347K, capacity 517K, committed 640K, reserved 1048576K
}
Event: 5.025 GC heap after
{Heap after GC invocations=29 (full 0):
 garbage-first heap   total 131072K, used 2199K [0x0000000081a00000, 0x0000000100000000)
  region size 1024K, 1 young (1024K), 1 survivors (1024K)
 Metaspace       used 3930K, capacity 5451K, committed 5760K, reserved 1056768K
  class space    used 347K, capacity 517K, committed 640K, reserved 1048576K
}
Event: 5.862 GC heap before
{Heap before GC invocations=29 (full 0):
 garbage-first heap   total 131072K, used 78999K [0x0000000081a00000, 0x0000000100000000)
  region size 1024K, 76 young (77824K), 1 survivors (1024K)
 Metaspace       used 5316K, capacity 6347K, committed 6528K, reserved 1056768K
  class space    used 493K, capacity 600K, committed 640K, reserved 1048576K
}
Event: 5.867 GC heap after
{Heap after GC invocations=30 (full 0):
 garbage-first heap   total 131072K, used 5295K [0x0000000081a00000, 0x0000000100000000)
  region size 1024K, 4 young (4096K), 4 survivors (4096K)
 Metaspace       used 5316K, capacity 6347K, committed 6528K, reserved 1056768K
  class space    used 493K, capacity 600K, committed 640K, reserved 1048576K
}
Event: 6.389 GC heap before
{Heap before GC invocations=30 (full 0):
 garbage-first heap   total 148480K, used 125103K [0x0000000081a00000, 0x0000000100000000)
  region size 1024K, 66 young (67584K), 4 survivors (4096K)
 Metaspace       used 6177K, capacity 6693K, committed 6912K, reserved 1056768K
  class space    used 578K, capacity 653K, committed 768K, reserved 1048576K
}
Event: 6.395 GC heap after
{Heap after GC invocations=31 (full 0):
 garbage-first heap   total 148480K, used 25147K [0x0000000081a00000, 0x0000000100000000)
  region size 1024K, 6 young (6144K), 6 survivors (6144K)
 Metaspace       used 6177K, capacity 6693K, committed 6912K, reserved 1056768K
  class space    used 578K, capacity 653K, committed 768K, reserved 1048576K
}
Event: 6.424 GC heap before
{Heap before GC invocations=32 (full 0):
 garbage-first heap   total 148480K, used 76347K [0x0000000081a00000, 0x0000000100000000)
  region size 1024K, 7 young (7168K), 6 survivors (6144K)
 Metaspace       used 6177K, capacity 6693K, committed 6912K, reserved 1056768K
  class space    used 578K, capacity 653K, committed 768K, reserved 1048576K
}
Event: 6.428 GC heap after
{Heap after GC invocations=33 (full 0):
 garbage-first heap   total 148480K, used 41704K [0x0000000081a00000, 0x0000000100000000)
  region size 1024K, 6 young (6144K), 6 survivors (6144K)
 Metaspace       used 6177K, capacity 6693K, committed 6912K, reserved 1056768K
  class space    used 578K, capacity 653K, committed 768K, reserved 1048576K
}
Event: 7.134 GC heap before
{Heap before GC invocations=34 (full 0):
 garbage-first heap   total 148480K, used 112360K [0x0000000081a00000, 0x0000000100000000)
  region size 1024K, 47 young (48128K), 6 survivors (6144K)
 Metaspace       used 6461K, capacity 6786K, committed 6912K, reserved 1056768K
  class space    used 587K, capacity 662K, committed 768K, reserved 1048576K
}
Event: 7.148 GC heap after
{Heap after GC invocations=35 (full 0):
 garbage-first heap   total 148480K, used 24225K [0x0000000081a00000, 0x0000000100000000)
  region size 1024K, 11 young (11264K), 11 survivors (11264K)
 Metaspace       used 6461K, capacity 6786K, committed 6912K, reserved 1056768K
  class space    used 587K, capacity 662K, committed 768K, reserved 1048576K
}

Deoptimization events (20 events):
Event: 7.348 Thread 0x00000285892e0800 DEOPT PACKING pc=0x0000028593c53f23 sp=0x000000fc2abfe9a0
Event: 7.348 Thread 0x00000285892e0800 DEOPT UNPACKING pc=0x00000285932b964e sp=0x000000fc2abfde50 mode 0
Event: 7.349 Thread 0x00000285892e0800 DEOPT PACKING pc=0x0000028593c4c463 sp=0x000000fc2abfebd0
Event: 7.349 Thread 0x00000285892e0800 DEOPT UNPACKING pc=0x00000285932b964e sp=0x000000fc2abfe278 mode 0
Event: 7.351 Thread 0x00000285892e0800 DEOPT PACKING pc=0x0000028593c53f23 sp=0x000000fc2abfe9a0
Event: 7.351 Thread 0x00000285892e0800 DEOPT UNPACKING pc=0x00000285932b964e sp=0x000000fc2abfde50 mode 0
Event: 7.354 Thread 0x00000285892e0800 DEOPT PACKING pc=0x0000028593c53f23 sp=0x000000fc2abfe9a0
Event: 7.354 Thread 0x00000285892e0800 DEOPT UNPACKING pc=0x00000285932b964e sp=0x000000fc2abfde50 mode 0
Event: 7.359 Thread 0x00000285892e0800 DEOPT PACKING pc=0x0000028593c53f23 sp=0x000000fc2abfe9a0
Event: 7.359 Thread 0x00000285892e0800 DEOPT UNPACKING pc=0x00000285932b964e sp=0x000000fc2abfde50 mode 0
Event: 7.363 Thread 0x00000285892e0800 DEOPT PACKING pc=0x0000028593c53f23 sp=0x000000fc2abfe9a0
Event: 7.363 Thread 0x00000285892e0800 DEOPT UNPACKING pc=0x00000285932b964e sp=0x000000fc2abfde50 mode 0
Event: 7.366 Thread 0x00000285892e0800 DEOPT PACKING pc=0x0000028593c53f23 sp=0x000000fc2abfe9a0
Event: 7.366 Thread 0x00000285892e0800 DEOPT UNPACKING pc=0x00000285932b964e sp=0x000000fc2abfde50 mode 0
Event: 7.369 Thread 0x00000285892e0800 DEOPT PACKING pc=0x0000028593c53f23 sp=0x000000fc2abfe9a0
Event: 7.369 Thread 0x00000285892e0800 DEOPT UNPACKING pc=0x00000285932b964e sp=0x000000fc2abfde50 mode 0
Event: 7.371 Thread 0x00000285892e0800 DEOPT PACKING pc=0x0000028593c53f23 sp=0x000000fc2abfe9a0
Event: 7.371 Thread 0x00000285892e0800 DEOPT UNPACKING pc=0x00000285932b964e sp=0x000000fc2abfde50 mode 0
Event: 7.374 Thread 0x00000285892e0800 DEOPT PACKING pc=0x0000028593c53f23 sp=0x000000fc2abfe9a0
Event: 7.374 Thread 0x00000285892e0800 DEOPT UNPACKING pc=0x00000285932b964e sp=0x000000fc2abfde50 mode 0

Classes unloaded (0 events):
No events

Classes redefined (1 events):
Event: 78.094 Thread 0x00000285a9a03000 redefined class name=com.RINEX_parser.MainApp, count=1

Internal exceptions (9 events):
Event: 0.649 Thread 0x00000285892e0800 Exception <a 'java/lang/NoSuchMethodError'{0x0000000088e54990}: 'int java.lang.invoke.DirectMethodHandle$Holder.invokeVirtual(java.lang.Object, java.lang.Object, java.lang.Object)'> (0x0000000088e54990) 
thrown [./open/src/hotspot/share/interpreter/linkResolver.cpp, line 766]
Event: 5.039 Thread 0x00000285892e0800 Implicit null exception at 0x000002859ada477e to 0x000002859ada6860
Event: 5.159 Thread 0x00000285892e0800 Exception <a 'java/lang/NoSuchMethodError'{0x0000000088c4a2b0}: 'int java.lang.invoke.DirectMethodHandle$Holder.invokeSpecialIFC(java.lang.Object, java.lang.Object, int)'> (0x0000000088c4a2b0) 
thrown [./open/src/hotspot/share/interpreter/linkResolver.cpp, line 766]
Event: 5.215 Thread 0x00000285892e0800 Exception <a 'java/lang/NoSuchMethodError'{0x0000000088b3b948}: 'java.lang.Object java.lang.invoke.Invokers$Holder.invokeExact_MT(java.lang.Object, java.lang.Object, java.lang.Object, java.lang.Object, java.lang.Object, java.lang.Object)'> (0x0000000088b3b948) 
thrown [./open/src/hotspot/share/interpreter/linkResolver.cpp, line 766]
Event: 5.912 Thread 0x00000285892e0800 Exception <a 'java/lang/NoSuchMethodError'{0x0000000089632920}: 'java.lang.Object java.lang.invoke.DirectMethodHandle$Holder.invokeStatic(java.lang.Object, java.lang.Object, java.lang.Object, int)'> (0x0000000089632920) 
thrown [./open/src/hotspot/share/interpreter/linkResolver.cpp, line 766]
Event: 5.913 Thread 0x00000285892e0800 Exception <a 'java/lang/NoSuchMethodError'{0x0000000089638828}: 'java.lang.Object java.lang.invoke.Invokers$Holder.linkToTargetMethod(java.lang.Object, java.lang.Object, int, java.lang.Object)'> (0x0000000089638828) 
thrown [./open/src/hotspot/share/interpreter/linkResolver.cpp, line 766]
Event: 6.120 Thread 0x00000285892e0800 Implicit null exception at 0x000002859adfab6c to 0x000002859adfc0a8
Event: 6.276 Thread 0x00000285892e0800 Exception <a 'java/lang/NoSuchMethodError'{0x0000000085d0d1f0}: 'double java.lang.invoke.DirectMethodHandle$Holder.invokeStatic(java.lang.Object, java.lang.Object)'> (0x0000000085d0d1f0) 
thrown [./open/src/hotspot/share/interpreter/linkResolver.cpp, line 766]
Event: 78.293 Thread 0x00000285aa4c6800 Exception <a 'java/lang/LinkageError'{0x00000000841b1188}> (0x00000000841b1188) 
thrown [./open/src/hotspot/share/oops/generateOopMap.cpp, line 2140]

Events (20 events):
Event: 78.144 Executing VM operation: GetFrameCount
Event: 78.144 Executing VM operation: GetFrameCount done
Event: 78.145 Executing VM operation: GetFrameCount
Event: 78.145 Executing VM operation: GetFrameCount done
Event: 78.145 Executing VM operation: GetStackTrace
Event: 78.145 Executing VM operation: GetStackTrace done
Event: 78.146 Executing VM operation: GetFrameCount
Event: 78.146 Executing VM operation: GetFrameCount done
Event: 78.146 Executing VM operation: GetOwnedMonitorInfo
Event: 78.146 Executing VM operation: GetOwnedMonitorInfo done
Event: 78.146 Executing VM operation: GetCurrentContendedMonitor
Event: 78.146 Executing VM operation: GetCurrentContendedMonitor done
Event: 78.147 Executing VM operation: GetOwnedMonitorInfo
Event: 78.147 Executing VM operation: GetOwnedMonitorInfo done
Event: 78.147 Executing VM operation: GetCurrentContendedMonitor
Event: 78.147 Executing VM operation: GetCurrentContendedMonitor done
Event: 78.147 Executing VM operation: GetCurrentContendedMonitor
Event: 78.147 Executing VM operation: GetCurrentContendedMonitor done
Event: 78.147 Executing VM operation: GetOwnedMonitorInfo
Event: 78.148 Executing VM operation: GetOwnedMonitorInfo done


Dynamic libraries:
0x00007ff6c6ce0000 - 0x00007ff6c6cef000 	C:\Program Files\Java\jdk-14.0.2\bin\javaw.exe
0x00007ffc5a360000 - 0x00007ffc5a550000 	C:\Windows\SYSTEM32\ntdll.dll
0x00007ffc598a0000 - 0x00007ffc59952000 	C:\Windows\System32\KERNEL32.DLL
0x00007ffc57bf0000 - 0x00007ffc57e92000 	C:\Windows\System32\KERNELBASE.dll
0x00007ffc572f0000 - 0x00007ffc573ea000 	C:\Windows\System32\ucrtbase.dll
0x00007ffc4d7e0000 - 0x00007ffc4d7f8000 	C:\Program Files\Java\jdk-14.0.2\bin\jli.dll
0x00007ffc597e0000 - 0x00007ffc59883000 	C:\Windows\System32\ADVAPI32.dll
0x00007ffc59bc0000 - 0x00007ffc59c5e000 	C:\Windows\System32\msvcrt.dll
0x00007ffc4d7c0000 - 0x00007ffc4d7d5000 	C:\Program Files\Java\jdk-14.0.2\bin\VCRUNTIME140.dll
0x00007ffc5a150000 - 0x00007ffc5a1e7000 	C:\Windows\System32\sechost.dll
0x00007ffc58d00000 - 0x00007ffc58e20000 	C:\Windows\System32\RPCRT4.dll
0x00007ffc58ef0000 - 0x00007ffc59083000 	C:\Windows\System32\USER32.dll
0x00007ffc57ea0000 - 0x00007ffc57ec1000 	C:\Windows\System32\win32u.dll
0x00007ffc593a0000 - 0x00007ffc593c6000 	C:\Windows\System32\GDI32.dll
0x00007ffc4aaf0000 - 0x00007ffc4ad75000 	C:\Windows\WinSxS\amd64_microsoft.windows.common-controls_6595b64144ccf1df_6.0.18362.30_none_a1435978519dce7f\COMCTL32.dll
0x00007ffc594a0000 - 0x00007ffc597d6000 	C:\Windows\System32\combase.dll
0x00007ffc58160000 - 0x00007ffc582f4000 	C:\Windows\System32\gdi32full.dll
0x00007ffc57ed0000 - 0x00007ffc57f51000 	C:\Windows\System32\bcryptPrimitives.dll
0x00007ffc58380000 - 0x00007ffc5841e000 	C:\Windows\System32\msvcp_win.dll
0x00007ffc4cb10000 - 0x00007ffc4cb1a000 	C:\Windows\SYSTEM32\VERSION.dll
0x00007ffc585e0000 - 0x00007ffc5860e000 	C:\Windows\System32\IMM32.DLL
0x00007ffc3a0a0000 - 0x00007ffc3a13b000 	C:\Program Files\Java\jdk-14.0.2\bin\msvcp140.dll
0x00007ffc10c90000 - 0x00007ffc117ae000 	C:\Program Files\Java\jdk-14.0.2\bin\server\jvm.dll
0x00007ffc58cf0000 - 0x00007ffc58cf8000 	C:\Windows\System32\PSAPI.DLL
0x00007ffc54b70000 - 0x00007ffc54b94000 	C:\Windows\SYSTEM32\WINMM.dll
0x00007ffc54710000 - 0x00007ffc5473d000 	C:\Windows\SYSTEM32\WINMMBASE.dll
0x00007ffc57ba0000 - 0x00007ffc57bea000 	C:\Windows\System32\cfgmgr32.dll
0x00007ffc45c70000 - 0x00007ffc45c79000 	C:\Windows\SYSTEM32\WSOCK32.dll
0x00007ffc59970000 - 0x00007ffc599df000 	C:\Windows\System32\WS2_32.dll
0x00007ffc572b0000 - 0x00007ffc572c1000 	C:\Windows\System32\kernel.appcore.dll
0x00007ffc54960000 - 0x00007ffc5496a000 	C:\Program Files\Java\jdk-14.0.2\bin\jimage.dll
0x00007ffc55b60000 - 0x00007ffc55d54000 	C:\Windows\SYSTEM32\DBGHELP.DLL
0x00007ffc450b0000 - 0x00007ffc450da000 	C:\Windows\SYSTEM32\dbgcore.DLL
0x00007ffc49410000 - 0x00007ffc49448000 	C:\Program Files\Java\jdk-14.0.2\bin\jdwp.dll
0x00007ffc49790000 - 0x00007ffc497b5000 	C:\Program Files\Java\jdk-14.0.2\bin\java.dll
0x00007ffc54930000 - 0x00007ffc5493e000 	C:\Program Files\Java\jdk-14.0.2\bin\instrument.dll
0x00007ffc4e220000 - 0x00007ffc4e236000 	C:\Program Files\Java\jdk-14.0.2\bin\zip.dll
0x00007ffc58610000 - 0x00007ffc58cf0000 	C:\Windows\System32\SHELL32.dll
0x00007ffc5a270000 - 0x00007ffc5a319000 	C:\Windows\System32\shcore.dll
0x00007ffc57420000 - 0x00007ffc57b9b000 	C:\Windows\System32\windows.storage.dll
0x00007ffc57240000 - 0x00007ffc5725f000 	C:\Windows\System32\profapi.dll
0x00007ffc57260000 - 0x00007ffc572aa000 	C:\Windows\System32\powrprof.dll
0x00007ffc57230000 - 0x00007ffc57240000 	C:\Windows\System32\UMPDC.dll
0x00007ffc59af0000 - 0x00007ffc59b42000 	C:\Windows\System32\shlwapi.dll
0x00007ffc58360000 - 0x00007ffc58377000 	C:\Windows\System32\cryptsp.dll
0x00007ffc548e0000 - 0x00007ffc548eb000 	C:\Program Files\Java\jdk-14.0.2\bin\dt_socket.dll
0x00007ffc56800000 - 0x00007ffc5683a000 	C:\Windows\SYSTEM32\IPHLPAPI.DLL
0x00007ffc56aa0000 - 0x00007ffc56b07000 	C:\Windows\system32\mswsock.dll
0x00007ffc56840000 - 0x00007ffc5690a000 	C:\Windows\SYSTEM32\DNSAPI.dll
0x00007ffc59890000 - 0x00007ffc59898000 	C:\Windows\System32\NSI.dll
0x0000000056020000 - 0x0000000056046000 	C:\Program Files\Bonjour\mdnsNSP.dll
0x00007ffc4b470000 - 0x00007ffc4b47a000 	C:\Windows\System32\rasadhlp.dll
0x00007ffc4cb90000 - 0x00007ffc4cc07000 	C:\Windows\System32\fwpuclnt.dll
0x00007ffc573f0000 - 0x00007ffc57416000 	C:\Windows\System32\bcrypt.dll
0x00007ffc4dba0000 - 0x00007ffc4dbb9000 	C:\Program Files\Java\jdk-14.0.2\bin\net.dll
0x00007ffc4c400000 - 0x00007ffc4c4ef000 	C:\Windows\SYSTEM32\WINHTTP.dll
0x00007ffc4d950000 - 0x00007ffc4d962000 	C:\Program Files\Java\jdk-14.0.2\bin\nio.dll
0x00007ffc50350000 - 0x00007ffc50360000 	C:\Program Files\Java\jdk-14.0.2\bin\verify.dll

dbghelp: loaded successfully - version: 4.0.5 - missing functions: none
symbol engine: initialized successfully - sym options: 0x614 - pdb path: .;C:\Program Files\Java\jdk-14.0.2\bin;C:\Windows\SYSTEM32;C:\Windows\WinSxS\amd64_microsoft.windows.common-controls_6595b64144ccf1df_6.0.18362.30_none_a1435978519dce7f;C:\Program Files\Java\jdk-14.0.2\bin\server;C:\Program Files\Bonjour

VM Arguments:
jvm_args: -agentlib:jdwp=transport=dt_socket,suspend=y,address=localhost:61531 -javaagent:E:\Softwares\eclipse-IDE\eclipse\configuration\org.eclipse.osgi\222\0\.cp\lib\javaagent-shaded.jar -Dfile.encoding=UTF-8 
java_command: com.RINEX_parser.MainApp
java_class_path (initial): E:\projects\eclipse_projects\rinex_parse\target\classes;C:\Users\Naman\.m2\repository\org\ejml\ejml-simple\0.39\ejml-simple-0.39.jar;C:\Users\Naman\.m2\repository\com\google\code\findbugs\jsr305\3.0.2\jsr305-3.0.2.jar;C:\Users\Naman\.m2\repository\org\ejml\ejml-core\0.39\ejml-core-0.39.jar;C:\Users\Naman\.m2\repository\org\ejml\ejml-fdense\0.39\ejml-fdense-0.39.jar;C:\Users\Naman\.m2\repository\org\ejml\ejml-ddense\0.39\ejml-ddense-0.39.jar;C:\Users\Naman\.m2\repository\org\ejml\ejml-cdense\0.39\ejml-cdense-0.39.jar;C:\Users\Naman\.m2\repository\org\ejml\ejml-zdense\0.39\ejml-zdense-0.39.jar;C:\Users\Naman\.m2\repository\org\ejml\ejml-dsparse\0.39\ejml-dsparse-0.39.jar;C:\Users\Naman\.m2\repository\org\ejml\ejml-fsparse\0.39\ejml-fsparse-0.39.jar;C:\Users\Naman\.m2\repository\org\jfree\jfreechart\1.5.1\jfreechart-1.5.1.jar;C:\Users\Naman\.m2\repository\jfree\jcommon\1.0.16\jcommon-1.0.16.jar;C:\Users\Naman\.m2\repository\org\orekit\orekit\10.3\orekit-10.3.jar;C:\Users\Naman\.m2\repository\org\hipparchus\hipparchus-core\1.8\hipparchus-core-1.8.jar;C:\Users\Naman\.m2\repository\org\hipparchus\hipparchus-geometry\1.8\hipparchus-geometry-1.8.jar;C:\Users\Naman\.m2\repository\org\hipparchus\hipparchus-ode\1.8\hipparchus-ode-1.8.jar;C:\Users\Naman\.m2\repository\org\hipparchus\hipparchus-fitting\1.8\hipparchus-fitting-1.8.jar;C:\Users\Naman\.m2\repository\org\hipparchus\hipparchus-optim\1.8\hipparchus-optim-1.8.jar;C:\Users\Naman\.m2\repository\org\hipparchus\hipparchus-filtering\1.8\hipparchus-filtering-1.8.jar;C:\Users\Naman\.m2\repository\org\hipparchus\hipparchus-stat\1.8\hipparchus-stat-1.8.jar
Launcher Type: SUN_STANDARD

[Global flags]
     intx CICompilerCount                          = 3                                         {product} {ergonomic}
     uint ConcGCThreads                            = 1                                         {product} {ergonomic}
     uint G1ConcRefinementThreads                  = 4                                         {product} {ergonomic}
   size_t G1HeapRegionSize                         = 1048576                                   {product} {ergonomic}
    uintx GCDrainStackTargetSize                   = 64                                        {product} {ergonomic}
   size_t InitialHeapSize                          = 134217728                                 {product} {ergonomic}
   size_t MarkStackSize                            = 4194304                                   {product} {ergonomic}
   size_t MaxHeapSize                              = 2120220672                                {product} {ergonomic}
   size_t MaxNewSize                               = 1271922688                                {product} {ergonomic}
   size_t MinHeapDeltaBytes                        = 1048576                                   {product} {ergonomic}
   size_t MinHeapSize                              = 8388608                                   {product} {ergonomic}
    uintx NonNMethodCodeHeapSize                   = 5832780                                {pd product} {ergonomic}
    uintx NonProfiledCodeHeapSize                  = 122912730                              {pd product} {ergonomic}
    uintx ProfiledCodeHeapSize                     = 122912730                              {pd product} {ergonomic}
    uintx ReservedCodeCacheSize                    = 251658240                              {pd product} {ergonomic}
     bool SegmentedCodeCache                       = true                                      {product} {ergonomic}
   size_t SoftMaxHeapSize                          = 2120220672                             {manageable} {ergonomic}
     bool UseCompressedClassPointers               = true                                 {lp64_product} {ergonomic}
     bool UseCompressedOops                        = true                                 {lp64_product} {ergonomic}
     bool UseG1GC                                  = true                                      {product} {ergonomic}
     bool UseLargePagesIndividualAllocation        = false                                  {pd product} {ergonomic}

Logging:
Log output configuration:
 #0: stdout all=warning uptime,level,tags
 #1: stderr all=off uptime,level,tags

Environment Variables:
JAVA_HOME=C:\Program Files\Java\jdk-14.0.2
PATH=C:/Program Files/Java/jdk-14.0.2/bin/server;C:/Program Files/Java/jdk-14.0.2/bin;C:\Program Files\Java\jdk-14.0.2\bin;C:\Windows\system32;C:\Windows;C:\Windows\System32\Wbem;C:\Windows\System32\WindowsPowerShell\v1.0\;C:\Windows\System32\OpenSSH\;E:\Softwares\Git\cmd;E:\Softwares\RNXCMP_4.0.8_Windows_mingw_64bit\bin;C:\Users\Naman\AppData\Local\Microsoft\WindowsApps;;C:\Users\Naman\Desktop;
USERNAME=Naman
OS=Windows_NT
PROCESSOR_IDENTIFIER=Intel64 Family 6 Model 78 Stepping 3, GenuineIntel



---------------  S Y S T E M  ---------------

OS: Windows 10 , 64 bit Build 18362 (10.0.18362.1)
OS uptime: 54 days 19:41 hours

CPU:total 4 (initial active 4) (2 cores per cpu, 2 threads per core) family 6 model 78 stepping 3, cmov, cx8, fxsr, mmx, sse, sse2, sse3, ssse3, sse4.1, sse4.2, popcnt, avx, avx2, aes, clmul, erms, 3dnowpref, lzcnt, ht, tsc, tscinvbit, bmi1, bmi2, adx, fma

Memory: 4k page, system-wide physical 8082M (1752M free)
TotalPageFile size 25056M (AvailPageFile size 11119M)
current process WorkingSet (physical memory assigned to process): 137M, peak: 210M
current process commit charge ("private bytes"): 172M, peak: 244M

vm_info: Java HotSpot(TM) 64-Bit Server VM (14.0.2+12-46) for windows-amd64 JRE (14.0.2+12-46), built on Jul  9 2020 00:35:52 by "mach5one" with MS VC++ 15.9 (VS2017)

END.
