#
# A fatal error has been detected by the Java Runtime Environment:
#
#  Internal Error (./open/src/hotspot/share/interpreter/oopMapCache.cpp:111), pid=24832, tid=41900
#  Error: ShouldNotReachHere()
#
# JRE version: Java(TM) SE Runtime Environment (14.0.2+12) (build 14.0.2+12-46)
# Java VM: Java HotSpot(TM) 64-Bit Server VM (14.0.2+12-46, mixed mode, sharing, tiered, compressed oops, g1 gc, windows-amd64)
# No core dump will be written. Minidumps are not enabled by default on client versions of Windows
#
# If you would like to submit a bug report, please visit:
#   https://bugreport.java.com/bugreport/crash.jsp
#

---------------  S U M M A R Y ------------

Command Line: -agentlib:jdwp=transport=dt_socket,suspend=y,address=localhost:64930 -javaagent:E:\Softwares\eclipse-IDE\eclipse\configuration\org.eclipse.osgi\222\0\.cp\lib\javaagent-shaded.jar -Dfile.encoding=UTF-8 com.RINEX_parser.MainApp

Host: Intel(R) Core(TM) i5-6200U CPU @ 2.30GHz, 4 cores, 7G,  Windows 10 , 64 bit Build 18362 (10.0.18362.1)
Time: Fri Apr 30 19:02:13 2021 India Standard Time elapsed time: 37940 seconds (0d 10h 32m 20s)

---------------  T H R E A D  ---------------

Current thread (0x0000020add80f800):  JavaThread "JDWP Transport Listener: dt_socket" daemon [_thread_in_vm, id=41900, stack(0x00000064d4800000,0x00000064d4900000)] _threads_hazard_ptr=0x0000020ade65cae0

Stack: [0x00000064d4800000,0x00000064d4900000]
Native frames: (J=compiled Java code, j=interpreted, Vv=VM code, C=native code)
V  [jvm.dll+0x5f8a9a]
V  [jvm.dll+0x74247a]
V  [jvm.dll+0x743c2f]
V  [jvm.dll+0x744227]
V  [jvm.dll+0x20d20c]
V  [jvm.dll+0x20d173]
V  [jvm.dll+0x5e7b7f]
V  [jvm.dll+0x5e78dd]
V  [jvm.dll+0x5af8e3]
V  [jvm.dll+0x739aef]
V  [jvm.dll+0x4bee61]
V  [jvm.dll+0x74908b]
V  [jvm.dll+0x4a534b]
V  [jvm.dll+0x46f2cb]
C  [jdwp.dll+0x7d07]


---------------  P R O C E S S  ---------------

Threads class SMR info:
_java_thread_list=0x0000020ade65cae0, length=14, elements={
0x0000020abe56f000, 0x0000020adcd21800, 0x0000020adcd23000, 0x0000020adcd3b800,
0x0000020adcd3e800, 0x0000020adcd41000, 0x0000020adcd42000, 0x0000020adcd56000,
0x0000020adcd5b800, 0x0000020adcd06000, 0x0000020add80f800, 0x0000020add810800,
0x0000020add815000, 0x0000020adda73800
}

Java Threads: ( => current thread )
  0x0000020abe56f000 JavaThread "main" [_thread_blocked, id=16768, stack(0x00000064d3700000,0x00000064d3800000)]
  0x0000020adcd21800 JavaThread "Reference Handler" daemon [_thread_blocked, id=18348, stack(0x00000064d3e00000,0x00000064d3f00000)]
  0x0000020adcd23000 JavaThread "Finalizer" daemon [_thread_blocked, id=35968, stack(0x00000064d3f00000,0x00000064d4000000)]
  0x0000020adcd3b800 JavaThread "Signal Dispatcher" daemon [_thread_blocked, id=49172, stack(0x00000064d4000000,0x00000064d4100000)]
  0x0000020adcd3e800 JavaThread "Attach Listener" daemon [_thread_blocked, id=3220, stack(0x00000064d4100000,0x00000064d4200000)]
  0x0000020adcd41000 JavaThread "Service Thread" daemon [_thread_blocked, id=34824, stack(0x00000064d4200000,0x00000064d4300000)]
  0x0000020adcd42000 JavaThread "C2 CompilerThread0" daemon [_thread_blocked, id=25296, stack(0x00000064d4300000,0x00000064d4400000)]
  0x0000020adcd56000 JavaThread "C1 CompilerThread0" daemon [_thread_blocked, id=44952, stack(0x00000064d4400000,0x00000064d4500000)]
  0x0000020adcd5b800 JavaThread "Sweeper thread" daemon [_thread_blocked, id=37204, stack(0x00000064d4500000,0x00000064d4600000)]
  0x0000020adcd06000 JavaThread "Common-Cleaner" daemon [_thread_blocked, id=10072, stack(0x00000064d4600000,0x00000064d4700000)]
=>0x0000020add80f800 JavaThread "JDWP Transport Listener: dt_socket" daemon [_thread_in_vm, id=41900, stack(0x00000064d4800000,0x00000064d4900000)] _threads_hazard_ptr=0x0000020ade65cae0
  0x0000020add810800 JavaThread "JDWP Event Helper Thread" daemon [_thread_blocked, id=34312, stack(0x00000064d4900000,0x00000064d4a00000)]
  0x0000020add815000 JavaThread "JDWP Command Reader" daemon [_thread_in_native, id=51800, stack(0x00000064d4a00000,0x00000064d4b00000)]
  0x0000020adda73800 JavaThread "Notification Thread" daemon [_thread_blocked, id=31976, stack(0x00000064d4b00000,0x00000064d4c00000)]

Other Threads:
  0x0000020adcd1e800 VMThread "VM Thread" [stack: 0x00000064d3d00000,0x00000064d3e00000] [id=41960]
  0x0000020adda74800 WatcherThread [stack: 0x00000064d4c00000,0x00000064d4d00000] [id=22764]
  0x0000020abe5b2000 GCTaskThread "GC Thread#0" [stack: 0x00000064d3800000,0x00000064d3900000] [id=48940]
  0x0000020addf4c800 GCTaskThread "GC Thread#1" [stack: 0x00000064d4d00000,0x00000064d4e00000] [id=36164]
  0x0000020addf74800 GCTaskThread "GC Thread#2" [stack: 0x00000064d4e00000,0x00000064d4f00000] [id=52852]
  0x0000020abe5c5000 ConcurrentGCThread "G1 Main Marker" [stack: 0x00000064d3900000,0x00000064d3a00000] [id=36320]
  0x0000020abe5c6800 ConcurrentGCThread "G1 Conc#0" [stack: 0x00000064d3a00000,0x00000064d3b00000] [id=52784]
  0x0000020adcb90800 ConcurrentGCThread "G1 Refine#0" [stack: 0x00000064d3b00000,0x00000064d3c00000] [id=12340]
  0x0000020ade65d800 ConcurrentGCThread "G1 Refine#1" [stack: 0x00000064d4f00000,0x00000064d5000000] [id=25860]
  0x0000020adcb95800 ConcurrentGCThread "G1 Young RemSet Sampling" [stack: 0x00000064d3c00000,0x00000064d3d00000] [id=20580]

Threads with active compile tasks:

VM state:not at safepoint (normal execution)

VM Mutex/Monitor currently owned by a thread: None

Heap address: 0x0000000081a00000, size: 2022 MB, Compressed Oops mode: 32-bit
Narrow klass base: 0x0000000800000000, Narrow klass shift: 3
Compressed class space size: 1073741824 Address: 0x0000000800b30000

Heap:
 garbage-first heap   total 96256K, used 61480K [0x0000000081a00000, 0x0000000100000000)
  region size 1024K, 36 young (36864K), 11 survivors (11264K)
 Metaspace       used 6985K, capacity 7224K, committed 7424K, reserved 1056768K
  class space    used 619K, capacity 696K, committed 768K, reserved 1048576K
Heap Regions: E=young(eden), S=young(survivor), O=old, HS=humongous(starts), HC=humongous(continues), CS=collection set, F=free, OA=open archive, CA=closed archive, TAMS=top-at-mark-start (previous, next)
|   0|0x0000000081a00000, 0x0000000081b00000, 0x0000000081b00000|100%| O|  |TAMS 0x0000000081b00000, 0x0000000081a00000| Untracked 
|   1|0x0000000081b00000, 0x0000000081c00000, 0x0000000081c00000|100%| O|  |TAMS 0x0000000081c00000, 0x0000000081b00000| Untracked 
|   2|0x0000000081c00000, 0x0000000081d00000, 0x0000000081d00000|100%| O|  |TAMS 0x0000000081c61200, 0x0000000081c00000| Untracked 
|   3|0x0000000081d00000, 0x0000000081e00000, 0x0000000081e00000|100%|HS|  |TAMS 0x0000000081d00000, 0x0000000081d00000| Complete 
|   4|0x0000000081e00000, 0x0000000081f00000, 0x0000000081f00000|100%|HS|  |TAMS 0x0000000081e00000, 0x0000000081e00000| Complete 
|   5|0x0000000081f00000, 0x0000000082000000, 0x0000000082000000|100%|HS|  |TAMS 0x0000000081f00000, 0x0000000081f00000| Complete 
|   6|0x0000000082000000, 0x0000000082100000, 0x0000000082100000|100%|HC|  |TAMS 0x0000000082000000, 0x0000000082000000| Complete 
|   7|0x0000000082100000, 0x0000000082200000, 0x0000000082200000|100%|HS|  |TAMS 0x0000000082100000, 0x0000000082100000| Complete 
|   8|0x0000000082200000, 0x0000000082300000, 0x0000000082300000|100%|HS|  |TAMS 0x0000000082200000, 0x0000000082200000| Complete 
|   9|0x0000000082300000, 0x0000000082400000, 0x0000000082400000|100%|HC|  |TAMS 0x0000000082300000, 0x0000000082300000| Complete 
|  10|0x0000000082400000, 0x0000000082500000, 0x0000000082500000|100%|HC|  |TAMS 0x0000000082400000, 0x0000000082400000| Complete 
|  11|0x0000000082500000, 0x0000000082600000, 0x0000000082600000|100%|HS|  |TAMS 0x0000000082500000, 0x0000000082500000| Complete 
|  12|0x0000000082600000, 0x0000000082700000, 0x0000000082700000|100%|HC|  |TAMS 0x0000000082600000, 0x0000000082600000| Complete 
|  13|0x0000000082700000, 0x0000000082800000, 0x0000000082800000|100%|HS|  |TAMS 0x0000000082700000, 0x0000000082700000| Complete 
|  14|0x0000000082800000, 0x0000000082900000, 0x0000000082900000|100%|HS|  |TAMS 0x0000000082800000, 0x0000000082800000| Complete 
|  15|0x0000000082900000, 0x0000000082900000, 0x0000000082a00000|  0%| F|  |TAMS 0x0000000082900000, 0x0000000082900000| Untracked 
|  16|0x0000000082a00000, 0x0000000082a00000, 0x0000000082b00000|  0%| F|  |TAMS 0x0000000082a00000, 0x0000000082a00000| Untracked 
|  17|0x0000000082b00000, 0x0000000082b00000, 0x0000000082c00000|  0%| F|  |TAMS 0x0000000082b00000, 0x0000000082b00000| Untracked 
|  18|0x0000000082c00000, 0x0000000082c00000, 0x0000000082d00000|  0%| F|  |TAMS 0x0000000082c00000, 0x0000000082c00000| Untracked 
|  19|0x0000000082d00000, 0x0000000082d00000, 0x0000000082e00000|  0%| F|  |TAMS 0x0000000082d00000, 0x0000000082d00000| Untracked 
|  20|0x0000000082e00000, 0x0000000082e00000, 0x0000000082f00000|  0%| F|  |TAMS 0x0000000082e00000, 0x0000000082e00000| Untracked 
|  21|0x0000000082f00000, 0x0000000082f00000, 0x0000000083000000|  0%| F|  |TAMS 0x0000000082f00000, 0x0000000082f00000| Untracked 
|  22|0x0000000083000000, 0x0000000083000000, 0x0000000083100000|  0%| F|  |TAMS 0x0000000083000000, 0x0000000083000000| Untracked 
|  23|0x0000000083100000, 0x0000000083100000, 0x0000000083200000|  0%| F|  |TAMS 0x0000000083100000, 0x0000000083100000| Untracked 
|  24|0x0000000083200000, 0x0000000083200000, 0x0000000083300000|  0%| F|  |TAMS 0x0000000083200000, 0x0000000083200000| Untracked 
|  25|0x0000000083300000, 0x0000000083300000, 0x0000000083400000|  0%| F|  |TAMS 0x0000000083300000, 0x0000000083300000| Untracked 
|  26|0x0000000083400000, 0x0000000083400000, 0x0000000083500000|  0%| F|  |TAMS 0x0000000083400000, 0x0000000083400000| Untracked 
|  27|0x0000000083500000, 0x0000000083500000, 0x0000000083600000|  0%| F|  |TAMS 0x0000000083500000, 0x0000000083500000| Untracked 
|  28|0x0000000083600000, 0x0000000083600000, 0x0000000083700000|  0%| F|  |TAMS 0x0000000083600000, 0x0000000083600000| Untracked 
|  29|0x0000000083700000, 0x0000000083700000, 0x0000000083800000|  0%| F|  |TAMS 0x0000000083700000, 0x0000000083700000| Untracked 
|  30|0x0000000083800000, 0x0000000083800000, 0x0000000083900000|  0%| F|  |TAMS 0x0000000083800000, 0x0000000083800000| Untracked 
|  31|0x0000000083900000, 0x0000000083900000, 0x0000000083a00000|  0%| F|  |TAMS 0x0000000083900000, 0x0000000083900000| Untracked 
|  32|0x0000000083a00000, 0x0000000083a00000, 0x0000000083b00000|  0%| F|  |TAMS 0x0000000083a00000, 0x0000000083a00000| Untracked 
|  33|0x0000000083b00000, 0x0000000083b00000, 0x0000000083c00000|  0%| F|  |TAMS 0x0000000083b00000, 0x0000000083b00000| Untracked 
|  34|0x0000000083c00000, 0x0000000083c00000, 0x0000000083d00000|  0%| F|  |TAMS 0x0000000083c00000, 0x0000000083c00000| Untracked 
|  35|0x0000000083d00000, 0x0000000083d00000, 0x0000000083e00000|  0%| F|  |TAMS 0x0000000083d00000, 0x0000000083d00000| Untracked 
|  36|0x0000000083e00000, 0x0000000083e00000, 0x0000000083f00000|  0%| F|  |TAMS 0x0000000083e00000, 0x0000000083e00000| Untracked 
|  37|0x0000000083f00000, 0x0000000083f00000, 0x0000000084000000|  0%| F|  |TAMS 0x0000000083f00000, 0x0000000083f00000| Untracked 
|  38|0x0000000084000000, 0x0000000084000000, 0x0000000084100000|  0%| F|  |TAMS 0x0000000084000000, 0x0000000084000000| Untracked 
|  39|0x0000000084100000, 0x0000000084100000, 0x0000000084200000|  0%| F|  |TAMS 0x0000000084100000, 0x0000000084100000| Untracked 
|  40|0x0000000084200000, 0x0000000084200000, 0x0000000084300000|  0%| F|  |TAMS 0x0000000084200000, 0x0000000084200000| Untracked 
|  41|0x0000000084300000, 0x0000000084300000, 0x0000000084400000|  0%| F|  |TAMS 0x0000000084300000, 0x0000000084300000| Untracked 
|  42|0x0000000084400000, 0x0000000084400000, 0x0000000084500000|  0%| F|  |TAMS 0x0000000084400000, 0x0000000084400000| Untracked 
|  43|0x0000000084500000, 0x0000000084500000, 0x0000000084600000|  0%| F|  |TAMS 0x0000000084500000, 0x0000000084500000| Untracked 
|  44|0x0000000084600000, 0x0000000084600000, 0x0000000084700000|  0%| F|  |TAMS 0x0000000084600000, 0x0000000084600000| Untracked 
|  45|0x0000000084700000, 0x0000000084700000, 0x0000000084800000|  0%| F|  |TAMS 0x0000000084700000, 0x0000000084700000| Untracked 
|  46|0x0000000084800000, 0x0000000084900000, 0x0000000084900000|100%| E|  |TAMS 0x0000000084800000, 0x0000000084800000| Complete 
|  47|0x0000000084900000, 0x0000000084a00000, 0x0000000084a00000|100%| E|CS|TAMS 0x0000000084900000, 0x0000000084900000| Complete 
|  48|0x0000000084a00000, 0x0000000084b00000, 0x0000000084b00000|100%| E|CS|TAMS 0x0000000084a00000, 0x0000000084a00000| Complete 
|  49|0x0000000084b00000, 0x0000000084c00000, 0x0000000084c00000|100%| E|CS|TAMS 0x0000000084b00000, 0x0000000084b00000| Complete 
|  50|0x0000000084c00000, 0x0000000084d00000, 0x0000000084d00000|100%| E|CS|TAMS 0x0000000084c00000, 0x0000000084c00000| Complete 
|  51|0x0000000084d00000, 0x0000000084e00000, 0x0000000084e00000|100%| E|CS|TAMS 0x0000000084d00000, 0x0000000084d00000| Complete 
|  52|0x0000000084e00000, 0x0000000084f00000, 0x0000000084f00000|100%| E|CS|TAMS 0x0000000084e00000, 0x0000000084e00000| Complete 
|  53|0x0000000084f00000, 0x0000000085000000, 0x0000000085000000|100%| E|CS|TAMS 0x0000000084f00000, 0x0000000084f00000| Complete 
|  54|0x0000000085000000, 0x0000000085100000, 0x0000000085100000|100%| E|CS|TAMS 0x0000000085000000, 0x0000000085000000| Complete 
|  55|0x0000000085100000, 0x0000000085200000, 0x0000000085200000|100%| E|CS|TAMS 0x0000000085100000, 0x0000000085100000| Complete 
|  56|0x0000000085200000, 0x0000000085300000, 0x0000000085300000|100%| E|CS|TAMS 0x0000000085200000, 0x0000000085200000| Complete 
|  57|0x0000000085300000, 0x0000000085400000, 0x0000000085400000|100%| E|CS|TAMS 0x0000000085300000, 0x0000000085300000| Complete 
|  58|0x0000000085400000, 0x0000000085500000, 0x0000000085500000|100%| E|CS|TAMS 0x0000000085400000, 0x0000000085400000| Complete 
|  59|0x0000000085500000, 0x0000000085600000, 0x0000000085600000|100%| E|CS|TAMS 0x0000000085500000, 0x0000000085500000| Complete 
|  60|0x0000000085600000, 0x0000000085700000, 0x0000000085700000|100%| E|CS|TAMS 0x0000000085600000, 0x0000000085600000| Complete 
|  61|0x0000000085700000, 0x0000000085800000, 0x0000000085800000|100%| E|CS|TAMS 0x0000000085700000, 0x0000000085700000| Complete 
|  62|0x0000000085800000, 0x0000000085900000, 0x0000000085900000|100%| E|CS|TAMS 0x0000000085800000, 0x0000000085800000| Complete 
|  63|0x0000000085900000, 0x0000000085a00000, 0x0000000085a00000|100%|HS|  |TAMS 0x0000000085a00000, 0x0000000085900000| Complete 
|  64|0x0000000085a00000, 0x0000000085b00000, 0x0000000085b00000|100%|HC|  |TAMS 0x0000000085b00000, 0x0000000085a00000| Complete 
|  65|0x0000000085b00000, 0x0000000085c00000, 0x0000000085c00000|100%| O|  |TAMS 0x0000000085b00000, 0x0000000085b00000| Untracked 
|  66|0x0000000085c00000, 0x0000000085d00000, 0x0000000085d00000|100%| O|  |TAMS 0x0000000085c00000, 0x0000000085c00000| Untracked 
|  67|0x0000000085d00000, 0x0000000085e00000, 0x0000000085e00000|100%| O|  |TAMS 0x0000000085d00000, 0x0000000085d00000| Untracked 
|  68|0x0000000085e00000, 0x0000000085f00000, 0x0000000085f00000|100%| O|  |TAMS 0x0000000085e00000, 0x0000000085e00000| Untracked 
|  69|0x0000000085f00000, 0x0000000086000000, 0x0000000086000000|100%| O|  |TAMS 0x0000000085f00000, 0x0000000085f00000| Untracked 
|  70|0x0000000086000000, 0x0000000086100000, 0x0000000086100000|100%| O|  |TAMS 0x0000000086000000, 0x0000000086000000| Untracked 
|  71|0x0000000086100000, 0x0000000086200000, 0x0000000086200000|100%| O|  |TAMS 0x0000000086100000, 0x0000000086100000| Untracked 
|  72|0x0000000086200000, 0x0000000086300000, 0x0000000086300000|100%| O|  |TAMS 0x0000000086200000, 0x0000000086200000| Untracked 
|  73|0x0000000086300000, 0x0000000086400000, 0x0000000086400000|100%| O|  |TAMS 0x0000000086300000, 0x0000000086300000| Untracked 
|  74|0x0000000086400000, 0x000000008640a200, 0x0000000086500000|  3%| O|  |TAMS 0x0000000086400000, 0x0000000086400000| Untracked 
|  75|0x0000000086500000, 0x0000000086600000, 0x0000000086600000|100%| E|CS|TAMS 0x0000000086500000, 0x0000000086500000| Complete 
|  76|0x0000000086600000, 0x0000000086700000, 0x0000000086700000|100%| E|CS|TAMS 0x0000000086600000, 0x0000000086600000| Complete 
|  77|0x0000000086700000, 0x0000000086800000, 0x0000000086800000|100%| E|CS|TAMS 0x0000000086700000, 0x0000000086700000| Complete 
|  78|0x0000000086800000, 0x0000000086900000, 0x0000000086900000|100%| E|  |TAMS 0x0000000086800000, 0x0000000086800000| Complete 
|  79|0x0000000086900000, 0x0000000086a00000, 0x0000000086a00000|100%| E|CS|TAMS 0x0000000086900000, 0x0000000086900000| Complete 
|  80|0x0000000086a00000, 0x0000000086b00000, 0x0000000086b00000|100%| E|CS|TAMS 0x0000000086a00000, 0x0000000086a00000| Complete 
|  81|0x0000000086b00000, 0x0000000086c00000, 0x0000000086c00000|100%| E|CS|TAMS 0x0000000086b00000, 0x0000000086b00000| Complete 
|  82|0x0000000086c00000, 0x0000000086d00000, 0x0000000086d00000|100%| S|CS|TAMS 0x0000000086c00000, 0x0000000086c00000| Complete 
|  83|0x0000000086d00000, 0x0000000086e00000, 0x0000000086e00000|100%| S|CS|TAMS 0x0000000086d00000, 0x0000000086d00000| Complete 
|  84|0x0000000086e00000, 0x0000000086f00000, 0x0000000086f00000|100%| S|CS|TAMS 0x0000000086e00000, 0x0000000086e00000| Complete 
|  85|0x0000000086f00000, 0x0000000087000000, 0x0000000087000000|100%| S|CS|TAMS 0x0000000086f00000, 0x0000000086f00000| Complete 
|  86|0x0000000087000000, 0x0000000087100000, 0x0000000087100000|100%| S|CS|TAMS 0x0000000087000000, 0x0000000087000000| Complete 
|  87|0x0000000087100000, 0x0000000087200000, 0x0000000087200000|100%| S|CS|TAMS 0x0000000087100000, 0x0000000087100000| Complete 
|  88|0x0000000087200000, 0x0000000087300000, 0x0000000087300000|100%| S|CS|TAMS 0x0000000087200000, 0x0000000087200000| Complete 
|  89|0x0000000087300000, 0x0000000087400000, 0x0000000087400000|100%| S|CS|TAMS 0x0000000087300000, 0x0000000087300000| Complete 
|  90|0x0000000087400000, 0x0000000087500000, 0x0000000087500000|100%| S|CS|TAMS 0x0000000087400000, 0x0000000087400000| Complete 
|  91|0x0000000087500000, 0x0000000087600000, 0x0000000087600000|100%| S|CS|TAMS 0x0000000087500000, 0x0000000087500000| Complete 
|  92|0x0000000087600000, 0x0000000087700000, 0x0000000087700000|100%| S|CS|TAMS 0x0000000087600000, 0x0000000087600000| Complete 
| 144|0x000000008aa00000, 0x000000008ab00000, 0x000000008ab00000|100%| E|CS|TAMS 0x000000008aa00000, 0x000000008aa00000| Complete 

Card table byte_map: [0x0000020ad6110000,0x0000020ad6510000] _byte_map_base: 0x0000020ad5d03000

Marking Bits (Prev, Next): (CMBitMap*) 0x0000020abe5b2c58, (CMBitMap*) 0x0000020abe5b2c18
 Prev Bits: [0x0000020ad88b0000, 0x0000020ada848000)
 Next Bits: [0x0000020ad6910000, 0x0000020ad88a8000)

Polling page: 0x0000020abc500000

Metaspace:

Usage:
  Non-class:      6.38 MB capacity,     6.22 MB ( 98%) used,   149.52 KB (  2%) free+waste,    12.19 KB ( <1%) overhead. 
      Class:    696.00 KB capacity,   619.42 KB ( 89%) used,    70.95 KB ( 10%) free+waste,     5.63 KB ( <1%) overhead. 
       Both:      7.05 MB capacity,     6.82 MB ( 97%) used,   220.48 KB (  3%) free+waste,    17.81 KB ( <1%) overhead. 

Virtual space:
  Non-class space:        8.00 MB reserved,       6.50 MB ( 81%) committed 
      Class space:        1.00 GB reserved,     768.00 KB ( <1%) committed 
             Both:        1.01 GB reserved,       7.25 MB ( <1%) committed 

Chunk freelists:
   Non-Class:  0 bytes
       Class:  8.00 KB
        Both:  8.00 KB

MaxMetaspaceSize: 17179869184.00 GB
CompressedClassSpaceSize: 1.00 GB

CodeHeap 'non-profiled nmethods': size=120000Kb used=1569Kb max_used=1569Kb free=118430Kb
 bounds [0x0000020ace7e0000, 0x0000020acea50000, 0x0000020ad5d10000]
CodeHeap 'profiled nmethods': size=120000Kb used=4623Kb max_used=4623Kb free=115376Kb
 bounds [0x0000020ac72b0000, 0x0000020ac7740000, 0x0000020ace7e0000]
CodeHeap 'non-nmethods': size=5760Kb used=1291Kb max_used=1369Kb free=4468Kb
 bounds [0x0000020ac6d10000, 0x0000020ac6f80000, 0x0000020ac72b0000]
 total_blobs=2401 nmethods=1933 adapters=381
 compilation: enabled
              stopped_count=0, restarted_count=0
 full_count=0

Compilation events (20 events):
Event: 8.374 Thread 0x0000020ade40d000 nmethod 1917 0x0000020ace942c10 code [0x0000020ace943040, 0x0000020ace945120]
Event: 8.374 Thread 0x0000020ade40d000 1913       4       java.util.regex.Pattern$Curly::match (91 bytes)
Event: 8.428 Thread 0x0000020ade40d000 nmethod 1913 0x0000020ace945b90 code [0x0000020ace946340, 0x0000020ace948d78]
Event: 8.429 Thread 0x0000020ade40d000 1910 %     4       java.util.regex.Pattern$BnM::match @ 20 (161 bytes)
Event: 8.461 Thread 0x0000020ade40d000 nmethod 1910% 0x0000020ace94a390 code [0x0000020ace94a7a0, 0x0000020ace94bfe8]
Event: 8.461 Thread 0x0000020ade40d000 1923       4       java.util.regex.Pattern$$Lambda$23/0x0000000800ba8040::is (5 bytes)
Event: 8.462 Thread 0x0000020ade40d000 nmethod 1923 0x0000020ace94c890 code [0x0000020ace94ca20, 0x0000020ace94cb18]
Event: 8.462 Thread 0x0000020ade40d000 1885       4       java.util.regex.Matcher::group (112 bytes)
Event: 8.481 Thread 0x0000020ade40d000 nmethod 1885 0x0000020ace94cc10 code [0x0000020ace94cf60, 0x0000020ace94df98]
Event: 8.481 Thread 0x0000020ade40d000 1875       4       java.util.regex.Matcher::<init> (95 bytes)
Event: 8.513 Thread 0x0000020ade40d000 nmethod 1875 0x0000020ace94e810 code [0x0000020ace94eac0, 0x0000020ace94fa78]
Event: 8.513 Thread 0x0000020ade40d000 1928       4       java.util.regex.Pattern$Behind::match (137 bytes)
Event: 8.519 Thread 0x0000020ade40d000 nmethod 1928 0x0000020ace94fe10 code [0x0000020ace9500a0, 0x0000020ace9508f8]
Event: 8.519 Thread 0x0000020ade40d000 1920       4       java.util.regex.Pattern::has (15 bytes)
Event: 8.519 Thread 0x0000020ade40d000 nmethod 1920 0x0000020ace950d90 code [0x0000020ace950f00, 0x0000020ace950f78]
Event: 8.519 Thread 0x0000020ade40d000 1907       4       java.util.regex.Matcher::getSubSequence (12 bytes)
Event: 8.531 Thread 0x0000020ade40d000 nmethod 1907 0x0000020ace951090 code [0x0000020ace9512e0, 0x0000020ace951d88]
Event: 8.549 Thread 0x0000020adcd42000 nmethod 1772 0x0000020ace952290 code [0x0000020ace953580, 0x0000020ace963458]
Event: 37939.321 Thread 0x0000020adcd56000 1949       3       org.eclipse.jdt.launching.internal.org.objectweb.asm.Handle::hashCode (43 bytes)
Event: 37939.323 Thread 0x0000020adcd56000 nmethod 1949 0x0000020ac7733a10 code [0x0000020ac7733be0, 0x0000020ac7733e48]

GC Heap History (20 events):
Event: 4.546 GC heap before
{Heap before GC invocations=23 (full 0):
 garbage-first heap   total 131072K, used 79240K [0x0000000081a00000, 0x0000000100000000)
  region size 1024K, 76 young (77824K), 1 survivors (1024K)
 Metaspace       used 3953K, capacity 5452K, committed 5760K, reserved 1056768K
  class space    used 347K, capacity 517K, committed 640K, reserved 1048576K
}
Event: 4.547 GC heap after
{Heap after GC invocations=24 (full 0):
 garbage-first heap   total 131072K, used 2442K [0x0000000081a00000, 0x0000000100000000)
  region size 1024K, 1 young (1024K), 1 survivors (1024K)
 Metaspace       used 3953K, capacity 5452K, committed 5760K, reserved 1056768K
  class space    used 347K, capacity 517K, committed 640K, reserved 1048576K
}
Event: 4.701 GC heap before
{Heap before GC invocations=24 (full 0):
 garbage-first heap   total 131072K, used 79242K [0x0000000081a00000, 0x0000000100000000)
  region size 1024K, 76 young (77824K), 1 survivors (1024K)
 Metaspace       used 3953K, capacity 5452K, committed 5760K, reserved 1056768K
  class space    used 347K, capacity 517K, committed 640K, reserved 1048576K
}
Event: 4.701 GC heap after
{Heap after GC invocations=25 (full 0):
 garbage-first heap   total 131072K, used 2442K [0x0000000081a00000, 0x0000000100000000)
  region size 1024K, 1 young (1024K), 1 survivors (1024K)
 Metaspace       used 3953K, capacity 5452K, committed 5760K, reserved 1056768K
  class space    used 347K, capacity 517K, committed 640K, reserved 1048576K
}
Event: 4.847 GC heap before
{Heap before GC invocations=25 (full 0):
 garbage-first heap   total 131072K, used 79242K [0x0000000081a00000, 0x0000000100000000)
  region size 1024K, 76 young (77824K), 1 survivors (1024K)
 Metaspace       used 3953K, capacity 5452K, committed 5760K, reserved 1056768K
  class space    used 347K, capacity 517K, committed 640K, reserved 1048576K
}
Event: 4.848 GC heap after
{Heap after GC invocations=26 (full 0):
 garbage-first heap   total 131072K, used 2442K [0x0000000081a00000, 0x0000000100000000)
  region size 1024K, 1 young (1024K), 1 survivors (1024K)
 Metaspace       used 3953K, capacity 5452K, committed 5760K, reserved 1056768K
  class space    used 347K, capacity 517K, committed 640K, reserved 1048576K
}
Event: 4.994 GC heap before
{Heap before GC invocations=26 (full 0):
 garbage-first heap   total 131072K, used 79242K [0x0000000081a00000, 0x0000000100000000)
  region size 1024K, 76 young (77824K), 1 survivors (1024K)
 Metaspace       used 3953K, capacity 5452K, committed 5760K, reserved 1056768K
  class space    used 347K, capacity 517K, committed 640K, reserved 1048576K
}
Event: 4.995 GC heap after
{Heap after GC invocations=27 (full 0):
 garbage-first heap   total 131072K, used 2442K [0x0000000081a00000, 0x0000000100000000)
  region size 1024K, 1 young (1024K), 1 survivors (1024K)
 Metaspace       used 3953K, capacity 5452K, committed 5760K, reserved 1056768K
  class space    used 347K, capacity 517K, committed 640K, reserved 1048576K
}
Event: 5.139 GC heap before
{Heap before GC invocations=27 (full 0):
 garbage-first heap   total 131072K, used 79242K [0x0000000081a00000, 0x0000000100000000)
  region size 1024K, 76 young (77824K), 1 survivors (1024K)
 Metaspace       used 3953K, capacity 5452K, committed 5760K, reserved 1056768K
  class space    used 347K, capacity 517K, committed 640K, reserved 1048576K
}
Event: 5.140 GC heap after
{Heap after GC invocations=28 (full 0):
 garbage-first heap   total 131072K, used 2442K [0x0000000081a00000, 0x0000000100000000)
  region size 1024K, 1 young (1024K), 1 survivors (1024K)
 Metaspace       used 3953K, capacity 5452K, committed 5760K, reserved 1056768K
  class space    used 347K, capacity 517K, committed 640K, reserved 1048576K
}
Event: 5.285 GC heap before
{Heap before GC invocations=28 (full 0):
 garbage-first heap   total 131072K, used 79242K [0x0000000081a00000, 0x0000000100000000)
  region size 1024K, 76 young (77824K), 1 survivors (1024K)
 Metaspace       used 3953K, capacity 5452K, committed 5760K, reserved 1056768K
  class space    used 347K, capacity 517K, committed 640K, reserved 1048576K
}
Event: 5.286 GC heap after
{Heap after GC invocations=29 (full 0):
 garbage-first heap   total 131072K, used 2442K [0x0000000081a00000, 0x0000000100000000)
  region size 1024K, 1 young (1024K), 1 survivors (1024K)
 Metaspace       used 3953K, capacity 5452K, committed 5760K, reserved 1056768K
  class space    used 347K, capacity 517K, committed 640K, reserved 1048576K
}
Event: 6.279 GC heap before
{Heap before GC invocations=29 (full 0):
 garbage-first heap   total 131072K, used 79242K [0x0000000081a00000, 0x0000000100000000)
  region size 1024K, 76 young (77824K), 1 survivors (1024K)
 Metaspace       used 5354K, capacity 6347K, committed 6528K, reserved 1056768K
  class space    used 493K, capacity 600K, committed 640K, reserved 1048576K
}
Event: 6.285 GC heap after
{Heap after GC invocations=30 (full 0):
 garbage-first heap   total 131072K, used 5532K [0x0000000081a00000, 0x0000000100000000)
  region size 1024K, 4 young (4096K), 4 survivors (4096K)
 Metaspace       used 5354K, capacity 6347K, committed 6528K, reserved 1056768K
  class space    used 493K, capacity 600K, committed 640K, reserved 1048576K
}
Event: 6.849 GC heap before
{Heap before GC invocations=30 (full 0):
 garbage-first heap   total 148480K, used 125340K [0x0000000081a00000, 0x0000000100000000)
  region size 1024K, 66 young (67584K), 4 survivors (4096K)
 Metaspace       used 6199K, capacity 6693K, committed 6912K, reserved 1056768K
  class space    used 578K, capacity 653K, committed 768K, reserved 1048576K
}
Event: 6.855 GC heap after
{Heap after GC invocations=31 (full 0):
 garbage-first heap   total 148480K, used 25388K [0x0000000081a00000, 0x0000000100000000)
  region size 1024K, 6 young (6144K), 6 survivors (6144K)
 Metaspace       used 6199K, capacity 6693K, committed 6912K, reserved 1056768K
  class space    used 578K, capacity 653K, committed 768K, reserved 1048576K
}
Event: 6.887 GC heap before
{Heap before GC invocations=32 (full 0):
 garbage-first heap   total 148480K, used 76588K [0x0000000081a00000, 0x0000000100000000)
  region size 1024K, 7 young (7168K), 6 survivors (6144K)
 Metaspace       used 6199K, capacity 6693K, committed 6912K, reserved 1056768K
  class space    used 578K, capacity 653K, committed 768K, reserved 1048576K
}
Event: 6.892 GC heap after
{Heap after GC invocations=33 (full 0):
 garbage-first heap   total 148480K, used 42237K [0x0000000081a00000, 0x0000000100000000)
  region size 1024K, 6 young (6144K), 6 survivors (6144K)
 Metaspace       used 6199K, capacity 6693K, committed 6912K, reserved 1056768K
  class space    used 578K, capacity 653K, committed 768K, reserved 1048576K
}
Event: 8.026 GC heap before
{Heap before GC invocations=34 (full 0):
 garbage-first heap   total 148480K, used 116989K [0x0000000081a00000, 0x0000000100000000)
  region size 1024K, 52 young (53248K), 6 survivors (6144K)
 Metaspace       used 6856K, capacity 7047K, committed 7168K, reserved 1056768K
  class space    used 615K, capacity 664K, committed 768K, reserved 1048576K
}
Event: 8.043 GC heap after
{Heap after GC invocations=35 (full 0):
 garbage-first heap   total 148480K, used 26664K [0x0000000081a00000, 0x0000000100000000)
  region size 1024K, 11 young (11264K), 11 survivors (11264K)
 Metaspace       used 6856K, capacity 7047K, committed 7168K, reserved 1056768K
  class space    used 615K, capacity 664K, committed 768K, reserved 1048576K
}

Deoptimization events (20 events):
Event: 8.265 Thread 0x0000020abe56f000 DEOPT PACKING pc=0x0000020ac7720592 sp=0x00000064d37fecc0
Event: 8.266 Thread 0x0000020abe56f000 DEOPT UNPACKING pc=0x0000020ac6d5964e sp=0x00000064d37fe168 mode 0
Event: 8.272 Thread 0x0000020abe56f000 DEOPT PACKING pc=0x0000020ac7720592 sp=0x00000064d37fecc0
Event: 8.273 Thread 0x0000020abe56f000 DEOPT UNPACKING pc=0x0000020ac6d5964e sp=0x00000064d37fe168 mode 0
Event: 8.279 Thread 0x0000020abe56f000 DEOPT PACKING pc=0x0000020ac7720592 sp=0x00000064d37fecc0
Event: 8.279 Thread 0x0000020abe56f000 DEOPT UNPACKING pc=0x0000020ac6d5964e sp=0x00000064d37fe168 mode 0
Event: 8.286 Thread 0x0000020abe56f000 DEOPT PACKING pc=0x0000020ac7720592 sp=0x00000064d37fecc0
Event: 8.286 Thread 0x0000020abe56f000 DEOPT UNPACKING pc=0x0000020ac6d5964e sp=0x00000064d37fe168 mode 0
Event: 8.293 Thread 0x0000020abe56f000 DEOPT PACKING pc=0x0000020ac7720592 sp=0x00000064d37fecc0
Event: 8.293 Thread 0x0000020abe56f000 DEOPT UNPACKING pc=0x0000020ac6d5964e sp=0x00000064d37fe168 mode 0
Event: 8.300 Thread 0x0000020abe56f000 DEOPT PACKING pc=0x0000020ac7720592 sp=0x00000064d37fecc0
Event: 8.300 Thread 0x0000020abe56f000 DEOPT UNPACKING pc=0x0000020ac6d5964e sp=0x00000064d37fe168 mode 0
Event: 8.306 Thread 0x0000020abe56f000 DEOPT PACKING pc=0x0000020ac7720592 sp=0x00000064d37fecc0
Event: 8.306 Thread 0x0000020abe56f000 DEOPT UNPACKING pc=0x0000020ac6d5964e sp=0x00000064d37fe168 mode 0
Event: 8.310 Thread 0x0000020abe56f000 DEOPT PACKING pc=0x0000020ac7720592 sp=0x00000064d37fed70
Event: 8.310 Thread 0x0000020abe56f000 DEOPT UNPACKING pc=0x0000020ac6d5964e sp=0x00000064d37fe218 mode 0
Event: 8.315 Thread 0x0000020abe56f000 DEOPT PACKING pc=0x0000020ac7720592 sp=0x00000064d37fed70
Event: 8.315 Thread 0x0000020abe56f000 DEOPT UNPACKING pc=0x0000020ac6d5964e sp=0x00000064d37fe218 mode 0
Event: 8.320 Thread 0x0000020abe56f000 DEOPT PACKING pc=0x0000020ac7720592 sp=0x00000064d37fed70
Event: 8.320 Thread 0x0000020abe56f000 DEOPT UNPACKING pc=0x0000020ac6d5964e sp=0x00000064d37fe218 mode 0

Classes unloaded (0 events):
No events

Classes redefined (1 events):
Event: 37939.382 Thread 0x0000020adcd1e800 redefined class name=com.RINEX_parser.MainApp, count=1

Internal exceptions (9 events):
Event: 0.643 Thread 0x0000020abe56f000 Exception <a 'java/lang/NoSuchMethodError'{0x0000000088eb1588}: 'int java.lang.invoke.DirectMethodHandle$Holder.invokeVirtual(java.lang.Object, java.lang.Object, java.lang.Object)'> (0x0000000088eb1588) 
thrown [./open/src/hotspot/share/interpreter/linkResolver.cpp, line 766]
Event: 5.301 Thread 0x0000020abe56f000 Implicit null exception at 0x0000020ace8498d2 to 0x0000020ace84b9e8
Event: 5.419 Thread 0x0000020abe56f000 Exception <a 'java/lang/NoSuchMethodError'{0x0000000088c538d0}: 'int java.lang.invoke.DirectMethodHandle$Holder.invokeSpecialIFC(java.lang.Object, java.lang.Object, int)'> (0x0000000088c538d0) 
thrown [./open/src/hotspot/share/interpreter/linkResolver.cpp, line 766]
Event: 5.462 Thread 0x0000020abe56f000 Exception <a 'java/lang/NoSuchMethodError'{0x0000000088b45138}: 'java.lang.Object java.lang.invoke.Invokers$Holder.invokeExact_MT(java.lang.Object, java.lang.Object, java.lang.Object, java.lang.Object, java.lang.Object, java.lang.Object)'> (0x0000000088b45138) 
thrown [./open/src/hotspot/share/interpreter/linkResolver.cpp, line 766]
Event: 6.341 Thread 0x0000020abe56f000 Exception <a 'java/lang/NoSuchMethodError'{0x000000008966d248}: 'java.lang.Object java.lang.invoke.DirectMethodHandle$Holder.invokeStatic(java.lang.Object, java.lang.Object, java.lang.Object, int)'> (0x000000008966d248) 
thrown [./open/src/hotspot/share/interpreter/linkResolver.cpp, line 766]
Event: 6.342 Thread 0x0000020abe56f000 Exception <a 'java/lang/NoSuchMethodError'{0x0000000089673150}: 'java.lang.Object java.lang.invoke.Invokers$Holder.linkToTargetMethod(java.lang.Object, java.lang.Object, int, java.lang.Object)'> (0x0000000089673150) 
thrown [./open/src/hotspot/share/interpreter/linkResolver.cpp, line 766]
Event: 6.549 Thread 0x0000020abe56f000 Implicit null exception at 0x0000020ace8a44ec to 0x0000020ace8a5a28
Event: 6.702 Thread 0x0000020abe56f000 Exception <a 'java/lang/NoSuchMethodError'{0x0000000085d49038}: 'double java.lang.invoke.DirectMethodHandle$Holder.invokeStatic(java.lang.Object, java.lang.Object)'> (0x0000000085d49038) 
thrown [./open/src/hotspot/share/interpreter/linkResolver.cpp, line 766]
Event: 37940.430 Thread 0x0000020add80f800 Exception <a 'java/lang/LinkageError'{0x00000000848b7120}> (0x00000000848b7120) 
thrown [./open/src/hotspot/share/oops/generateOopMap.cpp, line 2140]

Events (20 events):
Event: 37939.942 Executing VM operation: GetFrameCount
Event: 37939.942 Executing VM operation: GetFrameCount done
Event: 37939.942 Executing VM operation: GetStackTrace
Event: 37939.942 Executing VM operation: GetStackTrace done
Event: 37939.998 Executing VM operation: GetOwnedMonitorInfo
Event: 37939.998 Executing VM operation: GetOwnedMonitorInfo done
Event: 37939.999 Executing VM operation: GetFrameCount
Event: 37939.999 Executing VM operation: GetFrameCount done
Event: 37939.999 Executing VM operation: GetOwnedMonitorInfo
Event: 37939.999 Executing VM operation: GetOwnedMonitorInfo done
Event: 37939.999 Executing VM operation: GetCurrentContendedMonitor
Event: 37939.999 Executing VM operation: GetCurrentContendedMonitor done
Event: 37939.999 Executing VM operation: GetOwnedMonitorInfo
Event: 37940.000 Executing VM operation: GetOwnedMonitorInfo done
Event: 37940.000 Executing VM operation: GetCurrentContendedMonitor
Event: 37940.000 Executing VM operation: GetCurrentContendedMonitor done
Event: 37940.000 Executing VM operation: GetCurrentContendedMonitor
Event: 37940.000 Executing VM operation: GetCurrentContendedMonitor done
Event: 37940.000 Executing VM operation: GetOwnedMonitorInfo
Event: 37940.000 Executing VM operation: GetOwnedMonitorInfo done


Dynamic libraries:
0x00007ff640fa0000 - 0x00007ff640faf000 	C:\Program Files\Java\jdk-14.0.2\bin\javaw.exe
0x00007ffc5a360000 - 0x00007ffc5a550000 	C:\Windows\SYSTEM32\ntdll.dll
0x00007ffc598a0000 - 0x00007ffc59952000 	C:\Windows\System32\KERNEL32.DLL
0x00007ffc57bf0000 - 0x00007ffc57e92000 	C:\Windows\System32\KERNELBASE.dll
0x00007ffc572f0000 - 0x00007ffc573ea000 	C:\Windows\System32\ucrtbase.dll
0x00007ffc47ee0000 - 0x00007ffc47ef5000 	C:\Program Files\Java\jdk-14.0.2\bin\VCRUNTIME140.dll
0x00007ffc47b00000 - 0x00007ffc47b18000 	C:\Program Files\Java\jdk-14.0.2\bin\jli.dll
0x00007ffc597e0000 - 0x00007ffc59883000 	C:\Windows\System32\ADVAPI32.dll
0x00007ffc59bc0000 - 0x00007ffc59c5e000 	C:\Windows\System32\msvcrt.dll
0x00007ffc5a150000 - 0x00007ffc5a1e7000 	C:\Windows\System32\sechost.dll
0x00007ffc58d00000 - 0x00007ffc58e20000 	C:\Windows\System32\RPCRT4.dll
0x00007ffc58ef0000 - 0x00007ffc59083000 	C:\Windows\System32\USER32.dll
0x00007ffc57ea0000 - 0x00007ffc57ec1000 	C:\Windows\System32\win32u.dll
0x00007ffc4aaf0000 - 0x00007ffc4ad75000 	C:\Windows\WinSxS\amd64_microsoft.windows.common-controls_6595b64144ccf1df_6.0.18362.30_none_a1435978519dce7f\COMCTL32.dll
0x00007ffc593a0000 - 0x00007ffc593c6000 	C:\Windows\System32\GDI32.dll
0x00007ffc594a0000 - 0x00007ffc597d6000 	C:\Windows\System32\combase.dll
0x00007ffc58160000 - 0x00007ffc582f4000 	C:\Windows\System32\gdi32full.dll
0x00007ffc57ed0000 - 0x00007ffc57f51000 	C:\Windows\System32\bcryptPrimitives.dll
0x00007ffc58380000 - 0x00007ffc5841e000 	C:\Windows\System32\msvcp_win.dll
0x00007ffc4cb10000 - 0x00007ffc4cb1a000 	C:\Windows\SYSTEM32\VERSION.dll
0x00007ffc585e0000 - 0x00007ffc5860e000 	C:\Windows\System32\IMM32.DLL
0x00007ffc31c70000 - 0x00007ffc31d0b000 	C:\Program Files\Java\jdk-14.0.2\bin\msvcp140.dll
0x00007ffc10c90000 - 0x00007ffc117ae000 	C:\Program Files\Java\jdk-14.0.2\bin\server\jvm.dll
0x00007ffc58cf0000 - 0x00007ffc58cf8000 	C:\Windows\System32\PSAPI.DLL
0x00007ffc54b70000 - 0x00007ffc54b94000 	C:\Windows\SYSTEM32\WINMM.dll
0x00007ffc54710000 - 0x00007ffc5473d000 	C:\Windows\SYSTEM32\WINMMBASE.dll
0x00007ffc57ba0000 - 0x00007ffc57bea000 	C:\Windows\System32\cfgmgr32.dll
0x00007ffc45c70000 - 0x00007ffc45c79000 	C:\Windows\SYSTEM32\WSOCK32.dll
0x00007ffc59970000 - 0x00007ffc599df000 	C:\Windows\System32\WS2_32.dll
0x00007ffc572b0000 - 0x00007ffc572c1000 	C:\Windows\System32\kernel.appcore.dll
0x00007ffc54960000 - 0x00007ffc5496a000 	C:\Program Files\Java\jdk-14.0.2\bin\jimage.dll
0x00007ffc55b60000 - 0x00007ffc55d54000 	C:\Windows\SYSTEM32\DBGHELP.DLL
0x00007ffc450b0000 - 0x00007ffc450da000 	C:\Windows\SYSTEM32\dbgcore.DLL
0x00007ffc47ac0000 - 0x00007ffc47af8000 	C:\Program Files\Java\jdk-14.0.2\bin\jdwp.dll
0x00007ffc49790000 - 0x00007ffc497b5000 	C:\Program Files\Java\jdk-14.0.2\bin\java.dll
0x00007ffc4a700000 - 0x00007ffc4a70e000 	C:\Program Files\Java\jdk-14.0.2\bin\instrument.dll
0x00007ffc4e220000 - 0x00007ffc4e236000 	C:\Program Files\Java\jdk-14.0.2\bin\zip.dll
0x00007ffc58610000 - 0x00007ffc58cf0000 	C:\Windows\System32\SHELL32.dll
0x00007ffc5a270000 - 0x00007ffc5a319000 	C:\Windows\System32\shcore.dll
0x00007ffc57420000 - 0x00007ffc57b9b000 	C:\Windows\System32\windows.storage.dll
0x00007ffc57240000 - 0x00007ffc5725f000 	C:\Windows\System32\profapi.dll
0x00007ffc57260000 - 0x00007ffc572aa000 	C:\Windows\System32\powrprof.dll
0x00007ffc57230000 - 0x00007ffc57240000 	C:\Windows\System32\UMPDC.dll
0x00007ffc59af0000 - 0x00007ffc59b42000 	C:\Windows\System32\shlwapi.dll
0x00007ffc58360000 - 0x00007ffc58377000 	C:\Windows\System32\cryptsp.dll
0x00007ffc498d0000 - 0x00007ffc498db000 	C:\Program Files\Java\jdk-14.0.2\bin\dt_socket.dll
0x00007ffc56800000 - 0x00007ffc5683a000 	C:\Windows\SYSTEM32\IPHLPAPI.DLL
0x00007ffc56aa0000 - 0x00007ffc56b07000 	C:\Windows\system32\mswsock.dll
0x00007ffc56840000 - 0x00007ffc5690a000 	C:\Windows\SYSTEM32\DNSAPI.dll
0x00007ffc59890000 - 0x00007ffc59898000 	C:\Windows\System32\NSI.dll
0x0000000056020000 - 0x0000000056046000 	C:\Program Files\Bonjour\mdnsNSP.dll
0x00007ffc4b470000 - 0x00007ffc4b47a000 	C:\Windows\System32\rasadhlp.dll
0x00007ffc4cb90000 - 0x00007ffc4cc07000 	C:\Windows\System32\fwpuclnt.dll
0x00007ffc573f0000 - 0x00007ffc57416000 	C:\Windows\System32\bcrypt.dll
0x00007ffc4dba0000 - 0x00007ffc4dbb9000 	C:\Program Files\Java\jdk-14.0.2\bin\net.dll
0x00007ffc4c400000 - 0x00007ffc4c4ef000 	C:\Windows\SYSTEM32\WINHTTP.dll
0x00007ffc4d950000 - 0x00007ffc4d962000 	C:\Program Files\Java\jdk-14.0.2\bin\nio.dll
0x00007ffc50350000 - 0x00007ffc50360000 	C:\Program Files\Java\jdk-14.0.2\bin\verify.dll

dbghelp: loaded successfully - version: 4.0.5 - missing functions: none
symbol engine: initialized successfully - sym options: 0x614 - pdb path: .;C:\Program Files\Java\jdk-14.0.2\bin;C:\Windows\SYSTEM32;C:\Windows\WinSxS\amd64_microsoft.windows.common-controls_6595b64144ccf1df_6.0.18362.30_none_a1435978519dce7f;C:\Program Files\Java\jdk-14.0.2\bin\server;C:\Program Files\Bonjour

VM Arguments:
jvm_args: -agentlib:jdwp=transport=dt_socket,suspend=y,address=localhost:64930 -javaagent:E:\Softwares\eclipse-IDE\eclipse\configuration\org.eclipse.osgi\222\0\.cp\lib\javaagent-shaded.jar -Dfile.encoding=UTF-8 
java_command: com.RINEX_parser.MainApp
java_class_path (initial): E:\projects\eclipse_projects\rinex_parse\target\classes;C:\Users\Naman\.m2\repository\org\ejml\ejml-simple\0.39\ejml-simple-0.39.jar;C:\Users\Naman\.m2\repository\com\google\code\findbugs\jsr305\3.0.2\jsr305-3.0.2.jar;C:\Users\Naman\.m2\repository\org\ejml\ejml-core\0.39\ejml-core-0.39.jar;C:\Users\Naman\.m2\repository\org\ejml\ejml-fdense\0.39\ejml-fdense-0.39.jar;C:\Users\Naman\.m2\repository\org\ejml\ejml-ddense\0.39\ejml-ddense-0.39.jar;C:\Users\Naman\.m2\repository\org\ejml\ejml-cdense\0.39\ejml-cdense-0.39.jar;C:\Users\Naman\.m2\repository\org\ejml\ejml-zdense\0.39\ejml-zdense-0.39.jar;C:\Users\Naman\.m2\repository\org\ejml\ejml-dsparse\0.39\ejml-dsparse-0.39.jar;C:\Users\Naman\.m2\repository\org\ejml\ejml-fsparse\0.39\ejml-fsparse-0.39.jar;C:\Users\Naman\.m2\repository\org\jfree\jfreechart\1.5.1\jfreechart-1.5.1.jar;C:\Users\Naman\.m2\repository\jfree\jcommon\1.0.16\jcommon-1.0.16.jar;C:\Users\Naman\.m2\repository\org\orekit\orekit\10.3\orekit-10.3.jar;C:\Users\Naman\.m2\repository\org\hipparchus\hipparchus-core\1.8\hipparchus-core-1.8.jar;C:\Users\Naman\.m2\repository\org\hipparchus\hipparchus-geometry\1.8\hipparchus-geometry-1.8.jar;C:\Users\Naman\.m2\repository\org\hipparchus\hipparchus-ode\1.8\hipparchus-ode-1.8.jar;C:\Users\Naman\.m2\repository\org\hipparchus\hipparchus-fitting\1.8\hipparchus-fitting-1.8.jar;C:\Users\Naman\.m2\repository\org\hipparchus\hipparchus-optim\1.8\hipparchus-optim-1.8.jar;C:\Users\Naman\.m2\repository\org\hipparchus\hipparchus-filtering\1.8\hipparchus-filtering-1.8.jar;C:\Users\Naman\.m2\repository\org\hipparchus\hipparchus-stat\1.8\hipparchus-stat-1.8.jar;C:\Users\Naman\.m2\repository\com\opencsv\opencsv\5.4\opencsv-5.4.jar;C:\Users\Naman\.m2\repository\org\apache\commons\commons-lang3\3.11\commons-lang3-3.11.jar;C:\Users\Naman\.m2\repository\org\apache\commons\commons-text\1.9\commons-text-1.9.jar;C:\Users\Naman\.m2\repository\commons-beanutils\commons-beanutils\1.9.4\commons-beanutils-1.9.4.jar;C:
Launcher Type: SUN_STANDARD

[Global flags]
     intx CICompilerCount                          = 3                                         {product} {ergonomic}
     uint ConcGCThreads                            = 1                                         {product} {ergonomic}
     uint G1ConcRefinementThreads                  = 4                                         {product} {ergonomic}
   size_t G1HeapRegionSize                         = 1048576                                   {product} {ergonomic}
    uintx GCDrainStackTargetSize                   = 64                                        {product} {ergonomic}
   size_t InitialHeapSize                          = 134217728                                 {product} {ergonomic}
   size_t MarkStackSize                            = 4194304                                   {product} {ergonomic}
   size_t MaxHeapSize                              = 2120220672                                {product} {ergonomic}
   size_t MaxNewSize                               = 1271922688                                {product} {ergonomic}
   size_t MinHeapDeltaBytes                        = 1048576                                   {product} {ergonomic}
   size_t MinHeapSize                              = 8388608                                   {product} {ergonomic}
    uintx NonNMethodCodeHeapSize                   = 5832780                                {pd product} {ergonomic}
    uintx NonProfiledCodeHeapSize                  = 122912730                              {pd product} {ergonomic}
    uintx ProfiledCodeHeapSize                     = 122912730                              {pd product} {ergonomic}
    uintx ReservedCodeCacheSize                    = 251658240                              {pd product} {ergonomic}
     bool SegmentedCodeCache                       = true                                      {product} {ergonomic}
   size_t SoftMaxHeapSize                          = 2120220672                             {manageable} {ergonomic}
     bool UseCompressedClassPointers               = true                                 {lp64_product} {ergonomic}
     bool UseCompressedOops                        = true                                 {lp64_product} {ergonomic}
     bool UseG1GC                                  = true                                      {product} {ergonomic}
     bool UseLargePagesIndividualAllocation        = false                                  {pd product} {ergonomic}

Logging:
Log output configuration:
 #0: stdout all=warning uptime,level,tags
 #1: stderr all=off uptime,level,tags

Environment Variables:
JAVA_HOME=C:\Program Files\Java\jdk-14.0.2
PATH=C:/Program Files/Java/jdk-14.0.2/bin/server;C:/Program Files/Java/jdk-14.0.2/bin;C:\Program Files\Java\jdk-14.0.2\bin;C:\Windows\system32;C:\Windows;C:\Windows\System32\Wbem;C:\Windows\System32\WindowsPowerShell\v1.0\;C:\Windows\System32\OpenSSH\;E:\Softwares\Git\cmd;E:\Softwares\RNXCMP_4.0.8_Windows_mingw_64bit\bin;C:\Users\Naman\AppData\Local\Microsoft\WindowsApps;;C:\Users\Naman\Desktop;
USERNAME=Naman
OS=Windows_NT
PROCESSOR_IDENTIFIER=Intel64 Family 6 Model 78 Stepping 3, GenuineIntel



---------------  S Y S T E M  ---------------

OS: Windows 10 , 64 bit Build 18362 (10.0.18362.1)
OS uptime: 66 days 21:22 hours

CPU:total 4 (initial active 4) (2 cores per cpu, 2 threads per core) family 6 model 78 stepping 3, cmov, cx8, fxsr, mmx, sse, sse2, sse3, ssse3, sse4.1, sse4.2, popcnt, avx, avx2, aes, clmul, erms, 3dnowpref, lzcnt, ht, tsc, tscinvbit, bmi1, bmi2, adx, fma

Memory: 4k page, system-wide physical 8082M (1029M free)
TotalPageFile size 25056M (AvailPageFile size 9741M)
current process WorkingSet (physical memory assigned to process): 48M, peak: 237M
current process commit charge ("private bytes"): 181M, peak: 271M

vm_info: Java HotSpot(TM) 64-Bit Server VM (14.0.2+12-46) for windows-amd64 JRE (14.0.2+12-46), built on Jul  9 2020 00:35:52 by "mach5one" with MS VC++ 15.9 (VS2017)

END.
