#
# A fatal error has been detected by the Java Runtime Environment:
#
#  EXCEPTION_ACCESS_VIOLATION (0xc0000005) at pc=0x00007ffc10dd6699, pid=36908, tid=37344
#
# JRE version: Java(TM) SE Runtime Environment (14.0.2+12) (build 14.0.2+12-46)
# Java VM: Java HotSpot(TM) 64-Bit Server VM (14.0.2+12-46, mixed mode, sharing, tiered, compressed oops, g1 gc, windows-amd64)
# Problematic frame:
# V  [jvm.dll+0x206699]
#
# No core dump will be written. Minidumps are not enabled by default on client versions of Windows
#
# If you would like to submit a bug report, please visit:
#   https://bugreport.java.com/bugreport/crash.jsp
#

---------------  S U M M A R Y ------------

Command Line: -agentlib:jdwp=transport=dt_socket,suspend=y,address=localhost:51272 -javaagent:E:\Softwares\eclipse-IDE\eclipse\configuration\org.eclipse.osgi\222\0\.cp\lib\javaagent-shaded.jar -Dfile.encoding=UTF-8 com.RINEX_parser.MainApp

Host: Intel(R) Core(TM) i5-6200U CPU @ 2.30GHz, 4 cores, 7G,  Windows 10 , 64 bit Build 18362 (10.0.18362.1)
Time: Thu Apr  8 04:04:42 2021 India Standard Time elapsed time: 97 seconds (0d 0h 1m 37s)

---------------  T H R E A D  ---------------

Current thread (0x000002d4d0d2b800):  JavaThread "JDWP Transport Listener: dt_socket" daemon [_thread_in_vm, id=37344, stack(0x000000f1a7700000,0x000000f1a7800000)] _threads_hazard_ptr=0x000002d4d17e4190

Stack: [0x000000f1a7700000,0x000000f1a7800000],  sp=0x000000f1a77fe358,  free space=1016k
Native frames: (J=compiled Java code, j=interpreted, Vv=VM code, C=native code)
V  [jvm.dll+0x206699]


siginfo: EXCEPTION_ACCESS_VIOLATION (0xc0000005), reading address 0x000002d4d09e4160


Register to memory mapping:

RIP=0x00007ffc10dd6699 jvm.dll
RAX=0x0000000000194120 is an unknown value
RBX=0x000002d4d084dcd8 is pointing into metadata
RCX=0x000002d4d0850040 is pointing into metadata
RDX=0x000000000000ca08 is an unknown value
RSP=0x000000f1a77fe358 is pointing into the stack for thread: 0x000002d4d0d2b800
RBP=0x000000f1a77fe900 is pointing into the stack for thread: 0x000002d4d0d2b800
RSI=0x000000f1a77fea70 is pointing into the stack for thread: 0x000002d4d0d2b800
RDI=0x000000f1a77fea70 is pointing into the stack for thread: 0x000002d4d0d2b800
R8 =0x0 is NULL
R9 =0x000002d4d084dcd8 is pointing into metadata
R10=0x0 is NULL
R11=0x0 is NULL
R12=0x000002d4d673eeb8 points into unknown readable memory: 00 cf fe 82 c9 00 00 00
R13=0x0000000000000078 is an unknown value
R14=0x000002d4d084cba8 is pointing into metadata
R15=0x0000000000000173 is an unknown value


Registers:
RAX=0x0000000000194120, RBX=0x000002d4d084dcd8, RCX=0x000002d4d0850040, RDX=0x000000000000ca08
RSP=0x000000f1a77fe358, RBP=0x000000f1a77fe900, RSI=0x000000f1a77fea70, RDI=0x000000f1a77fea70
R8 =0x0000000000000000, R9 =0x000002d4d084dcd8, R10=0x0000000000000000, R11=0x0000000000000000
R12=0x000002d4d673eeb8, R13=0x0000000000000078, R14=0x000002d4d084cba8, R15=0x0000000000000173
RIP=0x00007ffc10dd6699, EFLAGS=0x0000000000010202

Top of Stack: (sp=0x000000f1a77fe358)
0x000000f1a77fe358:   00007ffc10dd671e 000000f1a77fe3c0
0x000000f1a77fe368:   00007ffc57c52458 0000000000000000
0x000000f1a77fe378:   0000000000000000 0000000000000000
0x000000f1a77fe388:   00007ffc10ebf310 0000000000000000
0x000000f1a77fe398:   000000f1a77fea70 0000000000000000
0x000000f1a77fe3a8:   00007ffc111c5c62 000002d4d0850000
0x000000f1a77fe3b8:   0000000000040000 00007ffc11425740
0x000000f1a77fe3c8:   000000080040e240 0000000000000002
0x000000f1a77fe3d8:   000000000000000c 000000f1a77fe400
0x000000f1a77fe3e8:   0000000000000001 000000004600012d
0x000000f1a77fe3f8:   0000000000000000 4fffffff4fffffff
0x000000f1a77fe408:   2fffffff2fffffff 2fffffff2fffffff
0x000000f1a77fe418:   000002d4d0850000 0000000000000000
0x000000f1a77fe428:   000002d4d0850000 0000000000000000
0x000000f1a77fe438:   0000000000000000 0000000000000000
0x000000f1a77fe448:   00007ffc1130f2dd 000002d4afb9ed10 

Instructions: (pc=0x00007ffc10dd6699)
0x00007ffc10dd6599:   03 03 03 03 03 03 03 03 03 03 03 03 03 03 03 03
0x00007ffc10dd65a9:   03 03 03 03 03 03 03 03 03 03 03 03 03 03 03 03
0x00007ffc10dd65b9:   03 03 03 03 03 03 03 03 03 03 03 03 03 03 03 03
0x00007ffc10dd65c9:   03 03 03 03 03 03 03 03 03 03 03 03 03 03 03 03
0x00007ffc10dd65d9:   03 03 02 03 03 02 cc 48 89 5c 24 08 48 89 74 24
0x00007ffc10dd65e9:   10 57 48 83 ec 20 48 63 da 41 0f b6 f0 48 8b f9
0x00007ffc10dd65f9:   85 d2 79 24 4c 8d 0d 0c 83 63 00 ba 99 02 00 00
0x00007ffc10dd6609:   4c 8d 05 38 83 63 00 48 8d 0d b1 82 63 00 e8 94
0x00007ffc10dd6619:   6b 00 00 e8 cf 1f 3f 00 40 84 f6 75 18 48 8b 4f
0x00007ffc10dd6629:   10 48 85 c9 74 0f 48 8d 43 01 48 c1 e0 05 48 8b
0x00007ffc10dd6639:   04 08 0f b7 d8 48 8b 74 24 38 48 63 c3 48 8b 5c
0x00007ffc10dd6649:   24 30 0f b7 44 c7 40 48 83 c4 20 5f c3 cc cc cc
0x00007ffc10dd6659:   cc cc cc cc cc cc cc 4c 8b c9 45 84 c0 75 42 48
0x00007ffc10dd6669:   8b 49 10 48 85 c9 74 39 85 d2 79 1a f7 d2 48 63
0x00007ffc10dd6679:   c2 48 ff c0 48 c1 e0 05 48 8b 04 08 0f b7 c8 41
0x00007ffc10dd6689:   0f b7 44 c9 42 c3 48 63 c2 48 ff c0 48 c1 e0 05
0x00007ffc10dd6699:   48 8b 04 08 0f b7 d0 48 63 c2 41 0f b7 44 c1 42
0x00007ffc10dd66a9:   c3 49 8b 41 08 4c 63 c2 42 0f b6 44 00 04 8d 48
0x00007ffc10dd66b9:   ef 80 f9 01 76 0e 3c 6a 74 0a 48 63 c2 41 0f b7
0x00007ffc10dd66c9:   44 c1 42 c3 43 0f b7 44 c1 42 c3 cc cc cc cc cc
0x00007ffc10dd66d9:   cc cc cc cc cc cc cc 40 53 48 83 ec 20 48 8b d9
0x00007ffc10dd66e9:   e8 72 ff ff ff 48 63 d0 0f b7 44 d3 40 48 8b 44
0x00007ffc10dd66f9:   c3 40 48 83 c4 20 5b c3 cc cc cc cc cc cc cc cc
0x00007ffc10dd6709:   cc cc cc cc cc cc cc 40 53 48 83 ec 20 48 8b d9
0x00007ffc10dd6719:   e8 42 ff ff ff 48 63 d0 0f b7 44 d3 42 48 8b 44
0x00007ffc10dd6729:   c3 40 48 83 c4 20 5b c3 cc cc cc cc cc cc cc cc
0x00007ffc10dd6739:   cc cc cc cc cc cc cc 4c 8b d1 45 84 c9 75 23 4c
0x00007ffc10dd6749:   8b 49 10 4d 85 c9 74 1a 45 85 c0 79 03 41 f7 d0
0x00007ffc10dd6759:   49 63 c0 48 ff c0 48 c1 e0 05 4a 8b 04 08 44 0f
0x00007ffc10dd6769:   b7 c0 49 8b 42 08 49 63 c8 0f b6 4c 08 04 48 8b
0x00007ffc10dd6779:   c2 88 0a c3 cc cc cc 40 56 57 41 54 41 56 41 57
0x00007ffc10dd6789:   48 83 ec 20 45 8b 30 49 8b f0 49 63 f9 4c 8b e2 


Stack slot to memory mapping:
stack at sp + 0 slots: 0x00007ffc10dd671e jvm.dll
stack at sp + 1 slots: 0x000000f1a77fe3c0 is pointing into the stack for thread: 0x000002d4d0d2b800
stack at sp + 2 slots: 0x00007ffc57c52458 KERNELBASE.dll
stack at sp + 3 slots: 0x0 is NULL
stack at sp + 4 slots: 0x0 is NULL
stack at sp + 5 slots: 0x0 is NULL
stack at sp + 6 slots: 0x00007ffc10ebf310 jvm.dll
stack at sp + 7 slots: 0x0 is NULL


---------------  P R O C E S S  ---------------

Threads class SMR info:
_java_thread_list=0x000002d4d17e4190, length=14, elements={
0x000002d4afad5800, 0x000002d4d01f4800, 0x000002d4d01f5800, 0x000002d4d020d800,
0x000002d4d020e800, 0x000002d4d0210000, 0x000002d4d0217000, 0x000002d4d024a000,
0x000002d4d0b58800, 0x000002d4d0c69800, 0x000002d4d0d2b800, 0x000002d4d0d2d000,
0x000002d4d0cf3000, 0x000002d4d0c68800
}

Java Threads: ( => current thread )
  0x000002d4afad5800 JavaThread "main" [_thread_blocked, id=29324, stack(0x000000f1a6600000,0x000000f1a6700000)]
  0x000002d4d01f4800 JavaThread "Reference Handler" daemon [_thread_blocked, id=17468, stack(0x000000f1a6d00000,0x000000f1a6e00000)]
  0x000002d4d01f5800 JavaThread "Finalizer" daemon [_thread_blocked, id=32188, stack(0x000000f1a6e00000,0x000000f1a6f00000)]
  0x000002d4d020d800 JavaThread "Signal Dispatcher" daemon [_thread_blocked, id=31352, stack(0x000000f1a6f00000,0x000000f1a7000000)]
  0x000002d4d020e800 JavaThread "Attach Listener" daemon [_thread_blocked, id=12304, stack(0x000000f1a7000000,0x000000f1a7100000)]
  0x000002d4d0210000 JavaThread "Service Thread" daemon [_thread_blocked, id=22020, stack(0x000000f1a7100000,0x000000f1a7200000)]
  0x000002d4d0217000 JavaThread "C2 CompilerThread0" daemon [_thread_blocked, id=16012, stack(0x000000f1a7200000,0x000000f1a7300000)]
  0x000002d4d024a000 JavaThread "C1 CompilerThread0" daemon [_thread_blocked, id=32608, stack(0x000000f1a7300000,0x000000f1a7400000)]
  0x000002d4d0b58800 JavaThread "Sweeper thread" daemon [_thread_blocked, id=46024, stack(0x000000f1a7400000,0x000000f1a7500000)]
  0x000002d4d0c69800 JavaThread "Common-Cleaner" daemon [_thread_blocked, id=36436, stack(0x000000f1a7500000,0x000000f1a7600000)]
=>0x000002d4d0d2b800 JavaThread "JDWP Transport Listener: dt_socket" daemon [_thread_in_vm, id=37344, stack(0x000000f1a7700000,0x000000f1a7800000)]
  0x000002d4d0d2d000 JavaThread "JDWP Event Helper Thread" daemon [_thread_blocked, id=32328, stack(0x000000f1a7800000,0x000000f1a7900000)]
  0x000002d4d0cf3000 JavaThread "JDWP Command Reader" daemon [_thread_in_native, id=24384, stack(0x000000f1a7900000,0x000000f1a7a00000)]
  0x000002d4d0c68800 JavaThread "Notification Thread" daemon [_thread_blocked, id=19032, stack(0x000000f1a7a00000,0x000000f1a7b00000)]

Other Threads:
  0x000002d4d01f2000 VMThread "VM Thread" [stack: 0x000000f1a6c00000,0x000000f1a6d00000] [id=10156]
  0x000002d4d0f4e800 WatcherThread [stack: 0x000000f1a7b00000,0x000000f1a7c00000] [id=19964]
  0x000002d4afb13800 GCTaskThread "GC Thread#0" [stack: 0x000000f1a6700000,0x000000f1a6800000] [id=52300]
  0x000002d4d1457800 GCTaskThread "GC Thread#1" [stack: 0x000000f1a7c00000,0x000000f1a7d00000] [id=32900]
  0x000002d4d1458000 GCTaskThread "GC Thread#2" [stack: 0x000000f1a7d00000,0x000000f1a7e00000] [id=46728]
  0x000002d4afb25000 ConcurrentGCThread "G1 Main Marker" [stack: 0x000000f1a6800000,0x000000f1a6900000] [id=47504]
  0x000002d4afb26000 ConcurrentGCThread "G1 Conc#0" [stack: 0x000000f1a6900000,0x000000f1a6a00000] [id=16248]
  0x000002d4afb9e000 ConcurrentGCThread "G1 Refine#0" [stack: 0x000000f1a6a00000,0x000000f1a6b00000] [id=36820]
  0x000002d4d006a800 ConcurrentGCThread "G1 Young RemSet Sampling" [stack: 0x000000f1a6b00000,0x000000f1a6c00000] [id=17888]

Threads with active compile tasks:

VM state:not at safepoint (normal execution)

VM Mutex/Monitor currently owned by a thread: None

Heap address: 0x0000000081a00000, size: 2022 MB, Compressed Oops mode: 32-bit
Narrow klass base: 0x0000000800000000, Narrow klass shift: 3
Compressed class space size: 1073741824 Address: 0x0000000800b30000

Heap:
 garbage-first heap   total 147456K, used 117961K [0x0000000081a00000, 0x0000000100000000)
  region size 1024K, 61 young (62464K), 2 survivors (2048K)
 Metaspace       used 6616K, capacity 6851K, committed 7168K, reserved 1056768K
  class space    used 590K, capacity 662K, committed 768K, reserved 1048576K
Heap Regions: E=young(eden), S=young(survivor), O=old, HS=humongous(starts), HC=humongous(continues), CS=collection set, F=free, OA=open archive, CA=closed archive, TAMS=top-at-mark-start (previous, next)
|   0|0x0000000081a00000, 0x0000000081b00000, 0x0000000081b00000|100%| O|  |TAMS 0x0000000081b00000, 0x0000000081a00000| Untracked 
|   1|0x0000000081b00000, 0x0000000081c00000, 0x0000000081c00000|100%| O|  |TAMS 0x0000000081c00000, 0x0000000081b00000| Untracked 
|   2|0x0000000081c00000, 0x0000000081d00000, 0x0000000081d00000|100%| O|  |TAMS 0x0000000081d00000, 0x0000000081c00000| Untracked 
|   3|0x0000000081d00000, 0x0000000081e00000, 0x0000000081e00000|100%| O|  |TAMS 0x0000000081d00000, 0x0000000081d00000| Untracked 
|   4|0x0000000081e00000, 0x0000000081f00000, 0x0000000081f00000|100%| O|  |TAMS 0x0000000081e00000, 0x0000000081e00000| Untracked 
|   5|0x0000000081f00000, 0x0000000082000000, 0x0000000082000000|100%| O|  |TAMS 0x0000000081f00000, 0x0000000081f00000| Untracked 
|   6|0x0000000082000000, 0x0000000082100000, 0x0000000082100000|100%| O|  |TAMS 0x0000000082000000, 0x0000000082000000| Untracked 
|   7|0x0000000082100000, 0x0000000082200000, 0x0000000082200000|100%| O|  |TAMS 0x0000000082100000, 0x0000000082100000| Untracked 
|   8|0x0000000082200000, 0x0000000082300000, 0x0000000082300000|100%| O|  |TAMS 0x0000000082200000, 0x0000000082200000| Untracked 
|   9|0x0000000082300000, 0x0000000082400000, 0x0000000082400000|100%| O|  |TAMS 0x0000000082300000, 0x0000000082300000| Untracked 
|  10|0x0000000082400000, 0x0000000082500000, 0x0000000082500000|100%| O|  |TAMS 0x0000000082400000, 0x0000000082400000| Untracked 
|  11|0x0000000082500000, 0x00000000825b0600, 0x0000000082600000| 68%| O|  |TAMS 0x0000000082500000, 0x0000000082500000| Untracked 
|  12|0x0000000082600000, 0x0000000082600000, 0x0000000082700000|  0%| F|  |TAMS 0x0000000082600000, 0x0000000082600000| Untracked 
|  13|0x0000000082700000, 0x0000000082700000, 0x0000000082800000|  0%| F|  |TAMS 0x0000000082700000, 0x0000000082700000| Untracked 
|  14|0x0000000082800000, 0x0000000082800000, 0x0000000082900000|  0%| F|  |TAMS 0x0000000082800000, 0x0000000082800000| Untracked 
|  15|0x0000000082900000, 0x0000000082900000, 0x0000000082a00000|  0%| F|  |TAMS 0x0000000082900000, 0x0000000082900000| Untracked 
|  16|0x0000000082a00000, 0x0000000082a00000, 0x0000000082b00000|  0%| F|  |TAMS 0x0000000082a00000, 0x0000000082a00000| Untracked 
|  17|0x0000000082b00000, 0x0000000082b00000, 0x0000000082c00000|  0%| F|  |TAMS 0x0000000082b00000, 0x0000000082b00000| Untracked 
|  18|0x0000000082c00000, 0x0000000082c00000, 0x0000000082d00000|  0%| F|  |TAMS 0x0000000082c00000, 0x0000000082c00000| Untracked 
|  19|0x0000000082d00000, 0x0000000082d00000, 0x0000000082e00000|  0%| F|  |TAMS 0x0000000082d00000, 0x0000000082d00000| Untracked 
|  20|0x0000000082e00000, 0x0000000082e00000, 0x0000000082f00000|  0%| F|  |TAMS 0x0000000082e00000, 0x0000000082e00000| Untracked 
|  21|0x0000000082f00000, 0x0000000083000000, 0x0000000083000000|100%| O|  |TAMS 0x0000000083000000, 0x0000000082f00000| Untracked 
|  22|0x0000000083000000, 0x0000000083100000, 0x0000000083100000|100%| O|  |TAMS 0x0000000083100000, 0x0000000083000000| Untracked 
|  23|0x0000000083100000, 0x0000000083200000, 0x0000000083200000|100%| O|  |TAMS 0x0000000083200000, 0x0000000083100000| Untracked 
|  24|0x0000000083200000, 0x0000000083300000, 0x0000000083300000|100%| O|  |TAMS 0x0000000083300000, 0x0000000083200000| Untracked 
|  25|0x0000000083300000, 0x0000000083400000, 0x0000000083400000|100%| O|  |TAMS 0x0000000083400000, 0x0000000083300000| Untracked 
|  26|0x0000000083400000, 0x0000000083500000, 0x0000000083500000|100%| O|  |TAMS 0x0000000083500000, 0x0000000083400000| Untracked 
|  27|0x0000000083500000, 0x0000000083500000, 0x0000000083600000|  0%| F|  |TAMS 0x0000000083500000, 0x0000000083500000| Untracked 
|  28|0x0000000083600000, 0x0000000083600000, 0x0000000083700000|  0%| F|  |TAMS 0x0000000083600000, 0x0000000083600000| Untracked 
|  29|0x0000000083700000, 0x0000000083700000, 0x0000000083800000|  0%| F|  |TAMS 0x0000000083700000, 0x0000000083700000| Untracked 
|  30|0x0000000083800000, 0x0000000083800000, 0x0000000083900000|  0%| F|  |TAMS 0x0000000083800000, 0x0000000083800000| Untracked 
|  31|0x0000000083900000, 0x0000000083900000, 0x0000000083a00000|  0%| F|  |TAMS 0x0000000083900000, 0x0000000083900000| Untracked 
|  32|0x0000000083a00000, 0x0000000083a00000, 0x0000000083b00000|  0%| F|  |TAMS 0x0000000083a00000, 0x0000000083a00000| Untracked 
|  33|0x0000000083b00000, 0x0000000083b00000, 0x0000000083c00000|  0%| F|  |TAMS 0x0000000083b00000, 0x0000000083b00000| Untracked 
|  34|0x0000000083c00000, 0x0000000083c00000, 0x0000000083d00000|  0%| F|  |TAMS 0x0000000083c00000, 0x0000000083c00000| Untracked 
|  35|0x0000000083d00000, 0x0000000083d00000, 0x0000000083e00000|  0%| F|  |TAMS 0x0000000083d00000, 0x0000000083d00000| Untracked 
|  36|0x0000000083e00000, 0x0000000083e00000, 0x0000000083f00000|  0%| F|  |TAMS 0x0000000083e00000, 0x0000000083e00000| Untracked 
|  37|0x0000000083f00000, 0x0000000083f00000, 0x0000000084000000|  0%| F|  |TAMS 0x0000000083f00000, 0x0000000083f00000| Untracked 
|  38|0x0000000084000000, 0x0000000084000000, 0x0000000084100000|  0%| F|  |TAMS 0x0000000084000000, 0x0000000084000000| Untracked 
|  39|0x0000000084100000, 0x00000000841cda50, 0x0000000084200000| 80%| S|CS|TAMS 0x0000000084100000, 0x0000000084100000| Complete 
|  40|0x0000000084200000, 0x0000000084300000, 0x0000000084300000|100%| S|CS|TAMS 0x0000000084200000, 0x0000000084200000| Complete 
|  41|0x0000000084300000, 0x0000000084300000, 0x0000000084400000|  0%| F|  |TAMS 0x0000000084300000, 0x0000000084300000| Untracked 
|  42|0x0000000084400000, 0x0000000084400000, 0x0000000084500000|  0%| F|  |TAMS 0x0000000084400000, 0x0000000084400000| Untracked 
|  43|0x0000000084500000, 0x0000000084500000, 0x0000000084600000|  0%| F|  |TAMS 0x0000000084500000, 0x0000000084500000| Untracked 
|  44|0x0000000084600000, 0x0000000084600000, 0x0000000084700000|  0%| F|  |TAMS 0x0000000084600000, 0x0000000084600000| Untracked 
|  45|0x0000000084700000, 0x0000000084700000, 0x0000000084800000|  0%| F|  |TAMS 0x0000000084700000, 0x0000000084700000| Untracked 
|  46|0x0000000084800000, 0x0000000084800000, 0x0000000084900000|  0%| F|  |TAMS 0x0000000084800000, 0x0000000084800000| Untracked 
|  47|0x0000000084900000, 0x0000000084980800, 0x0000000084a00000| 50%| E|  |TAMS 0x0000000084900000, 0x0000000084900000| Complete 
|  48|0x0000000084a00000, 0x0000000084b00000, 0x0000000084b00000|100%| E|CS|TAMS 0x0000000084a00000, 0x0000000084a00000| Complete 
|  49|0x0000000084b00000, 0x0000000084c00000, 0x0000000084c00000|100%| E|CS|TAMS 0x0000000084b00000, 0x0000000084b00000| Complete 
|  50|0x0000000084c00000, 0x0000000084d00000, 0x0000000084d00000|100%| E|CS|TAMS 0x0000000084c00000, 0x0000000084c00000| Complete 
|  51|0x0000000084d00000, 0x0000000084e00000, 0x0000000084e00000|100%| E|CS|TAMS 0x0000000084d00000, 0x0000000084d00000| Complete 
|  52|0x0000000084e00000, 0x0000000084f00000, 0x0000000084f00000|100%| E|CS|TAMS 0x0000000084e00000, 0x0000000084e00000| Complete 
|  53|0x0000000084f00000, 0x0000000085000000, 0x0000000085000000|100%| E|CS|TAMS 0x0000000084f00000, 0x0000000084f00000| Complete 
|  54|0x0000000085000000, 0x0000000085100000, 0x0000000085100000|100%| E|CS|TAMS 0x0000000085000000, 0x0000000085000000| Complete 
|  55|0x0000000085100000, 0x0000000085200000, 0x0000000085200000|100%| E|CS|TAMS 0x0000000085100000, 0x0000000085100000| Complete 
|  56|0x0000000085200000, 0x0000000085300000, 0x0000000085300000|100%| E|CS|TAMS 0x0000000085200000, 0x0000000085200000| Complete 
|  57|0x0000000085300000, 0x0000000085400000, 0x0000000085400000|100%| E|CS|TAMS 0x0000000085300000, 0x0000000085300000| Complete 
|  58|0x0000000085400000, 0x0000000085500000, 0x0000000085500000|100%| E|CS|TAMS 0x0000000085400000, 0x0000000085400000| Complete 
|  59|0x0000000085500000, 0x0000000085600000, 0x0000000085600000|100%| E|CS|TAMS 0x0000000085500000, 0x0000000085500000| Complete 
|  60|0x0000000085600000, 0x0000000085700000, 0x0000000085700000|100%| E|CS|TAMS 0x0000000085600000, 0x0000000085600000| Complete 
|  61|0x0000000085700000, 0x0000000085800000, 0x0000000085800000|100%| E|CS|TAMS 0x0000000085700000, 0x0000000085700000| Complete 
|  62|0x0000000085800000, 0x0000000085900000, 0x0000000085900000|100%| E|CS|TAMS 0x0000000085800000, 0x0000000085800000| Complete 
|  63|0x0000000085900000, 0x0000000085a00000, 0x0000000085a00000|100%| E|CS|TAMS 0x0000000085900000, 0x0000000085900000| Complete 
|  64|0x0000000085a00000, 0x0000000085b00000, 0x0000000085b00000|100%| E|CS|TAMS 0x0000000085a00000, 0x0000000085a00000| Complete 
|  65|0x0000000085b00000, 0x0000000085c00000, 0x0000000085c00000|100%| O|  |TAMS 0x0000000085c00000, 0x0000000085b00000| Untracked 
|  66|0x0000000085c00000, 0x0000000085d00000, 0x0000000085d00000|100%| E|CS|TAMS 0x0000000085c00000, 0x0000000085c00000| Complete 
|  67|0x0000000085d00000, 0x0000000085e00000, 0x0000000085e00000|100%| E|CS|TAMS 0x0000000085d00000, 0x0000000085d00000| Complete 
|  68|0x0000000085e00000, 0x0000000085f00000, 0x0000000085f00000|100%| E|CS|TAMS 0x0000000085e00000, 0x0000000085e00000| Complete 
|  69|0x0000000085f00000, 0x0000000086000000, 0x0000000086000000|100%| E|CS|TAMS 0x0000000085f00000, 0x0000000085f00000| Complete 
|  70|0x0000000086000000, 0x0000000086100000, 0x0000000086100000|100%| O|  |TAMS 0x0000000086100000, 0x0000000086000000| Untracked 
|  71|0x0000000086100000, 0x00000000861b4400, 0x0000000086200000| 70%| O|  |TAMS 0x00000000861b4400, 0x0000000086100000| Untracked 
|  72|0x0000000086200000, 0x0000000086300000, 0x0000000086300000|100%| E|CS|TAMS 0x0000000086200000, 0x0000000086200000| Complete 
|  73|0x0000000086300000, 0x0000000086400000, 0x0000000086400000|100%| E|CS|TAMS 0x0000000086300000, 0x0000000086300000| Complete 
|  74|0x0000000086400000, 0x0000000086500000, 0x0000000086500000|100%| E|CS|TAMS 0x0000000086400000, 0x0000000086400000| Complete 
|  75|0x0000000086500000, 0x0000000086600000, 0x0000000086600000|100%| E|CS|TAMS 0x0000000086500000, 0x0000000086500000| Complete 
|  76|0x0000000086600000, 0x0000000086700000, 0x0000000086700000|100%| E|CS|TAMS 0x0000000086600000, 0x0000000086600000| Complete 
|  77|0x0000000086700000, 0x0000000086800000, 0x0000000086800000|100%| E|CS|TAMS 0x0000000086700000, 0x0000000086700000| Complete 
|  78|0x0000000086800000, 0x0000000086900000, 0x0000000086900000|100%| E|CS|TAMS 0x0000000086800000, 0x0000000086800000| Complete 
|  79|0x0000000086900000, 0x0000000086a00000, 0x0000000086a00000|100%| E|CS|TAMS 0x0000000086900000, 0x0000000086900000| Complete 
|  80|0x0000000086a00000, 0x0000000086b00000, 0x0000000086b00000|100%| E|CS|TAMS 0x0000000086a00000, 0x0000000086a00000| Complete 
|  81|0x0000000086b00000, 0x0000000086c00000, 0x0000000086c00000|100%| E|CS|TAMS 0x0000000086b00000, 0x0000000086b00000| Complete 
|  82|0x0000000086c00000, 0x0000000086d00000, 0x0000000086d00000|100%| E|CS|TAMS 0x0000000086c00000, 0x0000000086c00000| Complete 
|  83|0x0000000086d00000, 0x0000000086e00000, 0x0000000086e00000|100%| E|CS|TAMS 0x0000000086d00000, 0x0000000086d00000| Complete 
|  84|0x0000000086e00000, 0x0000000086f00000, 0x0000000086f00000|100%| E|CS|TAMS 0x0000000086e00000, 0x0000000086e00000| Complete 
|  85|0x0000000086f00000, 0x0000000087000000, 0x0000000087000000|100%| E|CS|TAMS 0x0000000086f00000, 0x0000000086f00000| Complete 
|  86|0x0000000087000000, 0x0000000087100000, 0x0000000087100000|100%| E|CS|TAMS 0x0000000087000000, 0x0000000087000000| Complete 
|  87|0x0000000087100000, 0x0000000087200000, 0x0000000087200000|100%| E|CS|TAMS 0x0000000087100000, 0x0000000087100000| Complete 
|  88|0x0000000087200000, 0x0000000087300000, 0x0000000087300000|100%| E|CS|TAMS 0x0000000087200000, 0x0000000087200000| Complete 
|  89|0x0000000087300000, 0x0000000087400000, 0x0000000087400000|100%| E|CS|TAMS 0x0000000087300000, 0x0000000087300000| Complete 
|  90|0x0000000087400000, 0x0000000087500000, 0x0000000087500000|100%| E|CS|TAMS 0x0000000087400000, 0x0000000087400000| Complete 
|  91|0x0000000087500000, 0x0000000087600000, 0x0000000087600000|100%| E|CS|TAMS 0x0000000087500000, 0x0000000087500000| Complete 
|  92|0x0000000087600000, 0x0000000087700000, 0x0000000087700000|100%| E|CS|TAMS 0x0000000087600000, 0x0000000087600000| Complete 
|  93|0x0000000087700000, 0x0000000087800000, 0x0000000087800000|100%| E|CS|TAMS 0x0000000087700000, 0x0000000087700000| Complete 
|  94|0x0000000087800000, 0x0000000087900000, 0x0000000087900000|100%| E|CS|TAMS 0x0000000087800000, 0x0000000087800000| Complete 
|  95|0x0000000087900000, 0x0000000087a00000, 0x0000000087a00000|100%| E|CS|TAMS 0x0000000087900000, 0x0000000087900000| Complete 
|  96|0x0000000087a00000, 0x0000000087b00000, 0x0000000087b00000|100%| E|CS|TAMS 0x0000000087a00000, 0x0000000087a00000| Complete 
|  97|0x0000000087b00000, 0x0000000087c00000, 0x0000000087c00000|100%| E|CS|TAMS 0x0000000087b00000, 0x0000000087b00000| Complete 
|  98|0x0000000087c00000, 0x0000000087d00000, 0x0000000087d00000|100%| E|CS|TAMS 0x0000000087c00000, 0x0000000087c00000| Complete 
|  99|0x0000000087d00000, 0x0000000087e00000, 0x0000000087e00000|100%| E|CS|TAMS 0x0000000087d00000, 0x0000000087d00000| Complete 
| 100|0x0000000087e00000, 0x0000000087f00000, 0x0000000087f00000|100%| E|CS|TAMS 0x0000000087e00000, 0x0000000087e00000| Complete 
| 101|0x0000000087f00000, 0x0000000088000000, 0x0000000088000000|100%| E|CS|TAMS 0x0000000087f00000, 0x0000000087f00000| Complete 
| 102|0x0000000088000000, 0x0000000088100000, 0x0000000088100000|100%| E|CS|TAMS 0x0000000088000000, 0x0000000088000000| Complete 
| 103|0x0000000088100000, 0x0000000088200000, 0x0000000088200000|100%|HS|  |TAMS 0x0000000088200000, 0x0000000088100000| Complete 
| 104|0x0000000088200000, 0x0000000088300000, 0x0000000088300000|100%|HC|  |TAMS 0x0000000088300000, 0x0000000088200000| Complete 
| 105|0x0000000088300000, 0x0000000088400000, 0x0000000088400000|100%|HC|  |TAMS 0x0000000088400000, 0x0000000088300000| Complete 
| 106|0x0000000088400000, 0x0000000088500000, 0x0000000088500000|100%|HC|  |TAMS 0x0000000088500000, 0x0000000088400000| Complete 
| 107|0x0000000088500000, 0x0000000088600000, 0x0000000088600000|100%|HC|  |TAMS 0x0000000088600000, 0x0000000088500000| Complete 
| 108|0x0000000088600000, 0x0000000088700000, 0x0000000088700000|100%|HC|  |TAMS 0x0000000088700000, 0x0000000088600000| Complete 
| 109|0x0000000088700000, 0x0000000088800000, 0x0000000088800000|100%|HC|  |TAMS 0x0000000088800000, 0x0000000088700000| Complete 
| 110|0x0000000088800000, 0x0000000088900000, 0x0000000088900000|100%|HC|  |TAMS 0x0000000088900000, 0x0000000088800000| Complete 
| 111|0x0000000088900000, 0x0000000088a00000, 0x0000000088a00000|100%|HC|  |TAMS 0x0000000088a00000, 0x0000000088900000| Complete 
| 112|0x0000000088a00000, 0x0000000088b00000, 0x0000000088b00000|100%|HC|  |TAMS 0x0000000088b00000, 0x0000000088a00000| Complete 
| 113|0x0000000088b00000, 0x0000000088c00000, 0x0000000088c00000|100%|HC|  |TAMS 0x0000000088c00000, 0x0000000088b00000| Complete 
| 114|0x0000000088c00000, 0x0000000088d00000, 0x0000000088d00000|100%|HC|  |TAMS 0x0000000088d00000, 0x0000000088c00000| Complete 
| 115|0x0000000088d00000, 0x0000000088e00000, 0x0000000088e00000|100%|HC|  |TAMS 0x0000000088e00000, 0x0000000088d00000| Complete 
| 116|0x0000000088e00000, 0x0000000088f00000, 0x0000000088f00000|100%|HC|  |TAMS 0x0000000088f00000, 0x0000000088e00000| Complete 
| 117|0x0000000088f00000, 0x0000000089000000, 0x0000000089000000|100%|HC|  |TAMS 0x0000000089000000, 0x0000000088f00000| Complete 
| 118|0x0000000089000000, 0x0000000089100000, 0x0000000089100000|100%|HC|  |TAMS 0x0000000089100000, 0x0000000089000000| Complete 
| 119|0x0000000089100000, 0x0000000089200000, 0x0000000089200000|100%|HC|  |TAMS 0x0000000089200000, 0x0000000089100000| Complete 
| 120|0x0000000089200000, 0x0000000089300000, 0x0000000089300000|100%|HC|  |TAMS 0x0000000089300000, 0x0000000089200000| Complete 
| 121|0x0000000089300000, 0x0000000089400000, 0x0000000089400000|100%|HC|  |TAMS 0x0000000089400000, 0x0000000089300000| Complete 
| 122|0x0000000089400000, 0x0000000089500000, 0x0000000089500000|100%|HC|  |TAMS 0x0000000089500000, 0x0000000089400000| Complete 
| 123|0x0000000089500000, 0x0000000089600000, 0x0000000089600000|100%|HC|  |TAMS 0x0000000089600000, 0x0000000089500000| Complete 
| 124|0x0000000089600000, 0x0000000089700000, 0x0000000089700000|100%|HC|  |TAMS 0x0000000089700000, 0x0000000089600000| Complete 
| 125|0x0000000089700000, 0x0000000089800000, 0x0000000089800000|100%|HC|  |TAMS 0x0000000089800000, 0x0000000089700000| Complete 
| 126|0x0000000089800000, 0x0000000089900000, 0x0000000089900000|100%|HC|  |TAMS 0x0000000089900000, 0x0000000089800000| Complete 
| 127|0x0000000089900000, 0x0000000089a00000, 0x0000000089a00000|100%|HC|  |TAMS 0x0000000089a00000, 0x0000000089900000| Complete 
| 128|0x0000000089a00000, 0x0000000089b00000, 0x0000000089b00000|100%|HC|  |TAMS 0x0000000089b00000, 0x0000000089a00000| Complete 
| 129|0x0000000089b00000, 0x0000000089c00000, 0x0000000089c00000|100%|HC|  |TAMS 0x0000000089c00000, 0x0000000089b00000| Complete 
| 130|0x0000000089c00000, 0x0000000089d00000, 0x0000000089d00000|100%|HC|  |TAMS 0x0000000089d00000, 0x0000000089c00000| Complete 
| 131|0x0000000089d00000, 0x0000000089e00000, 0x0000000089e00000|100%|HC|  |TAMS 0x0000000089e00000, 0x0000000089d00000| Complete 
| 132|0x0000000089e00000, 0x0000000089f00000, 0x0000000089f00000|100%|HC|  |TAMS 0x0000000089f00000, 0x0000000089e00000| Complete 
| 133|0x0000000089f00000, 0x000000008a000000, 0x000000008a000000|100%|HC|  |TAMS 0x000000008a000000, 0x0000000089f00000| Complete 
| 134|0x000000008a000000, 0x000000008a100000, 0x000000008a100000|100%|HC|  |TAMS 0x000000008a100000, 0x000000008a000000| Complete 
| 135|0x000000008a100000, 0x000000008a200000, 0x000000008a200000|100%|HC|  |TAMS 0x000000008a200000, 0x000000008a100000| Complete 
| 136|0x000000008a200000, 0x000000008a300000, 0x000000008a300000|100%| E|CS|TAMS 0x000000008a200000, 0x000000008a200000| Complete 
| 137|0x000000008a300000, 0x000000008a400000, 0x000000008a400000|100%| E|CS|TAMS 0x000000008a300000, 0x000000008a300000| Complete 
| 138|0x000000008a400000, 0x000000008a500000, 0x000000008a500000|100%| E|CS|TAMS 0x000000008a400000, 0x000000008a400000| Complete 
| 139|0x000000008a500000, 0x000000008a600000, 0x000000008a600000|100%| E|CS|TAMS 0x000000008a500000, 0x000000008a500000| Complete 
| 140|0x000000008a600000, 0x000000008a700000, 0x000000008a700000|100%| E|CS|TAMS 0x000000008a600000, 0x000000008a600000| Complete 
| 144|0x000000008aa00000, 0x000000008ab00000, 0x000000008ab00000|100%| E|CS|TAMS 0x000000008aa00000, 0x000000008aa00000| Complete 
|2020|0x00000000ffe00000, 0x00000000fff00000, 0x00000000fff00000|100%| O|  |TAMS 0x00000000ffe00000, 0x00000000ffe00000| Untracked 
|2021|0x00000000fff00000, 0x0000000100000000, 0x0000000100000000|100%| O|  |TAMS 0x00000000fff00000, 0x00000000fff00000| Untracked 

Card table byte_map: [0x000002d4c94d0000,0x000002d4c98d0000] _byte_map_base: 0x000002d4c90c3000

Marking Bits (Prev, Next): (CMBitMap*) 0x000002d4afb13f38, (CMBitMap*) 0x000002d4afb13f78
 Prev Bits: [0x000002d4c9cd0000, 0x000002d4cbc68000)
 Next Bits: [0x000002d4cbc70000, 0x000002d4cdc08000)

Polling page: 0x000002d4af8c0000

Metaspace:

Usage:
  Non-class:      6.04 MB capacity,     5.88 MB ( 97%) used,   151.96 KB (  2%) free+waste,    11.44 KB ( <1%) overhead. 
      Class:    662.00 KB capacity,   590.64 KB ( 89%) used,    65.92 KB ( 10%) free+waste,     5.44 KB ( <1%) overhead. 
       Both:      6.69 MB capacity,     6.46 MB ( 97%) used,   217.88 KB (  3%) free+waste,    16.88 KB ( <1%) overhead. 

Virtual space:
  Non-class space:        8.00 MB reserved,       6.25 MB ( 78%) committed 
      Class space:        1.00 GB reserved,     768.00 KB ( <1%) committed 
             Both:        1.01 GB reserved,       7.00 MB ( <1%) committed 

Chunk freelists:
   Non-Class:  19.00 KB
       Class:  0 bytes
        Both:  19.00 KB

MaxMetaspaceSize: 17179869184.00 GB
CompressedClassSpaceSize: 1.00 GB

CodeHeap 'non-profiled nmethods': size=120000Kb used=1410Kb max_used=1673Kb free=118589Kb
 bounds [0x000002d4c1570000, 0x000002d4c17e0000, 0x000002d4c8aa0000]
CodeHeap 'profiled nmethods': size=120000Kb used=2979Kb max_used=4652Kb free=117020Kb
 bounds [0x000002d4ba040000, 0x000002d4ba4d0000, 0x000002d4c1570000]
CodeHeap 'non-nmethods': size=5760Kb used=1286Kb max_used=1423Kb free=4473Kb
 bounds [0x000002d4b9aa0000, 0x000002d4b9d10000, 0x000002d4ba040000]
 total_blobs=1872 nmethods=1407 adapters=378
 compilation: enabled
              stopped_count=0, restarted_count=0
 full_count=0

Compilation events (20 events):
Event: 8.627 Thread 0x000002d4d2157800 nmethod 1888 0x000002d4c15ff490 code [0x000002d4c15ff640, 0x000002d4c15ff798]
Event: 8.672 Thread 0x000002d4d2157800 1889       4       java.util.regex.Pattern$LineEnding::study (29 bytes)
Event: 8.672 Thread 0x000002d4d024a000 1890       3       com.RINEX_parser.models.ObservationMsg::set_RxTime (106 bytes)
Event: 8.673 Thread 0x000002d4d024a000 nmethod 1890 0x000002d4ba040010 code [0x000002d4ba040280, 0x000002d4ba040a78]
Event: 8.673 Thread 0x000002d4d2157800 nmethod 1889 0x000002d4c1641410 code [0x000002d4c16415a0, 0x000002d4c16416b8]
Event: 8.673 Thread 0x000002d4d2157800 1891       4       sun.util.calendar.Gregorian$Date::getNormalizedYear (5 bytes)
Event: 8.674 Thread 0x000002d4d2157800 nmethod 1891 0x000002d4c1580990 code [0x000002d4c1580b00, 0x000002d4c1580b78]
Event: 8.677 Thread 0x000002d4d2157800 1892       4       sun.util.calendar.BaseCalendar::getCalendarDateFromFixedDate (305 bytes)
Event: 8.687 Thread 0x000002d4d2157800 nmethod 1892 0x000002d4c1681310 code [0x000002d4c1681560, 0x000002d4c1681e18]
Event: 8.690 Thread 0x000002d4d2157800 1893       4       java.util.GregorianCalendar::computeFields (1585 bytes)
Event: 8.727 Thread 0x000002d4d2157800 nmethod 1893 0x000002d4c15ac290 code [0x000002d4c15ac680, 0x000002d4c15ae1f8]
Event: 8.737 Thread 0x000002d4d2157800 1894       4       java.util.Locale::hashCode (41 bytes)
Event: 8.738 Thread 0x000002d4d2157800 nmethod 1894 0x000002d4c15fc890 code [0x000002d4c15fca20, 0x000002d4c15fcab8]
Event: 8.759 Thread 0x000002d4d2157800 1895       4       java.util.regex.Pattern$Curly::study (153 bytes)
Event: 8.764 Thread 0x000002d4d2157800 nmethod 1895 0x000002d4c15f9490 code [0x000002d4c15f96c0, 0x000002d4c15f9d58]
Event: 8.765 Thread 0x000002d4d2157800 1896       4       java.util.Calendar::set (43 bytes)
Event: 8.766 Thread 0x000002d4d2157800 nmethod 1896 0x000002d4c15e8a90 code [0x000002d4c15e8c60, 0x000002d4c15e8dd0]
Event: 8.766 Thread 0x000002d4d2157800 1897       4       java.util.GregorianCalendar::getFixedDate (510 bytes)
Event: 8.772 Thread 0x000002d4d2157800 nmethod 1897 0x000002d4c15a7f90 code [0x000002d4c15a8220, 0x000002d4c15a89b8]
Event: 10.399 Thread 0x000002d4d0217000 nmethod 1872% 0x000002d4c1712410 code [0x000002d4c1713ae0, 0x000002d4c1734590]

GC Heap History (20 events):
Event: 7.285 GC heap before
{Heap before GC invocations=38 (full 0):
 garbage-first heap   total 107520K, used 34513K [0x0000000081a00000, 0x0000000100000000)
  region size 1024K, 2 young (2048K), 1 survivors (1024K)
 Metaspace       used 6466K, capacity 6722K, committed 6912K, reserved 1056768K
  class space    used 586K, capacity 662K, committed 768K, reserved 1048576K
}
Event: 7.286 GC heap after
{Heap after GC invocations=39 (full 0):
 garbage-first heap   total 107520K, used 23734K [0x0000000081a00000, 0x0000000100000000)
  region size 1024K, 1 young (1024K), 1 survivors (1024K)
 Metaspace       used 6466K, capacity 6722K, committed 6912K, reserved 1056768K
  class space    used 586K, capacity 662K, committed 768K, reserved 1048576K
}
Event: 7.373 GC heap before
{Heap before GC invocations=40 (full 0):
 garbage-first heap   total 107520K, used 48310K [0x0000000081a00000, 0x0000000100000000)
  region size 1024K, 2 young (2048K), 1 survivors (1024K)
 Metaspace       used 6466K, capacity 6722K, committed 6912K, reserved 1056768K
  class space    used 586K, capacity 662K, committed 768K, reserved 1048576K
}
Event: 7.374 GC heap after
{Heap after GC invocations=41 (full 0):
 garbage-first heap   total 107520K, used 29514K [0x0000000081a00000, 0x0000000100000000)
  region size 1024K, 1 young (1024K), 1 survivors (1024K)
 Metaspace       used 6466K, capacity 6722K, committed 6912K, reserved 1056768K
  class space    used 586K, capacity 662K, committed 768K, reserved 1048576K
}
Event: 7.503 GC heap before
{Heap before GC invocations=42 (full 0):
 garbage-first heap   total 141312K, used 80714K [0x0000000081a00000, 0x0000000100000000)
  region size 1024K, 2 young (2048K), 1 survivors (1024K)
 Metaspace       used 6466K, capacity 6722K, committed 6912K, reserved 1056768K
  class space    used 586K, capacity 662K, committed 768K, reserved 1048576K
}
Event: 7.504 GC heap after
{Heap after GC invocations=43 (full 0):
 garbage-first heap   total 141312K, used 45797K [0x0000000081a00000, 0x0000000100000000)
  region size 1024K, 1 young (1024K), 1 survivors (1024K)
 Metaspace       used 6466K, capacity 6722K, committed 6912K, reserved 1056768K
  class space    used 586K, capacity 662K, committed 768K, reserved 1048576K
}
Event: 7.659 GC heap before
{Heap before GC invocations=44 (full 0):
 garbage-first heap   total 141312K, used 58085K [0x0000000081a00000, 0x0000000100000000)
  region size 1024K, 2 young (2048K), 1 survivors (1024K)
 Metaspace       used 6466K, capacity 6722K, committed 6912K, reserved 1056768K
  class space    used 586K, capacity 662K, committed 768K, reserved 1048576K
}
Event: 7.659 GC heap after
{Heap after GC invocations=45 (full 0):
 garbage-first heap   total 141312K, used 45782K [0x0000000081a00000, 0x0000000100000000)
  region size 1024K, 1 young (1024K), 1 survivors (1024K)
 Metaspace       used 6466K, capacity 6722K, committed 6912K, reserved 1056768K
  class space    used 586K, capacity 662K, committed 768K, reserved 1048576K
}
Event: 7.963 GC heap before
{Heap before GC invocations=46 (full 0):
 garbage-first heap   total 141312K, used 134870K [0x0000000081a00000, 0x0000000100000000)
  region size 1024K, 66 young (67584K), 1 survivors (1024K)
 Metaspace       used 6528K, capacity 6787K, committed 6912K, reserved 1056768K
  class space    used 589K, capacity 662K, committed 768K, reserved 1048576K
}
Event: 7.969 GC heap after
{Heap after GC invocations=47 (full 0):
 garbage-first heap   total 147456K, used 56739K [0x0000000081a00000, 0x0000000100000000)
  region size 1024K, 9 young (9216K), 9 survivors (9216K)
 Metaspace       used 6528K, capacity 6787K, committed 6912K, reserved 1056768K
  class space    used 589K, capacity 662K, committed 768K, reserved 1048576K
}
Event: 8.243 GC heap before
{Heap before GC invocations=47 (full 0):
 garbage-first heap   total 147456K, used 117155K [0x0000000081a00000, 0x0000000100000000)
  region size 1024K, 68 young (69632K), 9 survivors (9216K)
 Metaspace       used 6556K, capacity 6787K, committed 6912K, reserved 1056768K
  class space    used 589K, capacity 662K, committed 768K, reserved 1048576K
}
Event: 8.245 GC heap after
{Heap after GC invocations=48 (full 0):
 garbage-first heap   total 147456K, used 57090K [0x0000000081a00000, 0x0000000100000000)
  region size 1024K, 1 young (1024K), 1 survivors (1024K)
 Metaspace       used 6556K, capacity 6787K, committed 6912K, reserved 1056768K
  class space    used 589K, capacity 662K, committed 768K, reserved 1048576K
}
Event: 8.398 GC heap before
{Heap before GC invocations=48 (full 0):
 garbage-first heap   total 147456K, used 118530K [0x0000000081a00000, 0x0000000100000000)
  region size 1024K, 61 young (62464K), 1 survivors (1024K)
 Metaspace       used 6556K, capacity 6787K, committed 6912K, reserved 1056768K
  class space    used 589K, capacity 662K, committed 768K, reserved 1048576K
}
Event: 8.400 GC heap after
{Heap after GC invocations=49 (full 0):
 garbage-first heap   total 147456K, used 57427K [0x0000000081a00000, 0x0000000100000000)
  region size 1024K, 1 young (1024K), 1 survivors (1024K)
 Metaspace       used 6556K, capacity 6787K, committed 6912K, reserved 1056768K
  class space    used 589K, capacity 662K, committed 768K, reserved 1048576K
}
Event: 8.532 GC heap before
{Heap before GC invocations=49 (full 0):
 garbage-first heap   total 147456K, used 119891K [0x0000000081a00000, 0x0000000100000000)
  region size 1024K, 62 young (63488K), 1 survivors (1024K)
 Metaspace       used 6556K, capacity 6787K, committed 6912K, reserved 1056768K
  class space    used 589K, capacity 662K, committed 768K, reserved 1048576K
}
Event: 8.534 GC heap after
{Heap after GC invocations=50 (full 0):
 garbage-first heap   total 147456K, used 57746K [0x0000000081a00000, 0x0000000100000000)
  region size 1024K, 1 young (1024K), 1 survivors (1024K)
 Metaspace       used 6556K, capacity 6787K, committed 6912K, reserved 1056768K
  class space    used 589K, capacity 662K, committed 768K, reserved 1048576K
}
Event: 8.669 GC heap before
{Heap before GC invocations=50 (full 0):
 garbage-first heap   total 147456K, used 121234K [0x0000000081a00000, 0x0000000100000000)
  region size 1024K, 63 young (64512K), 1 survivors (1024K)
 Metaspace       used 6556K, capacity 6787K, committed 6912K, reserved 1056768K
  class space    used 589K, capacity 662K, committed 768K, reserved 1048576K
}
Event: 8.670 GC heap after
{Heap after GC invocations=51 (full 0):
 garbage-first heap   total 147456K, used 58163K [0x0000000081a00000, 0x0000000100000000)
  region size 1024K, 2 young (2048K), 2 survivors (2048K)
 Metaspace       used 6556K, capacity 6787K, committed 6912K, reserved 1056768K
  class space    used 589K, capacity 662K, committed 768K, reserved 1048576K
}
Event: 8.790 GC heap before
{Heap before GC invocations=51 (full 0):
 garbage-first heap   total 147456K, used 122675K [0x0000000081a00000, 0x0000000100000000)
  region size 1024K, 65 young (66560K), 2 survivors (2048K)
 Metaspace       used 6556K, capacity 6787K, committed 6912K, reserved 1056768K
  class space    used 589K, capacity 662K, committed 768K, reserved 1048576K
}
Event: 8.792 GC heap after
{Heap after GC invocations=52 (full 0):
 garbage-first heap   total 147456K, used 58569K [0x0000000081a00000, 0x0000000100000000)
  region size 1024K, 2 young (2048K), 2 survivors (2048K)
 Metaspace       used 6556K, capacity 6787K, committed 6912K, reserved 1056768K
  class space    used 589K, capacity 662K, committed 768K, reserved 1048576K
}

Deoptimization events (20 events):
Event: 8.771 Thread 0x000002d4afad5800 DEOPT PACKING pc=0x000002d4ba48c70d sp=0x000000f1a66fe850
Event: 8.771 Thread 0x000002d4afad5800 DEOPT UNPACKING pc=0x000002d4b9ae964e sp=0x000000f1a66fe2a8 mode 0
Event: 8.785 Thread 0x000002d4afad5800 DEOPT PACKING pc=0x000002d4ba4b66e2 sp=0x000000f1a66fe910
Event: 8.785 Thread 0x000002d4afad5800 DEOPT UNPACKING pc=0x000002d4b9ae964e sp=0x000000f1a66fe2a8 mode 0
Event: 8.802 Thread 0x000002d4afad5800 DEOPT PACKING pc=0x000002d4ba48c70d sp=0x000000f1a66fe850
Event: 8.802 Thread 0x000002d4afad5800 DEOPT UNPACKING pc=0x000002d4b9ae964e sp=0x000000f1a66fe2a8 mode 0
Event: 8.814 Thread 0x000002d4afad5800 DEOPT PACKING pc=0x000002d4ba48c70d sp=0x000000f1a66fe850
Event: 8.814 Thread 0x000002d4afad5800 DEOPT UNPACKING pc=0x000002d4b9ae964e sp=0x000000f1a66fe2a8 mode 0
Event: 8.827 Thread 0x000002d4afad5800 DEOPT PACKING pc=0x000002d4ba4b66e2 sp=0x000000f1a66fe910
Event: 8.827 Thread 0x000002d4afad5800 DEOPT UNPACKING pc=0x000002d4b9ae964e sp=0x000000f1a66fe2a8 mode 0
Event: 8.842 Thread 0x000002d4afad5800 DEOPT PACKING pc=0x000002d4ba48c70d sp=0x000000f1a66fe850
Event: 8.842 Thread 0x000002d4afad5800 DEOPT UNPACKING pc=0x000002d4b9ae964e sp=0x000000f1a66fe2a8 mode 0
Event: 8.858 Thread 0x000002d4afad5800 DEOPT PACKING pc=0x000002d4ba48c70d sp=0x000000f1a66fe850
Event: 8.858 Thread 0x000002d4afad5800 DEOPT UNPACKING pc=0x000002d4b9ae964e sp=0x000000f1a66fe2a8 mode 0
Event: 8.872 Thread 0x000002d4afad5800 DEOPT PACKING pc=0x000002d4ba48c70d sp=0x000000f1a66fe850
Event: 8.872 Thread 0x000002d4afad5800 DEOPT UNPACKING pc=0x000002d4b9ae964e sp=0x000000f1a66fe2a8 mode 0
Event: 8.887 Thread 0x000002d4afad5800 Uncommon trap: trap_request=0xffffff45 fr.pc=0x000002d4c16817b4 relative=0x0000000000000254
Event: 8.887 Thread 0x000002d4afad5800 Uncommon trap: reason=unstable_if action=reinterpret pc=0x000002d4c16817b4 method=sun.util.calendar.BaseCalendar.getCalendarDateFromFixedDate(Lsun/util/calendar/CalendarDate;J)V @ 74 c2
Event: 8.887 Thread 0x000002d4afad5800 DEOPT PACKING pc=0x000002d4c16817b4 sp=0x000000f1a66fec20
Event: 8.887 Thread 0x000002d4afad5800 DEOPT UNPACKING pc=0x000002d4b9ae912f sp=0x000000f1a66feb78 mode 2

Classes unloaded (0 events):
No events

Classes redefined (1 events):
Event: 97.568 Thread 0x000002d4d01f2000 redefined class name=com.RINEX_parser.MainApp, count=1

Internal exceptions (7 events):
Event: 0.548 Thread 0x000002d4afad5800 Exception <a 'java/lang/NoSuchMethodError'{0x0000000088e546e0}: 'int java.lang.invoke.DirectMethodHandle$Holder.invokeVirtual(java.lang.Object, java.lang.Object, java.lang.Object)'> (0x0000000088e546e0) 
thrown [./open/src/hotspot/share/interpreter/linkResolver.cpp, line 766]
Event: 5.247 Thread 0x000002d4afad5800 Implicit null exception at 0x000002d4c15decfe to 0x000002d4c15e0df4
Event: 5.345 Thread 0x000002d4afad5800 Exception <a 'java/lang/NoSuchMethodError'{0x0000000088c40cd0}: 'int java.lang.invoke.DirectMethodHandle$Holder.invokeSpecialIFC(java.lang.Object, java.lang.Object, int)'> (0x0000000088c40cd0) 
thrown [./open/src/hotspot/share/interpreter/linkResolver.cpp, line 766]
Event: 5.390 Thread 0x000002d4afad5800 Exception <a 'java/lang/NoSuchMethodError'{0x0000000088b2d520}: 'java.lang.Object java.lang.invoke.Invokers$Holder.invokeExact_MT(java.lang.Object, java.lang.Object, java.lang.Object, java.lang.Object, java.lang.Object, java.lang.Object)'> (0x0000000088b2d520) 
thrown [./open/src/hotspot/share/interpreter/linkResolver.cpp, line 766]
Event: 5.944 Thread 0x000002d4afad5800 Exception <a 'java/lang/NoSuchMethodError'{0x000000008963adf0}: 'java.lang.Object java.lang.invoke.DirectMethodHandle$Holder.invokeStatic(java.lang.Object, java.lang.Object, java.lang.Object, int)'> (0x000000008963adf0) 
thrown [./open/src/hotspot/share/interpreter/linkResolver.cpp, line 766]
Event: 5.945 Thread 0x000002d4afad5800 Exception <a 'java/lang/NoSuchMethodError'{0x0000000089640cf8}: 'java.lang.Object java.lang.invoke.Invokers$Holder.linkToTargetMethod(java.lang.Object, java.lang.Object, int, java.lang.Object)'> (0x0000000089640cf8) 
thrown [./open/src/hotspot/share/interpreter/linkResolver.cpp, line 766]
Event: 6.269 Thread 0x000002d4afad5800 Exception <a 'java/lang/NoSuchMethodError'{0x0000000085efb4f0}: 'double java.lang.invoke.DirectMethodHandle$Holder.invokeStatic(java.lang.Object, java.lang.Object)'> (0x0000000085efb4f0) 
thrown [./open/src/hotspot/share/interpreter/linkResolver.cpp, line 766]

Events (20 events):
Event: 97.612 Executing VM operation: GetOwnedMonitorInfo
Event: 97.612 Executing VM operation: GetOwnedMonitorInfo done
Event: 97.612 Executing VM operation: GetFrameCount
Event: 97.612 Executing VM operation: GetFrameCount done
Event: 97.612 Executing VM operation: GetStackTrace
Event: 97.612 Executing VM operation: GetStackTrace done
Event: 97.612 Executing VM operation: GetFrameCount
Event: 97.612 Executing VM operation: GetFrameCount done
Event: 97.613 Executing VM operation: GetOwnedMonitorInfo
Event: 97.613 Executing VM operation: GetOwnedMonitorInfo done
Event: 97.613 Executing VM operation: GetCurrentContendedMonitor
Event: 97.613 Executing VM operation: GetCurrentContendedMonitor done
Event: 97.613 Executing VM operation: GetOwnedMonitorInfo
Event: 97.613 Executing VM operation: GetOwnedMonitorInfo done
Event: 97.613 Executing VM operation: GetCurrentContendedMonitor
Event: 97.613 Executing VM operation: GetCurrentContendedMonitor done
Event: 97.614 Executing VM operation: GetCurrentContendedMonitor
Event: 97.614 Executing VM operation: GetCurrentContendedMonitor done
Event: 97.614 Executing VM operation: GetOwnedMonitorInfo
Event: 97.614 Executing VM operation: GetOwnedMonitorInfo done


Dynamic libraries:
0x00007ff737090000 - 0x00007ff73709f000 	C:\Program Files\Java\jdk-14.0.2\bin\javaw.exe
0x00007ffc5a360000 - 0x00007ffc5a550000 	C:\Windows\SYSTEM32\ntdll.dll
0x00007ffc598a0000 - 0x00007ffc59952000 	C:\Windows\System32\KERNEL32.DLL
0x00007ffc57bf0000 - 0x00007ffc57e92000 	C:\Windows\System32\KERNELBASE.dll
0x00007ffc572f0000 - 0x00007ffc573ea000 	C:\Windows\System32\ucrtbase.dll
0x00007ffc4be30000 - 0x00007ffc4be45000 	C:\Program Files\Java\jdk-14.0.2\bin\VCRUNTIME140.dll
0x00007ffc4be50000 - 0x00007ffc4be68000 	C:\Program Files\Java\jdk-14.0.2\bin\jli.dll
0x00007ffc597e0000 - 0x00007ffc59883000 	C:\Windows\System32\ADVAPI32.dll
0x00007ffc59bc0000 - 0x00007ffc59c5e000 	C:\Windows\System32\msvcrt.dll
0x00007ffc5a150000 - 0x00007ffc5a1e7000 	C:\Windows\System32\sechost.dll
0x00007ffc58d00000 - 0x00007ffc58e20000 	C:\Windows\System32\RPCRT4.dll
0x00007ffc58ef0000 - 0x00007ffc59083000 	C:\Windows\System32\USER32.dll
0x00007ffc57ea0000 - 0x00007ffc57ec1000 	C:\Windows\System32\win32u.dll
0x00007ffc593a0000 - 0x00007ffc593c6000 	C:\Windows\System32\GDI32.dll
0x00007ffc58160000 - 0x00007ffc582f4000 	C:\Windows\System32\gdi32full.dll
0x00007ffc58380000 - 0x00007ffc5841e000 	C:\Windows\System32\msvcp_win.dll
0x00007ffc4cb10000 - 0x00007ffc4cb1a000 	C:\Windows\SYSTEM32\VERSION.dll
0x00007ffc4aaf0000 - 0x00007ffc4ad75000 	C:\Windows\WinSxS\amd64_microsoft.windows.common-controls_6595b64144ccf1df_6.0.18362.30_none_a1435978519dce7f\COMCTL32.dll
0x00007ffc594a0000 - 0x00007ffc597d6000 	C:\Windows\System32\combase.dll
0x00007ffc57ed0000 - 0x00007ffc57f51000 	C:\Windows\System32\bcryptPrimitives.dll
0x00007ffc585e0000 - 0x00007ffc5860e000 	C:\Windows\System32\IMM32.DLL
0x00007ffc2e330000 - 0x00007ffc2e3cb000 	C:\Program Files\Java\jdk-14.0.2\bin\msvcp140.dll
0x00007ffc10bd0000 - 0x00007ffc116ee000 	C:\Program Files\Java\jdk-14.0.2\bin\server\jvm.dll
0x00007ffc58cf0000 - 0x00007ffc58cf8000 	C:\Windows\System32\PSAPI.DLL
0x00007ffc54b70000 - 0x00007ffc54b94000 	C:\Windows\SYSTEM32\WINMM.dll
0x00007ffc45c70000 - 0x00007ffc45c79000 	C:\Windows\SYSTEM32\WSOCK32.dll
0x00007ffc54710000 - 0x00007ffc5473d000 	C:\Windows\SYSTEM32\WINMMBASE.dll
0x00007ffc59970000 - 0x00007ffc599df000 	C:\Windows\System32\WS2_32.dll
0x00007ffc57ba0000 - 0x00007ffc57bea000 	C:\Windows\System32\cfgmgr32.dll
0x00007ffc572b0000 - 0x00007ffc572c1000 	C:\Windows\System32\kernel.appcore.dll
0x00007ffc4e220000 - 0x00007ffc4e22a000 	C:\Program Files\Java\jdk-14.0.2\bin\jimage.dll
0x00007ffc55b60000 - 0x00007ffc55d54000 	C:\Windows\SYSTEM32\DBGHELP.DLL
0x00007ffc450b0000 - 0x00007ffc450da000 	C:\Windows\SYSTEM32\dbgcore.DLL
0x00007ffc41a90000 - 0x00007ffc41ac8000 	C:\Program Files\Java\jdk-14.0.2\bin\jdwp.dll
0x00007ffc3b4b0000 - 0x00007ffc3b4d5000 	C:\Program Files\Java\jdk-14.0.2\bin\java.dll
0x00007ffc54930000 - 0x00007ffc5493e000 	C:\Program Files\Java\jdk-14.0.2\bin\instrument.dll
0x00007ffc46300000 - 0x00007ffc46316000 	C:\Program Files\Java\jdk-14.0.2\bin\zip.dll
0x00007ffc58610000 - 0x00007ffc58cf0000 	C:\Windows\System32\SHELL32.dll
0x00007ffc5a270000 - 0x00007ffc5a319000 	C:\Windows\System32\shcore.dll
0x00007ffc57420000 - 0x00007ffc57b9b000 	C:\Windows\System32\windows.storage.dll
0x00007ffc57240000 - 0x00007ffc5725f000 	C:\Windows\System32\profapi.dll
0x00007ffc57260000 - 0x00007ffc572aa000 	C:\Windows\System32\powrprof.dll
0x00007ffc57230000 - 0x00007ffc57240000 	C:\Windows\System32\UMPDC.dll
0x00007ffc59af0000 - 0x00007ffc59b42000 	C:\Windows\System32\shlwapi.dll
0x00007ffc58360000 - 0x00007ffc58377000 	C:\Windows\System32\cryptsp.dll
0x00007ffc4d8d0000 - 0x00007ffc4d8db000 	C:\Program Files\Java\jdk-14.0.2\bin\dt_socket.dll
0x00007ffc56800000 - 0x00007ffc5683a000 	C:\Windows\SYSTEM32\IPHLPAPI.DLL
0x00007ffc56aa0000 - 0x00007ffc56b07000 	C:\Windows\system32\mswsock.dll
0x00007ffc56840000 - 0x00007ffc5690a000 	C:\Windows\SYSTEM32\DNSAPI.dll
0x00007ffc59890000 - 0x00007ffc59898000 	C:\Windows\System32\NSI.dll
0x0000000056020000 - 0x0000000056046000 	C:\Program Files\Bonjour\mdnsNSP.dll
0x00007ffc4b470000 - 0x00007ffc4b47a000 	C:\Windows\System32\rasadhlp.dll
0x00007ffc4cb90000 - 0x00007ffc4cc07000 	C:\Windows\System32\fwpuclnt.dll
0x00007ffc573f0000 - 0x00007ffc57416000 	C:\Windows\System32\bcrypt.dll
0x00007ffc3a8b0000 - 0x00007ffc3a8c9000 	C:\Program Files\Java\jdk-14.0.2\bin\net.dll
0x00007ffc4c400000 - 0x00007ffc4c4ef000 	C:\Windows\SYSTEM32\WINHTTP.dll
0x00007ffc3a890000 - 0x00007ffc3a8a2000 	C:\Program Files\Java\jdk-14.0.2\bin\nio.dll
0x00007ffc4bc20000 - 0x00007ffc4bc30000 	C:\Program Files\Java\jdk-14.0.2\bin\verify.dll

dbghelp: loaded successfully - version: 4.0.5 - missing functions: none
symbol engine: initialized successfully - sym options: 0x614 - pdb path: .;C:\Program Files\Java\jdk-14.0.2\bin;C:\Windows\SYSTEM32;C:\Windows\WinSxS\amd64_microsoft.windows.common-controls_6595b64144ccf1df_6.0.18362.30_none_a1435978519dce7f;C:\Program Files\Java\jdk-14.0.2\bin\server;C:\Program Files\Bonjour

VM Arguments:
jvm_args: -agentlib:jdwp=transport=dt_socket,suspend=y,address=localhost:51272 -javaagent:E:\Softwares\eclipse-IDE\eclipse\configuration\org.eclipse.osgi\222\0\.cp\lib\javaagent-shaded.jar -Dfile.encoding=UTF-8 
java_command: com.RINEX_parser.MainApp
java_class_path (initial): E:\projects\eclipse_projects\rinex_parse\target\classes;C:\Users\Naman\.m2\repository\org\ejml\ejml-simple\0.39\ejml-simple-0.39.jar;C:\Users\Naman\.m2\repository\com\google\code\findbugs\jsr305\3.0.2\jsr305-3.0.2.jar;C:\Users\Naman\.m2\repository\org\ejml\ejml-core\0.39\ejml-core-0.39.jar;C:\Users\Naman\.m2\repository\org\ejml\ejml-fdense\0.39\ejml-fdense-0.39.jar;C:\Users\Naman\.m2\repository\org\ejml\ejml-ddense\0.39\ejml-ddense-0.39.jar;C:\Users\Naman\.m2\repository\org\ejml\ejml-cdense\0.39\ejml-cdense-0.39.jar;C:\Users\Naman\.m2\repository\org\ejml\ejml-zdense\0.39\ejml-zdense-0.39.jar;C:\Users\Naman\.m2\repository\org\ejml\ejml-dsparse\0.39\ejml-dsparse-0.39.jar;C:\Users\Naman\.m2\repository\org\ejml\ejml-fsparse\0.39\ejml-fsparse-0.39.jar;C:\Users\Naman\.m2\repository\org\jfree\jfreechart\1.5.1\jfreechart-1.5.1.jar;C:\Users\Naman\.m2\repository\jfree\jcommon\1.0.16\jcommon-1.0.16.jar;C:\Users\Naman\.m2\repository\org\orekit\orekit\10.3\orekit-10.3.jar;C:\Users\Naman\.m2\repository\org\hipparchus\hipparchus-core\1.8\hipparchus-core-1.8.jar;C:\Users\Naman\.m2\repository\org\hipparchus\hipparchus-geometry\1.8\hipparchus-geometry-1.8.jar;C:\Users\Naman\.m2\repository\org\hipparchus\hipparchus-ode\1.8\hipparchus-ode-1.8.jar;C:\Users\Naman\.m2\repository\org\hipparchus\hipparchus-fitting\1.8\hipparchus-fitting-1.8.jar;C:\Users\Naman\.m2\repository\org\hipparchus\hipparchus-optim\1.8\hipparchus-optim-1.8.jar;C:\Users\Naman\.m2\repository\org\hipparchus\hipparchus-filtering\1.8\hipparchus-filtering-1.8.jar;C:\Users\Naman\.m2\repository\org\hipparchus\hipparchus-stat\1.8\hipparchus-stat-1.8.jar
Launcher Type: SUN_STANDARD

[Global flags]
     intx CICompilerCount                          = 3                                         {product} {ergonomic}
     uint ConcGCThreads                            = 1                                         {product} {ergonomic}
     uint G1ConcRefinementThreads                  = 4                                         {product} {ergonomic}
   size_t G1HeapRegionSize                         = 1048576                                   {product} {ergonomic}
    uintx GCDrainStackTargetSize                   = 64                                        {product} {ergonomic}
   size_t InitialHeapSize                          = 134217728                                 {product} {ergonomic}
   size_t MarkStackSize                            = 4194304                                   {product} {ergonomic}
   size_t MaxHeapSize                              = 2120220672                                {product} {ergonomic}
   size_t MaxNewSize                               = 1271922688                                {product} {ergonomic}
   size_t MinHeapDeltaBytes                        = 1048576                                   {product} {ergonomic}
   size_t MinHeapSize                              = 8388608                                   {product} {ergonomic}
    uintx NonNMethodCodeHeapSize                   = 5832780                                {pd product} {ergonomic}
    uintx NonProfiledCodeHeapSize                  = 122912730                              {pd product} {ergonomic}
    uintx ProfiledCodeHeapSize                     = 122912730                              {pd product} {ergonomic}
    uintx ReservedCodeCacheSize                    = 251658240                              {pd product} {ergonomic}
     bool SegmentedCodeCache                       = true                                      {product} {ergonomic}
   size_t SoftMaxHeapSize                          = 2120220672                             {manageable} {ergonomic}
     bool UseCompressedClassPointers               = true                                 {lp64_product} {ergonomic}
     bool UseCompressedOops                        = true                                 {lp64_product} {ergonomic}
     bool UseG1GC                                  = true                                      {product} {ergonomic}
     bool UseLargePagesIndividualAllocation        = false                                  {pd product} {ergonomic}

Logging:
Log output configuration:
 #0: stdout all=warning uptime,level,tags
 #1: stderr all=off uptime,level,tags

Environment Variables:
JAVA_HOME=C:\Program Files\Java\jdk-14.0.2
PATH=C:/Program Files/Java/jdk-14.0.2/bin/server;C:/Program Files/Java/jdk-14.0.2/bin;C:\Program Files\Java\jdk-14.0.2\bin;C:\Windows\system32;C:\Windows;C:\Windows\System32\Wbem;C:\Windows\System32\WindowsPowerShell\v1.0\;C:\Windows\System32\OpenSSH\;E:\Softwares\Git\cmd;E:\Softwares\RNXCMP_4.0.8_Windows_mingw_64bit\bin;C:\Users\Naman\AppData\Local\Microsoft\WindowsApps;;C:\Users\Naman\Desktop;
USERNAME=Naman
OS=Windows_NT
PROCESSOR_IDENTIFIER=Intel64 Family 6 Model 78 Stepping 3, GenuineIntel



---------------  S Y S T E M  ---------------

OS: Windows 10 , 64 bit Build 18362 (10.0.18362.1)
OS uptime: 44 days 6:24 hours

CPU:total 4 (initial active 4) (2 cores per cpu, 2 threads per core) family 6 model 78 stepping 3, cmov, cx8, fxsr, mmx, sse, sse2, sse3, ssse3, sse4.1, sse4.2, popcnt, avx, avx2, aes, clmul, erms, 3dnowpref, lzcnt, ht, tsc, tscinvbit, bmi1, bmi2, adx, fma

Memory: 4k page, system-wide physical 8082M (2140M free)
TotalPageFile size 25056M (AvailPageFile size 12780M)
current process WorkingSet (physical memory assigned to process): 199M, peak: 294M
current process commit charge ("private bytes"): 232M, peak: 329M

vm_info: Java HotSpot(TM) 64-Bit Server VM (14.0.2+12-46) for windows-amd64 JRE (14.0.2+12-46), built on Jul  9 2020 00:35:52 by "mach5one" with MS VC++ 15.9 (VS2017)

END.
